<?xml version="1.0" encoding="UTF-8"?>
<testsuite xmlns:xsi="http://www.w3.org/2001/XMLSchema-instance" xsi:noNamespaceSchemaLocation="https://maven.apache.org/surefire/maven-surefire-plugin/xsd/surefire-test-report.xsd" version="3.0.2" name="Kafka_Project.CompleteIntegrationTest" time="9.512" tests="19" errors="0" skipped="0" failures="0">
  <properties>
[...]
</properties>
  <testcase name="testPageUnloadEvent" classname="Kafka_Project.CompleteIntegrationTest" time="0.766">
    <system-out><![CDATA[19:26:12.225 [main] INFO org.springframework.test.context.support.AnnotationConfigContextLoaderUtils -- Could not detect default configuration classes for test class [Kafka_Project.CompleteIntegrationTest]: CompleteIntegrationTest does not declare any static, non-private, non-final, nested classes annotated with @Configuration.
19:26:12.368 [main] INFO org.springframework.boot.test.context.SpringBootTestContextBootstrapper -- Found @SpringBootConfiguration Kafka_Project.KafkaProjectApplication for test class Kafka_Project.CompleteIntegrationTest

  .   ____          _            __ _ _
 /\\ / ___'_ __ _ _(_)_ __  __ _ \ \ \ \
( ( )\___ | '_ | '_| | '_ \/ _` | \ \ \ \
 \\/  ___)| |_)| | | | | || (_| |  ) ) ) )
  '  |____| .__|_| |_|_| |_\__, | / / / /
 =========|_|==============|___/=/_/_/_/

 :: Spring Boot ::                (v3.5.8)

2026-01-22T19:26:12.706+03:00  WARN 578402 --- [           main] ory$DuplicateJsonObjectContextCustomizer : 

Found multiple occurrences of org.json.JSONObject on the class path:

	jar:file:/home/salah/.m2/repository/com/vaadin/external/google/android-json/0.0.20131108.vaadin1/android-json-0.0.20131108.vaadin1.jar!/org/json/JSONObject.class
	jar:file:/home/salah/.m2/repository/org/json/json/20250107/json-20250107.jar!/org/json/JSONObject.class

You may wish to exclude one of them to ensure predictable runtime behavior

2026-01-22T19:26:12.881+03:00  INFO 578402 --- [           main] k.utils.Log4jControllerRegistration$     : Registered kafka:type=kafka.Log4jController MBean
2026-01-22T19:26:12.917+03:00  INFO 578402 --- [           main] o.a.zookeeper.server.ZooKeeperServer     : 
2026-01-22T19:26:12.917+03:00  INFO 578402 --- [           main] o.a.zookeeper.server.ZooKeeperServer     :   ______                  _                                          
2026-01-22T19:26:12.917+03:00  INFO 578402 --- [           main] o.a.zookeeper.server.ZooKeeperServer     :  |___  /                 | |                                         
2026-01-22T19:26:12.917+03:00  INFO 578402 --- [           main] o.a.zookeeper.server.ZooKeeperServer     :     / /    ___     ___   | | __   ___    ___   _ __     ___   _ __   
2026-01-22T19:26:12.918+03:00  INFO 578402 --- [           main] o.a.zookeeper.server.ZooKeeperServer     :    / /    / _ \   / _ \  | |/ /  / _ \  / _ \ | '_ \   / _ \ | '__|
2026-01-22T19:26:12.918+03:00  INFO 578402 --- [           main] o.a.zookeeper.server.ZooKeeperServer     :   / /__  | (_) | | (_) | |   <  |  __/ |  __/ | |_) | |  __/ | |    
2026-01-22T19:26:12.918+03:00  INFO 578402 --- [           main] o.a.zookeeper.server.ZooKeeperServer     :  /_____|  \___/   \___/  |_|\_\  \___|  \___| | .__/   \___| |_|
2026-01-22T19:26:12.918+03:00  INFO 578402 --- [           main] o.a.zookeeper.server.ZooKeeperServer     :                                               | |                     
2026-01-22T19:26:12.918+03:00  INFO 578402 --- [           main] o.a.zookeeper.server.ZooKeeperServer     :                                               |_|                     
2026-01-22T19:26:12.918+03:00  INFO 578402 --- [           main] o.a.zookeeper.server.ZooKeeperServer     : 
2026-01-22T19:26:12.923+03:00  INFO 578402 --- [           main] o.a.zookeeper.server.ZooKeeperServer     : Server environment:zookeeper.version=3.8.5-19f1842d4b6ee1f82cc8b05284959b26c6ae507d, built on 2025-09-03 21:35 UTC
2026-01-22T19:26:12.923+03:00  INFO 578402 --- [           main] o.a.zookeeper.server.ZooKeeperServer     : Server environment:host.name=Thomas
2026-01-22T19:26:12.923+03:00  INFO 578402 --- [           main] o.a.zookeeper.server.ZooKeeperServer     : Server environment:java.version=21.0.9
2026-01-22T19:26:12.923+03:00  INFO 578402 --- [           main] o.a.zookeeper.server.ZooKeeperServer     : Server environment:java.vendor=Ubuntu
2026-01-22T19:26:12.923+03:00  INFO 578402 --- [           main] o.a.zookeeper.server.ZooKeeperServer     : Server environment:java.home=/usr/lib/jvm/java-21-openjdk-amd64
2026-01-22T19:26:12.924+03:00  INFO 578402 --- [           main] o.a.zookeeper.server.ZooKeeperServer     : Server environment:java.class.path=/home/salah/Downloads/Real-Time-Distributed-Analytics-Dashboard-Project-main/backend/kafka-analytics-project/Kafka-Project/target/test-classes:/home/salah/Downloads/Real-Time-Distributed-Analytics-Dashboard-Project-main/backend/kafka-analytics-project/Kafka-Project/target/classes:/home/salah/.m2/repository/org/springframework/boot/spring-boot-starter-web/3.5.8/spring-boot-starter-web-3.5.8.jar:/home/salah/.m2/repository/org/springframework/boot/spring-boot-starter/3.5.8/spring-boot-starter-3.5.8.jar:/home/salah/.m2/repository/org/springframework/boot/spring-boot/3.5.8/spring-boot-3.5.8.jar:/home/salah/.m2/repository/org/springframework/boot/spring-boot-autoconfigure/3.5.8/spring-boot-autoconfigure-3.5.8.jar:/home/salah/.m2/repository/org/springframework/boot/spring-boot-starter-logging/3.5.8/spring-boot-starter-logging-3.5.8.jar:/home/salah/.m2/repository/org/apache/logging/log4j/log4j-to-slf4j/2.24.3/log4j-to-slf4j-2.24.3.jar:/home/salah/.m2/repository/org/apache/logging/log4j/log4j-api/2.24.3/log4j-api-2.24.3.jar:/home/salah/.m2/repository/org/slf4j/jul-to-slf4j/2.0.17/jul-to-slf4j-2.0.17.jar:/home/salah/.m2/repository/jakarta/annotation/jakarta.annotation-api/2.1.1/jakarta.annotation-api-2.1.1.jar:/home/salah/.m2/repository/org/yaml/snakeyaml/2.4/snakeyaml-2.4.jar:/home/salah/.m2/repository/org/springframework/boot/spring-boot-starter-json/3.5.8/spring-boot-starter-json-3.5.8.jar:/home/salah/.m2/repository/com/fasterxml/jackson/datatype/jackson-datatype-jdk8/2.19.4/jackson-datatype-jdk8-2.19.4.jar:/home/salah/.m2/repository/com/fasterxml/jackson/datatype/jackson-datatype-jsr310/2.19.4/jackson-datatype-jsr310-2.19.4.jar:/home/salah/.m2/repository/com/fasterxml/jackson/module/jackson-module-parameter-names/2.19.4/jackson-module-parameter-names-2.19.4.jar:/home/salah/.m2/repository/org/springframework/boot/spring-boot-starter-tomcat/3.5.8/spring-boot-starter-tomcat-3.5.8.jar:/home/salah/.m2/repository/org/apache/tomcat/embed/tomcat-embed-core/10.1.49/tomcat-embed-core-10.1.49.jar:/home/salah/.m2/repository/org/apache/tomcat/embed/tomcat-embed-el/10.1.49/tomcat-embed-el-10.1.49.jar:/home/salah/.m2/repository/org/apache/tomcat/embed/tomcat-embed-websocket/10.1.49/tomcat-embed-websocket-10.1.49.jar:/home/salah/.m2/repository/org/springframework/spring-web/6.2.14/spring-web-6.2.14.jar:/home/salah/.m2/repository/org/springframework/spring-webmvc/6.2.14/spring-webmvc-6.2.14.jar:/home/salah/.m2/repository/org/springframework/spring-aop/6.2.14/spring-aop-6.2.14.jar:/home/salah/.m2/repository/org/springframework/spring-expression/6.2.14/spring-expression-6.2.14.jar:/home/salah/.m2/repository/org/springframework/kafka/spring-kafka/3.3.11/spring-kafka-3.3.11.jar:/home/salah/.m2/repository/org/springframework/spring-context/6.2.14/spring-context-6.2.14.jar:/home/salah/.m2/repository/org/springframework/spring-messaging/6.2.14/spring-messaging-6.2.14.jar:/home/salah/.m2/repository/org/springframework/spring-tx/6.2.14/spring-tx-6.2.14.jar:/home/salah/.m2/repository/org/springframework/retry/spring-retry/2.0.12/spring-retry-2.0.12.jar:/home/salah/.m2/repository/org/apache/kafka/kafka-clients/3.9.1/kafka-clients-3.9.1.jar:/home/salah/.m2/repository/com/github/luben/zstd-jni/1.5.6-4/zstd-jni-1.5.6-4.jar:/home/salah/.m2/repository/org/lz4/lz4-java/1.8.0/lz4-java-1.8.0.jar:/home/salah/.m2/repository/org/xerial/snappy/snappy-java/1.1.10.5/snappy-java-1.1.10.5.jar:/home/salah/.m2/repository/io/micrometer/micrometer-observation/1.15.6/micrometer-observation-1.15.6.jar:/home/salah/.m2/repository/io/micrometer/micrometer-commons/1.15.6/micrometer-commons-1.15.6.jar:/home/salah/.m2/repository/org/springframework/boot/spring-boot-starter-test/3.5.8/spring-boot-starter-test-3.5.8.jar:/home/salah/.m2/repository/org/springframework/boot/spring-boot-test/3.5.8/spring-boot-test-3.5.8.jar:/home/salah/.m2/repository/org/springframework/boot/spring-boot-test-autoconfigure/3.5.8/spring-boot-test-autoconfigure-3.5.8.jar:/home/salah/.m2/repository/com/jayway/jsonpath/json-path/2.9.0/json-path-2.9.0.jar:/home/salah/.m2/repository/jakarta/xml/bind/jakarta.xml.bind-api/4.0.4/jakarta.xml.bind-api-4.0.4.jar:/home/salah/.m2/repository/jakarta/activation/jakarta.activation-api/2.1.4/jakarta.activation-api-2.1.4.jar:/home/salah/.m2/repository/net/minidev/json-smart/2.5.2/json-smart-2.5.2.jar:/home/salah/.m2/repository/net/minidev/accessors-smart/2.5.2/accessors-smart-2.5.2.jar:/home/salah/.m2/repository/org/assertj/assertj-core/3.27.6/assertj-core-3.27.6.jar:/home/salah/.m2/repository/net/bytebuddy/byte-buddy/1.17.8/byte-buddy-1.17.8.jar:/home/salah/.m2/repository/org/hamcrest/hamcrest/3.0/hamcrest-3.0.jar:/home/salah/.m2/repository/org/junit/jupiter/junit-jupiter/5.12.2/junit-jupiter-5.12.2.jar:/home/salah/.m2/repository/org/junit/jupiter/junit-jupiter-params/5.12.2/junit-jupiter-params-5.12.2.jar:/home/salah/.m2/repository/org/junit/jupiter/junit-jupiter-engine/5.12.2/junit-jupiter-engine-5.12.2.jar:/home/salah/.m2/repository/org/mockito/mockito-core/5.17.0/mockito-core-5.17.0.jar:/home/salah/.m2/repository/net/bytebuddy/byte-buddy-agent/1.17.8/byte-buddy-agent-1.17.8.jar:/home/salah/.m2/repository/org/objenesis/objenesis/3.3/objenesis-3.3.jar:/home/salah/.m2/repository/org/mockito/mockito-junit-jupiter/5.17.0/mockito-junit-jupiter-5.17.0.jar:/home/salah/.m2/repository/org/skyscreamer/jsonassert/1.5.3/jsonassert-1.5.3.jar:/home/salah/.m2/repository/com/vaadin/external/google/android-json/0.0.20131108.vaadin1/android-json-0.0.20131108.vaadin1.jar:/home/salah/.m2/repository/org/springframework/spring-core/6.2.14/spring-core-6.2.14.jar:/home/salah/.m2/repository/org/springframework/spring-jcl/6.2.14/spring-jcl-6.2.14.jar:/home/salah/.m2/repository/org/springframework/spring-test/6.2.14/spring-test-6.2.14.jar:/home/salah/.m2/repository/org/xmlunit/xmlunit-core/2.10.4/xmlunit-core-2.10.4.jar:/home/salah/.m2/repository/org/springframework/kafka/spring-kafka-test/3.3.11/spring-kafka-test-3.3.11.jar:/home/salah/.m2/repository/org/apache/zookeeper/zookeeper/3.8.5/zookeeper-3.8.5.jar:/home/salah/.m2/repository/org/apache/zookeeper/zookeeper-jute/3.8.5/zookeeper-jute-3.8.5.jar:/home/salah/.m2/repository/org/apache/yetus/audience-annotations/0.12.0/audience-annotations-0.12.0.jar:/home/salah/.m2/repository/io/netty/netty-handler/4.1.128.Final/netty-handler-4.1.128.Final.jar:/home/salah/.m2/repository/io/netty/netty-common/4.1.128.Final/netty-common-4.1.128.Final.jar:/home/salah/.m2/repository/io/netty/netty-resolver/4.1.128.Final/netty-resolver-4.1.128.Final.jar:/home/salah/.m2/repository/io/netty/netty-buffer/4.1.128.Final/netty-buffer-4.1.128.Final.jar:/home/salah/.m2/repository/io/netty/netty-transport/4.1.128.Final/netty-transport-4.1.128.Final.jar:/home/salah/.m2/repository/io/netty/netty-transport-native-unix-common/4.1.128.Final/netty-transport-native-unix-common-4.1.128.Final.jar:/home/salah/.m2/repository/io/netty/netty-codec/4.1.128.Final/netty-codec-4.1.128.Final.jar:/home/salah/.m2/repository/io/netty/netty-transport-native-epoll/4.1.128.Final/netty-transport-native-epoll-4.1.128.Final.jar:/home/salah/.m2/repository/io/netty/netty-transport-classes-epoll/4.1.128.Final/netty-transport-classes-epoll-4.1.128.Final.jar:/home/salah/.m2/repository/org/apache/kafka/kafka-clients/3.9.1/kafka-clients-3.9.1-test.jar:/home/salah/.m2/repository/org/apache/kafka/kafka-server/3.9.1/kafka-server-3.9.1.jar:/home/salah/.m2/repository/org/apache/kafka/kafka-storage/3.9.1/kafka-storage-3.9.1.jar:/home/salah/.m2/repository/com/github/ben-manes/caffeine/caffeine/3.2.3/caffeine-3.2.3.jar:/home/salah/.m2/repository/org/jspecify/jspecify/1.0.0/jspecify-1.0.0.jar:/home/salah/.m2/repository/org/apache/kafka/kafka-group-coordinator/3.9.1/kafka-group-coordinator-3.9.1.jar:/home/salah/.m2/repository/org/apache/kafka/kafka-transaction-coordinator/3.9.1/kafka-transaction-coordinator-3.9.1.jar:/home/salah/.m2/repository/org/apache/kafka/kafka-raft/3.9.1/kafka-raft-3.9.1.jar:/home/salah/.m2/repository/com/yammer/metrics/metrics-core/2.2.0/metrics-core-2.2.0.jar:/home/salah/.m2/repository/org/apache/kafka/kafka-metadata/3.9.1/kafka-metadata-3.9.1.jar:/home/salah/.m2/repository/org/apache/kafka/kafka-server-common/3.9.1/kafka-server-common-3.9.1.jar:/home/salah/.m2/repository/net/sf/jopt-simple/jopt-simple/5.0.4/jopt-simple-5.0.4.jar:/home/salah/.m2/repository/org/pcollections/pcollections/4.0.1/pcollections-4.0.1.jar:/home/salah/.m2/repository/org/apache/kafka/kafka-server-common/3.9.1/kafka-server-common-3.9.1-test.jar:/home/salah/.m2/repository/org/apache/kafka/kafka-streams-test-utils/3.9.1/kafka-streams-test-utils-3.9.1.jar:/home/salah/.m2/repository/org/apache/kafka/kafka-streams/3.9.1/kafka-streams-3.9.1.jar:/home/salah/.m2/repository/org/rocksdb/rocksdbjni/7.9.2/rocksdbjni-7.9.2.jar:/home/salah/.m2/repository/org/apache/kafka/kafka_2.13/3.9.1/kafka_2.13-3.9.1.jar:/home/salah/.m2/repository/org/scala-lang/scala-library/2.13.15/scala-library-2.13.15.jar:/home/salah/.m2/repository/org/apache/kafka/kafka-group-coordinator-api/3.9.1/kafka-group-coordinator-api-3.9.1.jar:/home/salah/.m2/repository/org/apache/kafka/kafka-storage-api/3.9.1/kafka-storage-api-3.9.1.jar:/home/salah/.m2/repository/org/apache/kafka/kafka-tools-api/3.9.1/kafka-tools-api-3.9.1.jar:/home/salah/.m2/repository/net/sourceforge/argparse4j/argparse4j/0.7.0/argparse4j-0.7.0.jar:/home/salah/.m2/repository/commons-validator/commons-validator/1.7/commons-validator-1.7.jar:/home/salah/.m2/repository/commons-beanutils/commons-beanutils/1.9.4/commons-beanutils-1.9.4.jar:/home/salah/.m2/repository/commons-digester/commons-digester/2.1/commons-digester-2.1.jar:/home/salah/.m2/repository/commons-collections/commons-collections/3.2.2/commons-collections-3.2.2.jar:/home/salah/.m2/repository/com/fasterxml/jackson/module/jackson-module-scala_2.13/2.19.4/jackson-module-scala_2.13-2.19.4.jar:/home/salah/.m2/repository/com/thoughtworks/paranamer/paranamer/2.8.3/paranamer-2.8.3.jar:/home/salah/.m2/repository/com/fasterxml/jackson/dataformat/jackson-dataformat-csv/2.19.4/jackson-dataformat-csv-2.19.4.jar:/home/salah/.m2/repository/org/bitbucket/b_c/jose4j/0.9.4/jose4j-0.9.4.jar:/home/salah/.m2/repository/org/scala-lang/modules/scala-collection-compat_2.13/2.10.0/scala-collection-compat_2.13-2.10.0.jar:/home/salah/.m2/repository/org/scala-lang/modules/scala-java8-compat_2.13/1.0.2/scala-java8-compat_2.13-1.0.2.jar:/home/salah/.m2/repository/org/scala-lang/scala-reflect/2.13.15/scala-reflect-2.13.15.jar:/home/salah/.m2/repository/com/typesafe/scala-logging/scala-logging_2.13/3.9.5/scala-logging_2.13-3.9.5.jar:/home/salah/.m2/repository/io/dropwizard/metrics/metrics-core/4.1.12.1/metrics-core-4.1.12.1.jar:/home/salah/.m2/repository/commons-cli/commons-cli/1.4/commons-cli-1.4.jar:/home/salah/.m2/repository/org/apache/kafka/kafka_2.13/3.9.1/kafka_2.13-3.9.1-test.jar:/home/salah/.m2/repository/org/junit/jupiter/junit-jupiter-api/5.12.2/junit-jupiter-api-5.12.2.jar:/home/salah/.m2/repository/org/opentest4j/opentest4j/1.3.0/opentest4j-1.3.0.jar:/home/salah/.m2/repository/org/junit/platform/junit-platform-commons/1.12.2/junit-platform-commons-1.12.2.jar:/home/salah/.m2/repository/org/apiguardian/apiguardian-api/1.1.2/apiguardian-api-1.1.2.jar:/home/salah/.m2/repository/org/junit/platform/junit-platform-launcher/1.12.2/junit-platform-launcher-1.12.2.jar:/home/salah/.m2/repository/org/junit/platform/junit-platform-engine/1.12.2/junit-platform-engine-1.12.2.jar:/home/salah/.m2/repository/redis/clients/jedis/6.0.0/jedis-6.0.0.jar:/home/salah/.m2/repository/org/apache/commons/commons-pool2/2.12.1/commons-pool2-2.12.1.jar:/home/salah/.m2/repository/org/json/json/20250107/json-20250107.jar:/home/salah/.m2/repository/com/google/code/gson/gson/2.13.2/gson-2.13.2.jar:/home/salah/.m2/repository/com/google/errorprone/error_prone_annotations/2.41.0/error_prone_annotations-2.41.0.jar:/home/salah/.m2/repository/redis/clients/authentication/redis-authx-core/0.1.1-beta2/redis-authx-core-0.1.1-beta2.jar:/home/salah/.m2/repository/com/clickhouse/clickhouse-jdbc/0.8.1/clickhouse-jdbc-0.8.1-all.jar:/home/salah/.m2/repository/com/clickhouse/clickhouse-client/0.8.1/clickhouse-client-0.8.1.jar:/home/salah/.m2/repository/com/clickhouse/clickhouse-data/0.8.1/clickhouse-data-0.8.1.jar:/home/salah/.m2/repository/com/clickhouse/clickhouse-http-client/0.8.1/clickhouse-http-client-0.8.1.jar:/home/salah/.m2/repository/org/apache/httpcomponents/client5/httpclient5/5.5.1/httpclient5-5.5.1.jar:/home/salah/.m2/repository/org/apache/httpcomponents/core5/httpcore5-h2/5.3.6/httpcore5-h2-5.3.6.jar:/home/salah/.m2/repository/org/apache/httpcomponents/core5/httpcore5/5.3.6/httpcore5-5.3.6.jar:/home/salah/.m2/repository/org/apache/commons/commons-compress/1.27.1/commons-compress-1.27.1.jar:/home/salah/.m2/repository/commons-codec/commons-codec/1.18.0/commons-codec-1.18.0.jar:/home/salah/.m2/repository/commons-io/commons-io/2.16.1/commons-io-2.16.1.jar:/home/salah/.m2/repository/org/apache/commons/commons-lang3/3.17.0/commons-lang3-3.17.0.jar:/home/salah/.m2/repository/org/lz4/lz4-pure-java/1.8.0/lz4-pure-java-1.8.0.jar:/home/salah/.m2/repository/com/clickhouse/jdbc-v2/0.8.1/jdbc-v2-0.8.1.jar:/home/salah/.m2/repository/com/clickhouse/client-v2/0.8.1/client-v2-0.8.1.jar:/home/salah/.m2/repository/org/roaringbitmap/RoaringBitmap/0.9.47/RoaringBitmap-0.9.47.jar:/home/salah/.m2/repository/org/roaringbitmap/shims/0.9.47/shims-0.9.47.jar:/home/salah/.m2/repository/org/ow2/asm/asm/9.5/asm-9.5.jar:/home/salah/.m2/repository/com/fasterxml/jackson/core/jackson-core/2.19.4/jackson-core-2.19.4.jar:/home/salah/.m2/repository/org/springframework/spring-jdbc/6.2.14/spring-jdbc-6.2.14.jar:/home/salah/.m2/repository/org/springframework/spring-beans/6.2.14/spring-beans-6.2.14.jar:/home/salah/.m2/repository/com/fasterxml/jackson/core/jackson-databind/2.19.4/jackson-databind-2.19.4.jar:/home/salah/.m2/repository/com/fasterxml/jackson/core/jackson-annotations/2.19.4/jackson-annotations-2.19.4.jar:/home/salah/.m2/repository/org/slf4j/slf4j-api/2.0.17/slf4j-api-2.0.17.jar:/home/salah/.m2/repository/ch/qos/logback/logback-classic/1.5.21/logback-classic-1.5.21.jar:/home/salah/.m2/repository/ch/qos/logback/logback-core/1.5.21/logback-core-1.5.21.jar:/home/salah/.m2/repository/org/awaitility/awaitility/4.2.0/awaitility-4.2.0.jar:
2026-01-22T19:26:12.924+03:00  INFO 578402 --- [           main] o.a.zookeeper.server.ZooKeeperServer     : Server environment:java.library.path=/usr/java/packages/lib:/usr/lib/x86_64-linux-gnu/jni:/lib/x86_64-linux-gnu:/usr/lib/x86_64-linux-gnu:/usr/lib/jni:/lib:/usr/lib
2026-01-22T19:26:12.924+03:00  INFO 578402 --- [           main] o.a.zookeeper.server.ZooKeeperServer     : Server environment:java.io.tmpdir=/tmp
2026-01-22T19:26:12.925+03:00  INFO 578402 --- [           main] o.a.zookeeper.server.ZooKeeperServer     : Server environment:java.compiler=<NA>
2026-01-22T19:26:12.925+03:00  INFO 578402 --- [           main] o.a.zookeeper.server.ZooKeeperServer     : Server environment:os.name=Linux
2026-01-22T19:26:12.925+03:00  INFO 578402 --- [           main] o.a.zookeeper.server.ZooKeeperServer     : Server environment:os.arch=amd64
2026-01-22T19:26:12.925+03:00  INFO 578402 --- [           main] o.a.zookeeper.server.ZooKeeperServer     : Server environment:os.version=6.14.0-37-generic
2026-01-22T19:26:12.925+03:00  INFO 578402 --- [           main] o.a.zookeeper.server.ZooKeeperServer     : Server environment:user.name=salah
2026-01-22T19:26:12.925+03:00  INFO 578402 --- [           main] o.a.zookeeper.server.ZooKeeperServer     : Server environment:user.home=/home/salah
2026-01-22T19:26:12.925+03:00  INFO 578402 --- [           main] o.a.zookeeper.server.ZooKeeperServer     : Server environment:user.dir=/home/salah/Downloads/Real-Time-Distributed-Analytics-Dashboard-Project-main/backend/kafka-analytics-project/Kafka-Project
2026-01-22T19:26:12.925+03:00  INFO 578402 --- [           main] o.a.zookeeper.server.ZooKeeperServer     : Server environment:os.memory.free=26MB
2026-01-22T19:26:12.925+03:00  INFO 578402 --- [           main] o.a.zookeeper.server.ZooKeeperServer     : Server environment:os.memory.max=3936MB
2026-01-22T19:26:12.925+03:00  INFO 578402 --- [           main] o.a.zookeeper.server.ZooKeeperServer     : Server environment:os.memory.total=60MB
2026-01-22T19:26:12.925+03:00  INFO 578402 --- [           main] o.a.zookeeper.server.ZooKeeperServer     : zookeeper.enableEagerACLCheck = false
2026-01-22T19:26:12.927+03:00  INFO 578402 --- [           main] o.a.zookeeper.server.ZooKeeperServer     : zookeeper.digest.enabled = true
2026-01-22T19:26:12.927+03:00  INFO 578402 --- [           main] o.a.zookeeper.server.ZooKeeperServer     : zookeeper.closeSessionTxn.enabled = true
2026-01-22T19:26:12.927+03:00  INFO 578402 --- [           main] o.a.zookeeper.server.ZooKeeperServer     : zookeeper.flushDelay = 0 ms
2026-01-22T19:26:12.927+03:00  INFO 578402 --- [           main] o.a.zookeeper.server.ZooKeeperServer     : zookeeper.maxWriteQueuePollTime = 0 ms
2026-01-22T19:26:12.927+03:00  INFO 578402 --- [           main] o.a.zookeeper.server.ZooKeeperServer     : zookeeper.maxBatchSize=1000
2026-01-22T19:26:12.928+03:00  INFO 578402 --- [           main] o.a.zookeeper.server.ZooKeeperServer     : zookeeper.intBufferStartingSizeBytes = 1024
2026-01-22T19:26:12.930+03:00  INFO 578402 --- [           main] o.a.z.server.persistence.FileTxnSnapLog  : zookeeper.snapshot.trust.empty : false
2026-01-22T19:26:12.945+03:00  INFO 578402 --- [           main] o.a.z.server.watch.WatchManagerFactory   : Using org.apache.zookeeper.server.watch.WatchManager as watch manager
2026-01-22T19:26:12.945+03:00  INFO 578402 --- [           main] o.a.z.server.watch.WatchManagerFactory   : Using org.apache.zookeeper.server.watch.WatchManager as watch manager
2026-01-22T19:26:12.946+03:00  INFO 578402 --- [           main] org.apache.zookeeper.server.ZKDatabase   : zookeeper.snapshotSizeFactor = 0.33
2026-01-22T19:26:12.946+03:00  INFO 578402 --- [           main] org.apache.zookeeper.server.ZKDatabase   : zookeeper.commitLogCount=500
2026-01-22T19:26:12.950+03:00  INFO 578402 --- [           main] o.apache.zookeeper.server.BlueThrottle   : Weighed connection throttling is disabled
2026-01-22T19:26:12.953+03:00  INFO 578402 --- [           main] o.a.zookeeper.server.ZooKeeperServer     : minSessionTimeout set to 1600 ms
2026-01-22T19:26:12.953+03:00  INFO 578402 --- [           main] o.a.zookeeper.server.ZooKeeperServer     : maxSessionTimeout set to 16000 ms
2026-01-22T19:26:12.954+03:00  INFO 578402 --- [           main] o.apache.zookeeper.server.ResponseCache  : getData response cache size is initialized with value 400.
2026-01-22T19:26:12.954+03:00  INFO 578402 --- [           main] o.apache.zookeeper.server.ResponseCache  : getChildren response cache size is initialized with value 400.
2026-01-22T19:26:12.955+03:00  INFO 578402 --- [           main] o.a.z.s.u.RequestPathMetricsCollector    : zookeeper.pathStats.slotCapacity = 60
2026-01-22T19:26:12.956+03:00  INFO 578402 --- [           main] o.a.z.s.u.RequestPathMetricsCollector    : zookeeper.pathStats.slotDuration = 15
2026-01-22T19:26:12.956+03:00  INFO 578402 --- [           main] o.a.z.s.u.RequestPathMetricsCollector    : zookeeper.pathStats.maxDepth = 6
2026-01-22T19:26:12.956+03:00  INFO 578402 --- [           main] o.a.z.s.u.RequestPathMetricsCollector    : zookeeper.pathStats.initialDelay = 5
2026-01-22T19:26:12.956+03:00  INFO 578402 --- [           main] o.a.z.s.u.RequestPathMetricsCollector    : zookeeper.pathStats.delay = 5
2026-01-22T19:26:12.956+03:00  INFO 578402 --- [           main] o.a.z.s.u.RequestPathMetricsCollector    : zookeeper.pathStats.enabled = false
2026-01-22T19:26:12.958+03:00  INFO 578402 --- [           main] o.a.zookeeper.server.ZooKeeperServer     : The max bytes for all large requests are set to 104857600
2026-01-22T19:26:12.959+03:00  INFO 578402 --- [           main] o.a.zookeeper.server.ZooKeeperServer     : The large request threshold is set to -1
2026-01-22T19:26:12.960+03:00  INFO 578402 --- [           main] o.a.z.server.AuthenticationHelper        : zookeeper.enforce.auth.enabled = false
2026-01-22T19:26:12.960+03:00  INFO 578402 --- [           main] o.a.z.server.AuthenticationHelper        : zookeeper.enforce.auth.schemes = []
2026-01-22T19:26:12.960+03:00  INFO 578402 --- [           main] o.a.zookeeper.server.ZooKeeperServer     : Created server with tickTime 800 ms minSessionTimeout 1600 ms maxSessionTimeout 16000 ms clientPortListenBacklog -1 datadir /tmp/kafka-10313727375612398172/version-2 snapdir /tmp/kafka-15181232644938015066/version-2
2026-01-22T19:26:12.966+03:00  WARN 578402 --- [           main] o.a.zookeeper.server.ServerCnxnFactory   : maxCnxns is not configured, using default value 0.
2026-01-22T19:26:12.968+03:00  INFO 578402 --- [           main] o.a.z.server.NIOServerCnxnFactory        : Configuring NIO connection handler with 10s sessionless connection timeout, 2 selector thread(s), 16 worker threads, and 64 kB direct buffers.
2026-01-22T19:26:12.974+03:00  INFO 578402 --- [           main] o.a.z.server.NIOServerCnxnFactory        : binding to port /127.0.0.1:0
2026-01-22T19:26:12.985+03:00  INFO 578402 --- [           main] o.a.z.server.persistence.SnapStream      : zookeeper.snapshot.compression.method = CHECKED
2026-01-22T19:26:12.985+03:00  INFO 578402 --- [           main] o.a.z.server.persistence.FileTxnSnapLog  : Snapshotting: 0x0 to /tmp/kafka-15181232644938015066/version-2/snapshot.0
2026-01-22T19:26:12.988+03:00  INFO 578402 --- [           main] org.apache.zookeeper.server.ZKDatabase   : Snapshot loaded in 12 ms, highest zxid is 0x0, digest is 1371985504
2026-01-22T19:26:12.988+03:00  INFO 578402 --- [           main] o.a.z.server.persistence.FileTxnSnapLog  : Snapshotting: 0x0 to /tmp/kafka-15181232644938015066/version-2/snapshot.0
2026-01-22T19:26:12.989+03:00  INFO 578402 --- [           main] o.a.zookeeper.server.ZooKeeperServer     : Snapshot taken in 1 ms
2026-01-22T19:26:12.995+03:00  INFO 578402 --- [0 cport:46419):] o.a.z.server.PrepRequestProcessor        : PrepRequestProcessor (sid:0) started, reconfigEnabled=false
2026-01-22T19:26:12.996+03:00  INFO 578402 --- [           main] o.a.zookeeper.server.RequestThrottler    : zookeeper.request_throttler.shutdownTimeout = 10000 ms
2026-01-22T19:26:13.116+03:00  INFO 578402 --- [           main] kafka.server.KafkaConfig                 : KafkaConfig values: 
	advertised.listeners = null
	alter.config.policy.class.name = null
	alter.log.dirs.replication.quota.window.num = 11
	alter.log.dirs.replication.quota.window.size.seconds = 1
	authorizer.class.name = 
	auto.create.topics.enable = true
	auto.include.jmx.reporter = true
	auto.leader.rebalance.enable = true
	background.threads = 2
	broker.heartbeat.interval.ms = 2000
	broker.id = 0
	broker.id.generation.enable = true
	broker.rack = null
	broker.session.timeout.ms = 9000
	client.quota.callback.class = null
	compression.gzip.level = -1
	compression.lz4.level = 9
	compression.type = producer
	compression.zstd.level = 3
	connection.failed.authentication.delay.ms = 100
	connections.max.idle.ms = 600000
	connections.max.reauth.ms = 0
	control.plane.listener.name = null
	controlled.shutdown.enable = false
	controlled.shutdown.max.retries = 3
	controlled.shutdown.retry.backoff.ms = 100
	controller.listener.names = null
	controller.quorum.append.linger.ms = 25
	controller.quorum.bootstrap.servers = []
	controller.quorum.election.backoff.max.ms = 1000
	controller.quorum.election.timeout.ms = 1000
	controller.quorum.fetch.timeout.ms = 2000
	controller.quorum.request.timeout.ms = 2000
	controller.quorum.retry.backoff.ms = 20
	controller.quorum.voters = []
	controller.quota.window.num = 11
	controller.quota.window.size.seconds = 1
	controller.socket.timeout.ms = 1000
	create.topic.policy.class.name = null
	default.replication.factor = 1
	delegation.token.expiry.check.interval.ms = 3600000
	delegation.token.expiry.time.ms = 86400000
	delegation.token.master.key = null
	delegation.token.max.lifetime.ms = 604800000
	delegation.token.secret.key = null
	delete.records.purgatory.purge.interval.requests = 1
	delete.topic.enable = true
	early.start.listeners = null
	eligible.leader.replicas.enable = false
	fetch.max.bytes = 57671680
	fetch.purgatory.purge.interval.requests = 1000
	group.consumer.assignors = [org.apache.kafka.coordinator.group.assignor.UniformAssignor, org.apache.kafka.coordinator.group.assignor.RangeAssignor]
	group.consumer.heartbeat.interval.ms = 5000
	group.consumer.max.heartbeat.interval.ms = 15000
	group.consumer.max.session.timeout.ms = 60000
	group.consumer.max.size = 2147483647
	group.consumer.migration.policy = disabled
	group.consumer.min.heartbeat.interval.ms = 5000
	group.consumer.min.session.timeout.ms = 45000
	group.consumer.session.timeout.ms = 45000
	group.coordinator.append.linger.ms = 10
	group.coordinator.new.enable = false
	group.coordinator.rebalance.protocols = [classic]
	group.coordinator.threads = 1
	group.initial.rebalance.delay.ms = 0
	group.max.session.timeout.ms = 1800000
	group.max.size = 2147483647
	group.min.session.timeout.ms = 6000
	group.share.delivery.count.limit = 5
	group.share.enable = false
	group.share.heartbeat.interval.ms = 5000
	group.share.max.groups = 10
	group.share.max.heartbeat.interval.ms = 15000
	group.share.max.record.lock.duration.ms = 60000
	group.share.max.session.timeout.ms = 60000
	group.share.max.size = 200
	group.share.min.heartbeat.interval.ms = 5000
	group.share.min.record.lock.duration.ms = 15000
	group.share.min.session.timeout.ms = 45000
	group.share.partition.max.record.locks = 200
	group.share.record.lock.duration.ms = 30000
	group.share.session.timeout.ms = 45000
	initial.broker.registration.timeout.ms = 60000
	inter.broker.listener.name = null
	inter.broker.protocol.version = 3.9-IV0
	kafka.metrics.polling.interval.secs = 10
	kafka.metrics.reporters = []
	leader.imbalance.check.interval.seconds = 300
	leader.imbalance.per.broker.percentage = 10
	listener.security.protocol.map = SASL_SSL:SASL_SSL,PLAINTEXT:PLAINTEXT,SSL:SSL,SASL_PLAINTEXT:SASL_PLAINTEXT
	listeners = PLAINTEXT://localhost:0
	log.cleaner.backoff.ms = 15000
	log.cleaner.dedupe.buffer.size = 2097152
	log.cleaner.delete.retention.ms = 86400000
	log.cleaner.enable = true
	log.cleaner.io.buffer.load.factor = 0.9
	log.cleaner.io.buffer.size = 524288
	log.cleaner.io.max.bytes.per.second = 1.7976931348623157E308
	log.cleaner.max.compaction.lag.ms = 9223372036854775807
	log.cleaner.min.cleanable.ratio = 0.5
	log.cleaner.min.compaction.lag.ms = 0
	log.cleaner.threads = 1
	log.cleanup.policy = [delete]
	log.dir = /tmp/spring.kafka.581006c1-c01b-4867-9035-04c0bbc5523010015261845460589137
	log.dir.failure.timeout.ms = 30000
	log.dirs = null
	log.flush.interval.messages = 9223372036854775807
	log.flush.interval.ms = null
	log.flush.offset.checkpoint.interval.ms = 60000
	log.flush.scheduler.interval.ms = 9223372036854775807
	log.flush.start.offset.checkpoint.interval.ms = 60000
	log.index.interval.bytes = 4096
	log.index.size.max.bytes = 10485760
	log.initial.task.delay.ms = 100
	log.local.retention.bytes = -2
	log.local.retention.ms = -2
	log.message.downconversion.enable = true
	log.message.format.version = 3.0-IV1
	log.message.timestamp.after.max.ms = 9223372036854775807
	log.message.timestamp.before.max.ms = 9223372036854775807
	log.message.timestamp.difference.max.ms = 9223372036854775807
	log.message.timestamp.type = CreateTime
	log.preallocate = false
	log.retention.bytes = -1
	log.retention.check.interval.ms = 300000
	log.retention.hours = 168
	log.retention.minutes = null
	log.retention.ms = null
	log.roll.hours = 168
	log.roll.jitter.hours = 0
	log.roll.jitter.ms = null
	log.roll.ms = null
	log.segment.bytes = 1073741824
	log.segment.delete.delay.ms = 1000
	max.connection.creation.rate = 2147483647
	max.connections = 2147483647
	max.connections.per.ip = 2147483647
	max.connections.per.ip.overrides = 
	max.incremental.fetch.session.cache.slots = 1000
	max.request.partition.size.limit = 2000
	message.max.bytes = 1048588
	metadata.log.dir = null
	metadata.log.max.record.bytes.between.snapshots = 20971520
	metadata.log.max.snapshot.interval.ms = 3600000
	metadata.log.segment.bytes = 1073741824
	metadata.log.segment.min.bytes = 8388608
	metadata.log.segment.ms = 604800000
	metadata.max.idle.interval.ms = 500
	metadata.max.retention.bytes = 104857600
	metadata.max.retention.ms = 604800000
	metric.reporters = []
	metrics.num.samples = 2
	metrics.recording.level = INFO
	metrics.sample.window.ms = 30000
	min.insync.replicas = 1
	node.id = 0
	num.io.threads = 8
	num.network.threads = 2
	num.partitions = 1
	num.recovery.threads.per.data.dir = 1
	num.replica.alter.log.dirs.threads = null
	num.replica.fetchers = 1
	offset.metadata.max.bytes = 4096
	offsets.commit.required.acks = -1
	offsets.commit.timeout.ms = 5000
	offsets.load.buffer.size = 5242880
	offsets.retention.check.interval.ms = 600000
	offsets.retention.minutes = 10080
	offsets.topic.compression.codec = 0
	offsets.topic.num.partitions = 5
	offsets.topic.replication.factor = 1
	offsets.topic.segment.bytes = 104857600
	password.encoder.cipher.algorithm = AES/CBC/PKCS5Padding
	password.encoder.iterations = 4096
	password.encoder.key.length = 128
	password.encoder.keyfactory.algorithm = null
	password.encoder.old.secret = null
	password.encoder.secret = null
	principal.builder.class = class org.apache.kafka.common.security.authenticator.DefaultKafkaPrincipalBuilder
	process.roles = []
	producer.id.expiration.check.interval.ms = 600000
	producer.id.expiration.ms = 86400000
	producer.purgatory.purge.interval.requests = 1000
	queued.max.request.bytes = -1
	queued.max.requests = 500
	quota.window.num = 11
	quota.window.size.seconds = 1
	remote.fetch.max.wait.ms = 500
	remote.log.index.file.cache.total.size.bytes = 1073741824
	remote.log.manager.copier.thread.pool.size = -1
	remote.log.manager.copy.max.bytes.per.second = 9223372036854775807
	remote.log.manager.copy.quota.window.num = 11
	remote.log.manager.copy.quota.window.size.seconds = 1
	remote.log.manager.expiration.thread.pool.size = -1
	remote.log.manager.fetch.max.bytes.per.second = 9223372036854775807
	remote.log.manager.fetch.quota.window.num = 11
	remote.log.manager.fetch.quota.window.size.seconds = 1
	remote.log.manager.task.interval.ms = 30000
	remote.log.manager.task.retry.backoff.max.ms = 30000
	remote.log.manager.task.retry.backoff.ms = 500
	remote.log.manager.task.retry.jitter = 0.2
	remote.log.manager.thread.pool.size = 10
	remote.log.metadata.custom.metadata.max.bytes = 128
	remote.log.metadata.manager.class.name = org.apache.kafka.server.log.remote.metadata.storage.TopicBasedRemoteLogMetadataManager
	remote.log.metadata.manager.class.path = null
	remote.log.metadata.manager.impl.prefix = rlmm.config.
	remote.log.metadata.manager.listener.name = null
	remote.log.reader.max.pending.tasks = 100
	remote.log.reader.threads = 10
	remote.log.storage.manager.class.name = null
	remote.log.storage.manager.class.path = null
	remote.log.storage.manager.impl.prefix = rsm.config.
	remote.log.storage.system.enable = false
	replica.fetch.backoff.ms = 1000
	replica.fetch.max.bytes = 1048576
	replica.fetch.min.bytes = 1
	replica.fetch.response.max.bytes = 10485760
	replica.fetch.wait.max.ms = 500
	replica.high.watermark.checkpoint.interval.ms = 9223372036854775807
	replica.lag.time.max.ms = 30000
	replica.selector.class = null
	replica.socket.receive.buffer.bytes = 65536
	replica.socket.timeout.ms = 1000
	replication.quota.window.num = 11
	replication.quota.window.size.seconds = 1
	request.timeout.ms = 30000
	reserved.broker.max.id = 1000
	sasl.client.callback.handler.class = null
	sasl.enabled.mechanisms = [GSSAPI]
	sasl.jaas.config = null
	sasl.kerberos.kinit.cmd = /usr/bin/kinit
	sasl.kerberos.min.time.before.relogin = 60000
	sasl.kerberos.principal.to.local.rules = [DEFAULT]
	sasl.kerberos.service.name = null
	sasl.kerberos.ticket.renew.jitter = 0.05
	sasl.kerberos.ticket.renew.window.factor = 0.8
	sasl.login.callback.handler.class = null
	sasl.login.class = null
	sasl.login.connect.timeout.ms = null
	sasl.login.read.timeout.ms = null
	sasl.login.refresh.buffer.seconds = 300
	sasl.login.refresh.min.period.seconds = 60
	sasl.login.refresh.window.factor = 0.8
	sasl.login.refresh.window.jitter = 0.05
	sasl.login.retry.backoff.max.ms = 10000
	sasl.login.retry.backoff.ms = 100
	sasl.mechanism.controller.protocol = GSSAPI
	sasl.mechanism.inter.broker.protocol = GSSAPI
	sasl.oauthbearer.clock.skew.seconds = 30
	sasl.oauthbearer.expected.audience = null
	sasl.oauthbearer.expected.issuer = null
	sasl.oauthbearer.jwks.endpoint.refresh.ms = 3600000
	sasl.oauthbearer.jwks.endpoint.retry.backoff.max.ms = 10000
	sasl.oauthbearer.jwks.endpoint.retry.backoff.ms = 100
	sasl.oauthbearer.jwks.endpoint.url = null
	sasl.oauthbearer.scope.claim.name = scope
	sasl.oauthbearer.sub.claim.name = sub
	sasl.oauthbearer.token.endpoint.url = null
	sasl.server.callback.handler.class = null
	sasl.server.max.receive.size = 524288
	security.inter.broker.protocol = PLAINTEXT
	security.providers = null
	server.max.startup.time.ms = 9223372036854775807
	socket.connection.setup.timeout.max.ms = 30000
	socket.connection.setup.timeout.ms = 10000
	socket.listen.backlog.size = 50
	socket.receive.buffer.bytes = 102400
	socket.request.max.bytes = 104857600
	socket.send.buffer.bytes = 102400
	ssl.allow.dn.changes = false
	ssl.allow.san.changes = false
	ssl.cipher.suites = []
	ssl.client.auth = none
	ssl.enabled.protocols = [TLSv1.2, TLSv1.3]
	ssl.endpoint.identification.algorithm = https
	ssl.engine.factory.class = null
	ssl.key.password = null
	ssl.keymanager.algorithm = SunX509
	ssl.keystore.certificate.chain = null
	ssl.keystore.key = null
	ssl.keystore.location = null
	ssl.keystore.password = null
	ssl.keystore.type = JKS
	ssl.principal.mapping.rules = DEFAULT
	ssl.protocol = TLSv1.3
	ssl.provider = null
	ssl.secure.random.implementation = null
	ssl.trustmanager.algorithm = PKIX
	ssl.truststore.certificates = null
	ssl.truststore.location = null
	ssl.truststore.password = null
	ssl.truststore.type = JKS
	telemetry.max.bytes = 1048576
	transaction.abort.timed.out.transaction.cleanup.interval.ms = 10000
	transaction.max.timeout.ms = 900000
	transaction.partition.verification.enable = true
	transaction.remove.expired.transaction.cleanup.interval.ms = 3600000
	transaction.state.log.load.buffer.size = 5242880
	transaction.state.log.min.isr = 2
	transaction.state.log.num.partitions = 50
	transaction.state.log.replication.factor = 1
	transaction.state.log.segment.bytes = 104857600
	transactional.id.expiration.ms = 604800000
	unclean.leader.election.enable = false
	unclean.leader.election.interval.ms = 300000
	unstable.api.versions.enable = true
	unstable.feature.versions.enable = true
	zookeeper.clientCnxnSocket = null
	zookeeper.connect = 127.0.0.1:46419
	zookeeper.connection.timeout.ms = 10000
	zookeeper.max.in.flight.requests = 10
	zookeeper.metadata.migration.enable = false
	zookeeper.metadata.migration.min.batch.size = 200
	zookeeper.session.timeout.ms = 18000
	zookeeper.set.acl = false
	zookeeper.ssl.cipher.suites = null
	zookeeper.ssl.client.enable = false
	zookeeper.ssl.crl.enable = false
	zookeeper.ssl.enabled.protocols = null
	zookeeper.ssl.endpoint.identification.algorithm = HTTPS
	zookeeper.ssl.keystore.location = null
	zookeeper.ssl.keystore.password = null
	zookeeper.ssl.keystore.type = null
	zookeeper.ssl.ocsp.enable = false
	zookeeper.ssl.protocol = TLSv1.2
	zookeeper.ssl.truststore.location = null
	zookeeper.ssl.truststore.password = null
	zookeeper.ssl.truststore.type = null

2026-01-22T19:26:13.142+03:00  INFO 578402 --- [           main] org.apache.zookeeper.common.X509Util     : Setting -D jdk.tls.rejectClientInitiatedRenegotiation=true to disable client-initiated TLS renegotiation
2026-01-22T19:26:13.211+03:00  INFO 578402 --- [           main] kafka.server.KafkaServer                 : starting
2026-01-22T19:26:13.211+03:00  INFO 578402 --- [           main] kafka.server.KafkaServer                 : Connecting to zookeeper on 127.0.0.1:46419
2026-01-22T19:26:13.238+03:00  INFO 578402 --- [           main] kafka.zookeeper.ZooKeeperClient          : [ZooKeeperClient Kafka server] Initializing a new session to 127.0.0.1:46419.
2026-01-22T19:26:13.242+03:00  INFO 578402 --- [           main] org.apache.zookeeper.ZooKeeper           : Client environment:zookeeper.version=3.8.5-19f1842d4b6ee1f82cc8b05284959b26c6ae507d, built on 2025-09-03 21:35 UTC
2026-01-22T19:26:13.242+03:00  INFO 578402 --- [           main] org.apache.zookeeper.ZooKeeper           : Client environment:host.name=Thomas
2026-01-22T19:26:13.242+03:00  INFO 578402 --- [           main] org.apache.zookeeper.ZooKeeper           : Client environment:java.version=21.0.9
2026-01-22T19:26:13.242+03:00  INFO 578402 --- [           main] org.apache.zookeeper.ZooKeeper           : Client environment:java.vendor=Ubuntu
2026-01-22T19:26:13.242+03:00  INFO 578402 --- [           main] org.apache.zookeeper.ZooKeeper           : Client environment:java.home=/usr/lib/jvm/java-21-openjdk-amd64
2026-01-22T19:26:13.242+03:00  INFO 578402 --- [           main] org.apache.zookeeper.ZooKeeper           : Client environment:java.class.path=/home/salah/Downloads/Real-Time-Distributed-Analytics-Dashboard-Project-main/backend/kafka-analytics-project/Kafka-Project/target/test-classes:/home/salah/Downloads/Real-Time-Distributed-Analytics-Dashboard-Project-main/backend/kafka-analytics-project/Kafka-Project/target/classes:/home/salah/.m2/repository/org/springframework/boot/spring-boot-starter-web/3.5.8/spring-boot-starter-web-3.5.8.jar:/home/salah/.m2/repository/org/springframework/boot/spring-boot-starter/3.5.8/spring-boot-starter-3.5.8.jar:/home/salah/.m2/repository/org/springframework/boot/spring-boot/3.5.8/spring-boot-3.5.8.jar:/home/salah/.m2/repository/org/springframework/boot/spring-boot-autoconfigure/3.5.8/spring-boot-autoconfigure-3.5.8.jar:/home/salah/.m2/repository/org/springframework/boot/spring-boot-starter-logging/3.5.8/spring-boot-starter-logging-3.5.8.jar:/home/salah/.m2/repository/org/apache/logging/log4j/log4j-to-slf4j/2.24.3/log4j-to-slf4j-2.24.3.jar:/home/salah/.m2/repository/org/apache/logging/log4j/log4j-api/2.24.3/log4j-api-2.24.3.jar:/home/salah/.m2/repository/org/slf4j/jul-to-slf4j/2.0.17/jul-to-slf4j-2.0.17.jar:/home/salah/.m2/repository/jakarta/annotation/jakarta.annotation-api/2.1.1/jakarta.annotation-api-2.1.1.jar:/home/salah/.m2/repository/org/yaml/snakeyaml/2.4/snakeyaml-2.4.jar:/home/salah/.m2/repository/org/springframework/boot/spring-boot-starter-json/3.5.8/spring-boot-starter-json-3.5.8.jar:/home/salah/.m2/repository/com/fasterxml/jackson/datatype/jackson-datatype-jdk8/2.19.4/jackson-datatype-jdk8-2.19.4.jar:/home/salah/.m2/repository/com/fasterxml/jackson/datatype/jackson-datatype-jsr310/2.19.4/jackson-datatype-jsr310-2.19.4.jar:/home/salah/.m2/repository/com/fasterxml/jackson/module/jackson-module-parameter-names/2.19.4/jackson-module-parameter-names-2.19.4.jar:/home/salah/.m2/repository/org/springframework/boot/spring-boot-starter-tomcat/3.5.8/spring-boot-starter-tomcat-3.5.8.jar:/home/salah/.m2/repository/org/apache/tomcat/embed/tomcat-embed-core/10.1.49/tomcat-embed-core-10.1.49.jar:/home/salah/.m2/repository/org/apache/tomcat/embed/tomcat-embed-el/10.1.49/tomcat-embed-el-10.1.49.jar:/home/salah/.m2/repository/org/apache/tomcat/embed/tomcat-embed-websocket/10.1.49/tomcat-embed-websocket-10.1.49.jar:/home/salah/.m2/repository/org/springframework/spring-web/6.2.14/spring-web-6.2.14.jar:/home/salah/.m2/repository/org/springframework/spring-webmvc/6.2.14/spring-webmvc-6.2.14.jar:/home/salah/.m2/repository/org/springframework/spring-aop/6.2.14/spring-aop-6.2.14.jar:/home/salah/.m2/repository/org/springframework/spring-expression/6.2.14/spring-expression-6.2.14.jar:/home/salah/.m2/repository/org/springframework/kafka/spring-kafka/3.3.11/spring-kafka-3.3.11.jar:/home/salah/.m2/repository/org/springframework/spring-context/6.2.14/spring-context-6.2.14.jar:/home/salah/.m2/repository/org/springframework/spring-messaging/6.2.14/spring-messaging-6.2.14.jar:/home/salah/.m2/repository/org/springframework/spring-tx/6.2.14/spring-tx-6.2.14.jar:/home/salah/.m2/repository/org/springframework/retry/spring-retry/2.0.12/spring-retry-2.0.12.jar:/home/salah/.m2/repository/org/apache/kafka/kafka-clients/3.9.1/kafka-clients-3.9.1.jar:/home/salah/.m2/repository/com/github/luben/zstd-jni/1.5.6-4/zstd-jni-1.5.6-4.jar:/home/salah/.m2/repository/org/lz4/lz4-java/1.8.0/lz4-java-1.8.0.jar:/home/salah/.m2/repository/org/xerial/snappy/snappy-java/1.1.10.5/snappy-java-1.1.10.5.jar:/home/salah/.m2/repository/io/micrometer/micrometer-observation/1.15.6/micrometer-observation-1.15.6.jar:/home/salah/.m2/repository/io/micrometer/micrometer-commons/1.15.6/micrometer-commons-1.15.6.jar:/home/salah/.m2/repository/org/springframework/boot/spring-boot-starter-test/3.5.8/spring-boot-starter-test-3.5.8.jar:/home/salah/.m2/repository/org/springframework/boot/spring-boot-test/3.5.8/spring-boot-test-3.5.8.jar:/home/salah/.m2/repository/org/springframework/boot/spring-boot-test-autoconfigure/3.5.8/spring-boot-test-autoconfigure-3.5.8.jar:/home/salah/.m2/repository/com/jayway/jsonpath/json-path/2.9.0/json-path-2.9.0.jar:/home/salah/.m2/repository/jakarta/xml/bind/jakarta.xml.bind-api/4.0.4/jakarta.xml.bind-api-4.0.4.jar:/home/salah/.m2/repository/jakarta/activation/jakarta.activation-api/2.1.4/jakarta.activation-api-2.1.4.jar:/home/salah/.m2/repository/net/minidev/json-smart/2.5.2/json-smart-2.5.2.jar:/home/salah/.m2/repository/net/minidev/accessors-smart/2.5.2/accessors-smart-2.5.2.jar:/home/salah/.m2/repository/org/assertj/assertj-core/3.27.6/assertj-core-3.27.6.jar:/home/salah/.m2/repository/net/bytebuddy/byte-buddy/1.17.8/byte-buddy-1.17.8.jar:/home/salah/.m2/repository/org/hamcrest/hamcrest/3.0/hamcrest-3.0.jar:/home/salah/.m2/repository/org/junit/jupiter/junit-jupiter/5.12.2/junit-jupiter-5.12.2.jar:/home/salah/.m2/repository/org/junit/jupiter/junit-jupiter-params/5.12.2/junit-jupiter-params-5.12.2.jar:/home/salah/.m2/repository/org/junit/jupiter/junit-jupiter-engine/5.12.2/junit-jupiter-engine-5.12.2.jar:/home/salah/.m2/repository/org/mockito/mockito-core/5.17.0/mockito-core-5.17.0.jar:/home/salah/.m2/repository/net/bytebuddy/byte-buddy-agent/1.17.8/byte-buddy-agent-1.17.8.jar:/home/salah/.m2/repository/org/objenesis/objenesis/3.3/objenesis-3.3.jar:/home/salah/.m2/repository/org/mockito/mockito-junit-jupiter/5.17.0/mockito-junit-jupiter-5.17.0.jar:/home/salah/.m2/repository/org/skyscreamer/jsonassert/1.5.3/jsonassert-1.5.3.jar:/home/salah/.m2/repository/com/vaadin/external/google/android-json/0.0.20131108.vaadin1/android-json-0.0.20131108.vaadin1.jar:/home/salah/.m2/repository/org/springframework/spring-core/6.2.14/spring-core-6.2.14.jar:/home/salah/.m2/repository/org/springframework/spring-jcl/6.2.14/spring-jcl-6.2.14.jar:/home/salah/.m2/repository/org/springframework/spring-test/6.2.14/spring-test-6.2.14.jar:/home/salah/.m2/repository/org/xmlunit/xmlunit-core/2.10.4/xmlunit-core-2.10.4.jar:/home/salah/.m2/repository/org/springframework/kafka/spring-kafka-test/3.3.11/spring-kafka-test-3.3.11.jar:/home/salah/.m2/repository/org/apache/zookeeper/zookeeper/3.8.5/zookeeper-3.8.5.jar:/home/salah/.m2/repository/org/apache/zookeeper/zookeeper-jute/3.8.5/zookeeper-jute-3.8.5.jar:/home/salah/.m2/repository/org/apache/yetus/audience-annotations/0.12.0/audience-annotations-0.12.0.jar:/home/salah/.m2/repository/io/netty/netty-handler/4.1.128.Final/netty-handler-4.1.128.Final.jar:/home/salah/.m2/repository/io/netty/netty-common/4.1.128.Final/netty-common-4.1.128.Final.jar:/home/salah/.m2/repository/io/netty/netty-resolver/4.1.128.Final/netty-resolver-4.1.128.Final.jar:/home/salah/.m2/repository/io/netty/netty-buffer/4.1.128.Final/netty-buffer-4.1.128.Final.jar:/home/salah/.m2/repository/io/netty/netty-transport/4.1.128.Final/netty-transport-4.1.128.Final.jar:/home/salah/.m2/repository/io/netty/netty-transport-native-unix-common/4.1.128.Final/netty-transport-native-unix-common-4.1.128.Final.jar:/home/salah/.m2/repository/io/netty/netty-codec/4.1.128.Final/netty-codec-4.1.128.Final.jar:/home/salah/.m2/repository/io/netty/netty-transport-native-epoll/4.1.128.Final/netty-transport-native-epoll-4.1.128.Final.jar:/home/salah/.m2/repository/io/netty/netty-transport-classes-epoll/4.1.128.Final/netty-transport-classes-epoll-4.1.128.Final.jar:/home/salah/.m2/repository/org/apache/kafka/kafka-clients/3.9.1/kafka-clients-3.9.1-test.jar:/home/salah/.m2/repository/org/apache/kafka/kafka-server/3.9.1/kafka-server-3.9.1.jar:/home/salah/.m2/repository/org/apache/kafka/kafka-storage/3.9.1/kafka-storage-3.9.1.jar:/home/salah/.m2/repository/com/github/ben-manes/caffeine/caffeine/3.2.3/caffeine-3.2.3.jar:/home/salah/.m2/repository/org/jspecify/jspecify/1.0.0/jspecify-1.0.0.jar:/home/salah/.m2/repository/org/apache/kafka/kafka-group-coordinator/3.9.1/kafka-group-coordinator-3.9.1.jar:/home/salah/.m2/repository/org/apache/kafka/kafka-transaction-coordinator/3.9.1/kafka-transaction-coordinator-3.9.1.jar:/home/salah/.m2/repository/org/apache/kafka/kafka-raft/3.9.1/kafka-raft-3.9.1.jar:/home/salah/.m2/repository/com/yammer/metrics/metrics-core/2.2.0/metrics-core-2.2.0.jar:/home/salah/.m2/repository/org/apache/kafka/kafka-metadata/3.9.1/kafka-metadata-3.9.1.jar:/home/salah/.m2/repository/org/apache/kafka/kafka-server-common/3.9.1/kafka-server-common-3.9.1.jar:/home/salah/.m2/repository/net/sf/jopt-simple/jopt-simple/5.0.4/jopt-simple-5.0.4.jar:/home/salah/.m2/repository/org/pcollections/pcollections/4.0.1/pcollections-4.0.1.jar:/home/salah/.m2/repository/org/apache/kafka/kafka-server-common/3.9.1/kafka-server-common-3.9.1-test.jar:/home/salah/.m2/repository/org/apache/kafka/kafka-streams-test-utils/3.9.1/kafka-streams-test-utils-3.9.1.jar:/home/salah/.m2/repository/org/apache/kafka/kafka-streams/3.9.1/kafka-streams-3.9.1.jar:/home/salah/.m2/repository/org/rocksdb/rocksdbjni/7.9.2/rocksdbjni-7.9.2.jar:/home/salah/.m2/repository/org/apache/kafka/kafka_2.13/3.9.1/kafka_2.13-3.9.1.jar:/home/salah/.m2/repository/org/scala-lang/scala-library/2.13.15/scala-library-2.13.15.jar:/home/salah/.m2/repository/org/apache/kafka/kafka-group-coordinator-api/3.9.1/kafka-group-coordinator-api-3.9.1.jar:/home/salah/.m2/repository/org/apache/kafka/kafka-storage-api/3.9.1/kafka-storage-api-3.9.1.jar:/home/salah/.m2/repository/org/apache/kafka/kafka-tools-api/3.9.1/kafka-tools-api-3.9.1.jar:/home/salah/.m2/repository/net/sourceforge/argparse4j/argparse4j/0.7.0/argparse4j-0.7.0.jar:/home/salah/.m2/repository/commons-validator/commons-validator/1.7/commons-validator-1.7.jar:/home/salah/.m2/repository/commons-beanutils/commons-beanutils/1.9.4/commons-beanutils-1.9.4.jar:/home/salah/.m2/repository/commons-digester/commons-digester/2.1/commons-digester-2.1.jar:/home/salah/.m2/repository/commons-collections/commons-collections/3.2.2/commons-collections-3.2.2.jar:/home/salah/.m2/repository/com/fasterxml/jackson/module/jackson-module-scala_2.13/2.19.4/jackson-module-scala_2.13-2.19.4.jar:/home/salah/.m2/repository/com/thoughtworks/paranamer/paranamer/2.8.3/paranamer-2.8.3.jar:/home/salah/.m2/repository/com/fasterxml/jackson/dataformat/jackson-dataformat-csv/2.19.4/jackson-dataformat-csv-2.19.4.jar:/home/salah/.m2/repository/org/bitbucket/b_c/jose4j/0.9.4/jose4j-0.9.4.jar:/home/salah/.m2/repository/org/scala-lang/modules/scala-collection-compat_2.13/2.10.0/scala-collection-compat_2.13-2.10.0.jar:/home/salah/.m2/repository/org/scala-lang/modules/scala-java8-compat_2.13/1.0.2/scala-java8-compat_2.13-1.0.2.jar:/home/salah/.m2/repository/org/scala-lang/scala-reflect/2.13.15/scala-reflect-2.13.15.jar:/home/salah/.m2/repository/com/typesafe/scala-logging/scala-logging_2.13/3.9.5/scala-logging_2.13-3.9.5.jar:/home/salah/.m2/repository/io/dropwizard/metrics/metrics-core/4.1.12.1/metrics-core-4.1.12.1.jar:/home/salah/.m2/repository/commons-cli/commons-cli/1.4/commons-cli-1.4.jar:/home/salah/.m2/repository/org/apache/kafka/kafka_2.13/3.9.1/kafka_2.13-3.9.1-test.jar:/home/salah/.m2/repository/org/junit/jupiter/junit-jupiter-api/5.12.2/junit-jupiter-api-5.12.2.jar:/home/salah/.m2/repository/org/opentest4j/opentest4j/1.3.0/opentest4j-1.3.0.jar:/home/salah/.m2/repository/org/junit/platform/junit-platform-commons/1.12.2/junit-platform-commons-1.12.2.jar:/home/salah/.m2/repository/org/apiguardian/apiguardian-api/1.1.2/apiguardian-api-1.1.2.jar:/home/salah/.m2/repository/org/junit/platform/junit-platform-launcher/1.12.2/junit-platform-launcher-1.12.2.jar:/home/salah/.m2/repository/org/junit/platform/junit-platform-engine/1.12.2/junit-platform-engine-1.12.2.jar:/home/salah/.m2/repository/redis/clients/jedis/6.0.0/jedis-6.0.0.jar:/home/salah/.m2/repository/org/apache/commons/commons-pool2/2.12.1/commons-pool2-2.12.1.jar:/home/salah/.m2/repository/org/json/json/20250107/json-20250107.jar:/home/salah/.m2/repository/com/google/code/gson/gson/2.13.2/gson-2.13.2.jar:/home/salah/.m2/repository/com/google/errorprone/error_prone_annotations/2.41.0/error_prone_annotations-2.41.0.jar:/home/salah/.m2/repository/redis/clients/authentication/redis-authx-core/0.1.1-beta2/redis-authx-core-0.1.1-beta2.jar:/home/salah/.m2/repository/com/clickhouse/clickhouse-jdbc/0.8.1/clickhouse-jdbc-0.8.1-all.jar:/home/salah/.m2/repository/com/clickhouse/clickhouse-client/0.8.1/clickhouse-client-0.8.1.jar:/home/salah/.m2/repository/com/clickhouse/clickhouse-data/0.8.1/clickhouse-data-0.8.1.jar:/home/salah/.m2/repository/com/clickhouse/clickhouse-http-client/0.8.1/clickhouse-http-client-0.8.1.jar:/home/salah/.m2/repository/org/apache/httpcomponents/client5/httpclient5/5.5.1/httpclient5-5.5.1.jar:/home/salah/.m2/repository/org/apache/httpcomponents/core5/httpcore5-h2/5.3.6/httpcore5-h2-5.3.6.jar:/home/salah/.m2/repository/org/apache/httpcomponents/core5/httpcore5/5.3.6/httpcore5-5.3.6.jar:/home/salah/.m2/repository/org/apache/commons/commons-compress/1.27.1/commons-compress-1.27.1.jar:/home/salah/.m2/repository/commons-codec/commons-codec/1.18.0/commons-codec-1.18.0.jar:/home/salah/.m2/repository/commons-io/commons-io/2.16.1/commons-io-2.16.1.jar:/home/salah/.m2/repository/org/apache/commons/commons-lang3/3.17.0/commons-lang3-3.17.0.jar:/home/salah/.m2/repository/org/lz4/lz4-pure-java/1.8.0/lz4-pure-java-1.8.0.jar:/home/salah/.m2/repository/com/clickhouse/jdbc-v2/0.8.1/jdbc-v2-0.8.1.jar:/home/salah/.m2/repository/com/clickhouse/client-v2/0.8.1/client-v2-0.8.1.jar:/home/salah/.m2/repository/org/roaringbitmap/RoaringBitmap/0.9.47/RoaringBitmap-0.9.47.jar:/home/salah/.m2/repository/org/roaringbitmap/shims/0.9.47/shims-0.9.47.jar:/home/salah/.m2/repository/org/ow2/asm/asm/9.5/asm-9.5.jar:/home/salah/.m2/repository/com/fasterxml/jackson/core/jackson-core/2.19.4/jackson-core-2.19.4.jar:/home/salah/.m2/repository/org/springframework/spring-jdbc/6.2.14/spring-jdbc-6.2.14.jar:/home/salah/.m2/repository/org/springframework/spring-beans/6.2.14/spring-beans-6.2.14.jar:/home/salah/.m2/repository/com/fasterxml/jackson/core/jackson-databind/2.19.4/jackson-databind-2.19.4.jar:/home/salah/.m2/repository/com/fasterxml/jackson/core/jackson-annotations/2.19.4/jackson-annotations-2.19.4.jar:/home/salah/.m2/repository/org/slf4j/slf4j-api/2.0.17/slf4j-api-2.0.17.jar:/home/salah/.m2/repository/ch/qos/logback/logback-classic/1.5.21/logback-classic-1.5.21.jar:/home/salah/.m2/repository/ch/qos/logback/logback-core/1.5.21/logback-core-1.5.21.jar:/home/salah/.m2/repository/org/awaitility/awaitility/4.2.0/awaitility-4.2.0.jar:
2026-01-22T19:26:13.243+03:00  INFO 578402 --- [           main] org.apache.zookeeper.ZooKeeper           : Client environment:java.library.path=/usr/java/packages/lib:/usr/lib/x86_64-linux-gnu/jni:/lib/x86_64-linux-gnu:/usr/lib/x86_64-linux-gnu:/usr/lib/jni:/lib:/usr/lib
2026-01-22T19:26:13.243+03:00  INFO 578402 --- [           main] org.apache.zookeeper.ZooKeeper           : Client environment:java.io.tmpdir=/tmp
2026-01-22T19:26:13.243+03:00  INFO 578402 --- [           main] org.apache.zookeeper.ZooKeeper           : Client environment:java.compiler=<NA>
2026-01-22T19:26:13.243+03:00  INFO 578402 --- [           main] org.apache.zookeeper.ZooKeeper           : Client environment:os.name=Linux
2026-01-22T19:26:13.243+03:00  INFO 578402 --- [           main] org.apache.zookeeper.ZooKeeper           : Client environment:os.arch=amd64
2026-01-22T19:26:13.243+03:00  INFO 578402 --- [           main] org.apache.zookeeper.ZooKeeper           : Client environment:os.version=6.14.0-37-generic
2026-01-22T19:26:13.243+03:00  INFO 578402 --- [           main] org.apache.zookeeper.ZooKeeper           : Client environment:user.name=salah
2026-01-22T19:26:13.243+03:00  INFO 578402 --- [           main] org.apache.zookeeper.ZooKeeper           : Client environment:user.home=/home/salah
2026-01-22T19:26:13.243+03:00  INFO 578402 --- [           main] org.apache.zookeeper.ZooKeeper           : Client environment:user.dir=/home/salah/Downloads/Real-Time-Distributed-Analytics-Dashboard-Project-main/backend/kafka-analytics-project/Kafka-Project
2026-01-22T19:26:13.243+03:00  INFO 578402 --- [           main] org.apache.zookeeper.ZooKeeper           : Client environment:os.memory.free=47MB
2026-01-22T19:26:13.243+03:00  INFO 578402 --- [           main] org.apache.zookeeper.ZooKeeper           : Client environment:os.memory.max=3936MB
2026-01-22T19:26:13.244+03:00  INFO 578402 --- [           main] org.apache.zookeeper.ZooKeeper           : Client environment:os.memory.total=70MB
2026-01-22T19:26:13.246+03:00  INFO 578402 --- [           main] org.apache.zookeeper.ZooKeeper           : Initiating client connection, connectString=127.0.0.1:46419 sessionTimeout=18000 watcher=kafka.zookeeper.ZooKeeperClient$ZooKeeperClientWatcher$@64aad809
2026-01-22T19:26:13.247+03:00  INFO 578402 --- [           main] org.apache.zookeeper.ClientCnxnSocket    : jute.maxbuffer value is 4194304 Bytes
2026-01-22T19:26:13.251+03:00  INFO 578402 --- [           main] org.apache.zookeeper.ClientCnxn          : zookeeper.request.timeout value is 0. feature enabled=false
2026-01-22T19:26:13.252+03:00  INFO 578402 --- [27.0.0.1:46419)] org.apache.zookeeper.ClientCnxn          : Opening socket connection to server /127.0.0.1:46419.
2026-01-22T19:26:13.252+03:00  INFO 578402 --- [           main] kafka.zookeeper.ZooKeeperClient          : [ZooKeeperClient Kafka server] Waiting until connected.
2026-01-22T19:26:13.253+03:00  INFO 578402 --- [27.0.0.1:46419)] org.apache.zookeeper.ClientCnxn          : Socket connection established, initiating session, client: /127.0.0.1:45102, server: /127.0.0.1:46419
2026-01-22T19:26:13.261+03:00  INFO 578402 --- [   SyncThread:0] o.a.z.server.persistence.FileTxnLog      : Creating new log file: log.1
2026-01-22T19:26:13.264+03:00  INFO 578402 --- [   SyncThread:0] o.a.zookeeper.audit.ZKAuditProvider      : ZooKeeper audit is disabled.
2026-01-22T19:26:13.267+03:00  INFO 578402 --- [27.0.0.1:46419)] org.apache.zookeeper.ClientCnxn          : Session establishment complete on server /127.0.0.1:46419, session id = 0x10001433b8f0000, negotiated timeout = 16000
2026-01-22T19:26:13.269+03:00  INFO 578402 --- [           main] kafka.zookeeper.ZooKeeperClient          : [ZooKeeperClient Kafka server] Connected.
2026-01-22T19:26:13.375+03:00  INFO 578402 --- [           main] kafka.server.KafkaServer                 : Cluster ID = FHSFTFEqQAS-Uaa1Olmw9A
2026-01-22T19:26:13.413+03:00  INFO 578402 --- [           main] kafka.server.KafkaConfig                 : KafkaConfig values: 
	advertised.listeners = null
	alter.config.policy.class.name = null
	alter.log.dirs.replication.quota.window.num = 11
	alter.log.dirs.replication.quota.window.size.seconds = 1
	authorizer.class.name = 
	auto.create.topics.enable = true
	auto.include.jmx.reporter = true
	auto.leader.rebalance.enable = true
	background.threads = 2
	broker.heartbeat.interval.ms = 2000
	broker.id = 0
	broker.id.generation.enable = true
	broker.rack = null
	broker.session.timeout.ms = 9000
	client.quota.callback.class = null
	compression.gzip.level = -1
	compression.lz4.level = 9
	compression.type = producer
	compression.zstd.level = 3
	connection.failed.authentication.delay.ms = 100
	connections.max.idle.ms = 600000
	connections.max.reauth.ms = 0
	control.plane.listener.name = null
	controlled.shutdown.enable = false
	controlled.shutdown.max.retries = 3
	controlled.shutdown.retry.backoff.ms = 100
	controller.listener.names = null
	controller.quorum.append.linger.ms = 25
	controller.quorum.bootstrap.servers = []
	controller.quorum.election.backoff.max.ms = 1000
	controller.quorum.election.timeout.ms = 1000
	controller.quorum.fetch.timeout.ms = 2000
	controller.quorum.request.timeout.ms = 2000
	controller.quorum.retry.backoff.ms = 20
	controller.quorum.voters = []
	controller.quota.window.num = 11
	controller.quota.window.size.seconds = 1
	controller.socket.timeout.ms = 1000
	create.topic.policy.class.name = null
	default.replication.factor = 1
	delegation.token.expiry.check.interval.ms = 3600000
	delegation.token.expiry.time.ms = 86400000
	delegation.token.master.key = null
	delegation.token.max.lifetime.ms = 604800000
	delegation.token.secret.key = null
	delete.records.purgatory.purge.interval.requests = 1
	delete.topic.enable = true
	early.start.listeners = null
	eligible.leader.replicas.enable = false
	fetch.max.bytes = 57671680
	fetch.purgatory.purge.interval.requests = 1000
	group.consumer.assignors = [org.apache.kafka.coordinator.group.assignor.UniformAssignor, org.apache.kafka.coordinator.group.assignor.RangeAssignor]
	group.consumer.heartbeat.interval.ms = 5000
	group.consumer.max.heartbeat.interval.ms = 15000
	group.consumer.max.session.timeout.ms = 60000
	group.consumer.max.size = 2147483647
	group.consumer.migration.policy = disabled
	group.consumer.min.heartbeat.interval.ms = 5000
	group.consumer.min.session.timeout.ms = 45000
	group.consumer.session.timeout.ms = 45000
	group.coordinator.append.linger.ms = 10
	group.coordinator.new.enable = false
	group.coordinator.rebalance.protocols = [classic]
	group.coordinator.threads = 1
	group.initial.rebalance.delay.ms = 0
	group.max.session.timeout.ms = 1800000
	group.max.size = 2147483647
	group.min.session.timeout.ms = 6000
	group.share.delivery.count.limit = 5
	group.share.enable = false
	group.share.heartbeat.interval.ms = 5000
	group.share.max.groups = 10
	group.share.max.heartbeat.interval.ms = 15000
	group.share.max.record.lock.duration.ms = 60000
	group.share.max.session.timeout.ms = 60000
	group.share.max.size = 200
	group.share.min.heartbeat.interval.ms = 5000
	group.share.min.record.lock.duration.ms = 15000
	group.share.min.session.timeout.ms = 45000
	group.share.partition.max.record.locks = 200
	group.share.record.lock.duration.ms = 30000
	group.share.session.timeout.ms = 45000
	initial.broker.registration.timeout.ms = 60000
	inter.broker.listener.name = null
	inter.broker.protocol.version = 3.9-IV0
	kafka.metrics.polling.interval.secs = 10
	kafka.metrics.reporters = []
	leader.imbalance.check.interval.seconds = 300
	leader.imbalance.per.broker.percentage = 10
	listener.security.protocol.map = SASL_SSL:SASL_SSL,PLAINTEXT:PLAINTEXT,SSL:SSL,SASL_PLAINTEXT:SASL_PLAINTEXT
	listeners = PLAINTEXT://localhost:0
	log.cleaner.backoff.ms = 15000
	log.cleaner.dedupe.buffer.size = 2097152
	log.cleaner.delete.retention.ms = 86400000
	log.cleaner.enable = true
	log.cleaner.io.buffer.load.factor = 0.9
	log.cleaner.io.buffer.size = 524288
	log.cleaner.io.max.bytes.per.second = 1.7976931348623157E308
	log.cleaner.max.compaction.lag.ms = 9223372036854775807
	log.cleaner.min.cleanable.ratio = 0.5
	log.cleaner.min.compaction.lag.ms = 0
	log.cleaner.threads = 1
	log.cleanup.policy = [delete]
	log.dir = /tmp/spring.kafka.581006c1-c01b-4867-9035-04c0bbc5523010015261845460589137
	log.dir.failure.timeout.ms = 30000
	log.dirs = null
	log.flush.interval.messages = 9223372036854775807
	log.flush.interval.ms = null
	log.flush.offset.checkpoint.interval.ms = 60000
	log.flush.scheduler.interval.ms = 9223372036854775807
	log.flush.start.offset.checkpoint.interval.ms = 60000
	log.index.interval.bytes = 4096
	log.index.size.max.bytes = 10485760
	log.initial.task.delay.ms = 100
	log.local.retention.bytes = -2
	log.local.retention.ms = -2
	log.message.downconversion.enable = true
	log.message.format.version = 3.0-IV1
	log.message.timestamp.after.max.ms = 9223372036854775807
	log.message.timestamp.before.max.ms = 9223372036854775807
	log.message.timestamp.difference.max.ms = 9223372036854775807
	log.message.timestamp.type = CreateTime
	log.preallocate = false
	log.retention.bytes = -1
	log.retention.check.interval.ms = 300000
	log.retention.hours = 168
	log.retention.minutes = null
	log.retention.ms = null
	log.roll.hours = 168
	log.roll.jitter.hours = 0
	log.roll.jitter.ms = null
	log.roll.ms = null
	log.segment.bytes = 1073741824
	log.segment.delete.delay.ms = 1000
	max.connection.creation.rate = 2147483647
	max.connections = 2147483647
	max.connections.per.ip = 2147483647
	max.connections.per.ip.overrides = 
	max.incremental.fetch.session.cache.slots = 1000
	max.request.partition.size.limit = 2000
	message.max.bytes = 1048588
	metadata.log.dir = null
	metadata.log.max.record.bytes.between.snapshots = 20971520
	metadata.log.max.snapshot.interval.ms = 3600000
	metadata.log.segment.bytes = 1073741824
	metadata.log.segment.min.bytes = 8388608
	metadata.log.segment.ms = 604800000
	metadata.max.idle.interval.ms = 500
	metadata.max.retention.bytes = 104857600
	metadata.max.retention.ms = 604800000
	metric.reporters = []
	metrics.num.samples = 2
	metrics.recording.level = INFO
	metrics.sample.window.ms = 30000
	min.insync.replicas = 1
	node.id = 0
	num.io.threads = 8
	num.network.threads = 2
	num.partitions = 1
	num.recovery.threads.per.data.dir = 1
	num.replica.alter.log.dirs.threads = null
	num.replica.fetchers = 1
	offset.metadata.max.bytes = 4096
	offsets.commit.required.acks = -1
	offsets.commit.timeout.ms = 5000
	offsets.load.buffer.size = 5242880
	offsets.retention.check.interval.ms = 600000
	offsets.retention.minutes = 10080
	offsets.topic.compression.codec = 0
	offsets.topic.num.partitions = 5
	offsets.topic.replication.factor = 1
	offsets.topic.segment.bytes = 104857600
	password.encoder.cipher.algorithm = AES/CBC/PKCS5Padding
	password.encoder.iterations = 4096
	password.encoder.key.length = 128
	password.encoder.keyfactory.algorithm = null
	password.encoder.old.secret = null
	password.encoder.secret = null
	principal.builder.class = class org.apache.kafka.common.security.authenticator.DefaultKafkaPrincipalBuilder
	process.roles = []
	producer.id.expiration.check.interval.ms = 600000
	producer.id.expiration.ms = 86400000
	producer.purgatory.purge.interval.requests = 1000
	queued.max.request.bytes = -1
	queued.max.requests = 500
	quota.window.num = 11
	quota.window.size.seconds = 1
	remote.fetch.max.wait.ms = 500
	remote.log.index.file.cache.total.size.bytes = 1073741824
	remote.log.manager.copier.thread.pool.size = -1
	remote.log.manager.copy.max.bytes.per.second = 9223372036854775807
	remote.log.manager.copy.quota.window.num = 11
	remote.log.manager.copy.quota.window.size.seconds = 1
	remote.log.manager.expiration.thread.pool.size = -1
	remote.log.manager.fetch.max.bytes.per.second = 9223372036854775807
	remote.log.manager.fetch.quota.window.num = 11
	remote.log.manager.fetch.quota.window.size.seconds = 1
	remote.log.manager.task.interval.ms = 30000
	remote.log.manager.task.retry.backoff.max.ms = 30000
	remote.log.manager.task.retry.backoff.ms = 500
	remote.log.manager.task.retry.jitter = 0.2
	remote.log.manager.thread.pool.size = 10
	remote.log.metadata.custom.metadata.max.bytes = 128
	remote.log.metadata.manager.class.name = org.apache.kafka.server.log.remote.metadata.storage.TopicBasedRemoteLogMetadataManager
	remote.log.metadata.manager.class.path = null
	remote.log.metadata.manager.impl.prefix = rlmm.config.
	remote.log.metadata.manager.listener.name = null
	remote.log.reader.max.pending.tasks = 100
	remote.log.reader.threads = 10
	remote.log.storage.manager.class.name = null
	remote.log.storage.manager.class.path = null
	remote.log.storage.manager.impl.prefix = rsm.config.
	remote.log.storage.system.enable = false
	replica.fetch.backoff.ms = 1000
	replica.fetch.max.bytes = 1048576
	replica.fetch.min.bytes = 1
	replica.fetch.response.max.bytes = 10485760
	replica.fetch.wait.max.ms = 500
	replica.high.watermark.checkpoint.interval.ms = 9223372036854775807
	replica.lag.time.max.ms = 30000
	replica.selector.class = null
	replica.socket.receive.buffer.bytes = 65536
	replica.socket.timeout.ms = 1000
	replication.quota.window.num = 11
	replication.quota.window.size.seconds = 1
	request.timeout.ms = 30000
	reserved.broker.max.id = 1000
	sasl.client.callback.handler.class = null
	sasl.enabled.mechanisms = [GSSAPI]
	sasl.jaas.config = null
	sasl.kerberos.kinit.cmd = /usr/bin/kinit
	sasl.kerberos.min.time.before.relogin = 60000
	sasl.kerberos.principal.to.local.rules = [DEFAULT]
	sasl.kerberos.service.name = null
	sasl.kerberos.ticket.renew.jitter = 0.05
	sasl.kerberos.ticket.renew.window.factor = 0.8
	sasl.login.callback.handler.class = null
	sasl.login.class = null
	sasl.login.connect.timeout.ms = null
	sasl.login.read.timeout.ms = null
	sasl.login.refresh.buffer.seconds = 300
	sasl.login.refresh.min.period.seconds = 60
	sasl.login.refresh.window.factor = 0.8
	sasl.login.refresh.window.jitter = 0.05
	sasl.login.retry.backoff.max.ms = 10000
	sasl.login.retry.backoff.ms = 100
	sasl.mechanism.controller.protocol = GSSAPI
	sasl.mechanism.inter.broker.protocol = GSSAPI
	sasl.oauthbearer.clock.skew.seconds = 30
	sasl.oauthbearer.expected.audience = null
	sasl.oauthbearer.expected.issuer = null
	sasl.oauthbearer.jwks.endpoint.refresh.ms = 3600000
	sasl.oauthbearer.jwks.endpoint.retry.backoff.max.ms = 10000
	sasl.oauthbearer.jwks.endpoint.retry.backoff.ms = 100
	sasl.oauthbearer.jwks.endpoint.url = null
	sasl.oauthbearer.scope.claim.name = scope
	sasl.oauthbearer.sub.claim.name = sub
	sasl.oauthbearer.token.endpoint.url = null
	sasl.server.callback.handler.class = null
	sasl.server.max.receive.size = 524288
	security.inter.broker.protocol = PLAINTEXT
	security.providers = null
	server.max.startup.time.ms = 9223372036854775807
	socket.connection.setup.timeout.max.ms = 30000
	socket.connection.setup.timeout.ms = 10000
	socket.listen.backlog.size = 50
	socket.receive.buffer.bytes = 102400
	socket.request.max.bytes = 104857600
	socket.send.buffer.bytes = 102400
	ssl.allow.dn.changes = false
	ssl.allow.san.changes = false
	ssl.cipher.suites = []
	ssl.client.auth = none
	ssl.enabled.protocols = [TLSv1.2, TLSv1.3]
	ssl.endpoint.identification.algorithm = https
	ssl.engine.factory.class = null
	ssl.key.password = null
	ssl.keymanager.algorithm = SunX509
	ssl.keystore.certificate.chain = null
	ssl.keystore.key = null
	ssl.keystore.location = null
	ssl.keystore.password = null
	ssl.keystore.type = JKS
	ssl.principal.mapping.rules = DEFAULT
	ssl.protocol = TLSv1.3
	ssl.provider = null
	ssl.secure.random.implementation = null
	ssl.trustmanager.algorithm = PKIX
	ssl.truststore.certificates = null
	ssl.truststore.location = null
	ssl.truststore.password = null
	ssl.truststore.type = JKS
	telemetry.max.bytes = 1048576
	transaction.abort.timed.out.transaction.cleanup.interval.ms = 10000
	transaction.max.timeout.ms = 900000
	transaction.partition.verification.enable = true
	transaction.remove.expired.transaction.cleanup.interval.ms = 3600000
	transaction.state.log.load.buffer.size = 5242880
	transaction.state.log.min.isr = 2
	transaction.state.log.num.partitions = 50
	transaction.state.log.replication.factor = 1
	transaction.state.log.segment.bytes = 104857600
	transactional.id.expiration.ms = 604800000
	unclean.leader.election.enable = false
	unclean.leader.election.interval.ms = 300000
	unstable.api.versions.enable = true
	unstable.feature.versions.enable = true
	zookeeper.clientCnxnSocket = null
	zookeeper.connect = 127.0.0.1:46419
	zookeeper.connection.timeout.ms = 10000
	zookeeper.max.in.flight.requests = 10
	zookeeper.metadata.migration.enable = false
	zookeeper.metadata.migration.min.batch.size = 200
	zookeeper.session.timeout.ms = 18000
	zookeeper.set.acl = false
	zookeeper.ssl.cipher.suites = null
	zookeeper.ssl.client.enable = false
	zookeeper.ssl.crl.enable = false
	zookeeper.ssl.enabled.protocols = null
	zookeeper.ssl.endpoint.identification.algorithm = HTTPS
	zookeeper.ssl.keystore.location = null
	zookeeper.ssl.keystore.password = null
	zookeeper.ssl.keystore.type = null
	zookeeper.ssl.ocsp.enable = false
	zookeeper.ssl.protocol = TLSv1.2
	zookeeper.ssl.truststore.location = null
	zookeeper.ssl.truststore.password = null
	zookeeper.ssl.truststore.type = null

2026-01-22T19:26:13.441+03:00  INFO 578402 --- [nelReaper-Fetch] lientQuotaManager$ThrottledChannelReaper : [ThrottledChannelReaper-Fetch]: Starting
2026-01-22T19:26:13.442+03:00  INFO 578402 --- [lReaper-Produce] lientQuotaManager$ThrottledChannelReaper : [ThrottledChannelReaper-Produce]: Starting
2026-01-22T19:26:13.442+03:00  INFO 578402 --- [lReaper-Request] lientQuotaManager$ThrottledChannelReaper : [ThrottledChannelReaper-Request]: Starting
2026-01-22T19:26:13.446+03:00  INFO 578402 --- [trollerMutation] lientQuotaManager$ThrottledChannelReaper : [ThrottledChannelReaper-ControllerMutation]: Starting
2026-01-22T19:26:13.453+03:00  INFO 578402 --- [           main] kafka.server.KafkaServer                 : [KafkaServer id=0] Rewriting /tmp/spring.kafka.581006c1-c01b-4867-9035-04c0bbc5523010015261845460589137/meta.properties
2026-01-22T19:26:13.488+03:00  INFO 578402 --- [           main] kafka.log.LogManager                     : Loading logs from log dirs ArrayBuffer(/tmp/spring.kafka.581006c1-c01b-4867-9035-04c0bbc5523010015261845460589137)
2026-01-22T19:26:13.494+03:00  INFO 578402 --- [           main] kafka.log.LogManager                     : No logs found to be loaded in /tmp/spring.kafka.581006c1-c01b-4867-9035-04c0bbc5523010015261845460589137
2026-01-22T19:26:13.504+03:00  INFO 578402 --- [           main] kafka.log.LogManager                     : Loaded 0 logs in 16ms
2026-01-22T19:26:13.506+03:00  INFO 578402 --- [           main] kafka.log.LogManager                     : Starting log cleanup with a period of 300000 ms.
2026-01-22T19:26:13.507+03:00  INFO 578402 --- [           main] kafka.log.LogManager                     : Starting log flusher with a default period of 9223372036854775807 ms.
2026-01-22T19:26:13.515+03:00  INFO 578402 --- [           main] kafka.log.LogCleaner                     : Starting the log cleaner
2026-01-22T19:26:13.520+03:00  INFO 578402 --- [leaner-thread-0] kafka.log.LogCleaner$CleanerThread       : [kafka-log-cleaner-thread-0]: Starting
2026-01-22T19:26:13.528+03:00  INFO 578402 --- [-process-thread] stener$ChangeNotificationProcessorThread : [feature-zk-node-event-process-thread]: Starting
2026-01-22T19:26:13.537+03:00  INFO 578402 --- [-process-thread] k.server.FinalizedFeatureChangeListener  : Feature ZK node at path: /feature does not exist
2026-01-22T19:26:13.554+03:00  INFO 578402 --- [channel-manager] k.server.NodeToControllerRequestThread   : [zk-broker-0-to-controller-forwarding-channel-manager]: Starting
2026-01-22T19:26:13.798+03:00  INFO 578402 --- [           main] kafka.network.ConnectionQuotas           : Updated connection-accept-rate max connection creation rate to 2147483647
2026-01-22T19:26:13.800+03:00  INFO 578402 --- [           main] kafka.network.DataPlaneAcceptor          : Awaiting socket connections on localhost:41667.
2026-01-22T19:26:13.800+03:00  INFO 578402 --- [           main] kafka.network.DataPlaneAcceptor          : Opened wildcard endpoint localhost:41667
2026-01-22T19:26:13.810+03:00  INFO 578402 --- [           main] kafka.network.SocketServer               : [SocketServer listenerType=ZK_BROKER, nodeId=0] Created data-plane acceptor and processors for endpoint : ListenerName(PLAINTEXT)
2026-01-22T19:26:13.813+03:00  INFO 578402 --- [channel-manager] k.server.NodeToControllerRequestThread   : [zk-broker-0-to-controller-alter-partition-channel-manager]: Starting
2026-01-22T19:26:13.828+03:00  INFO 578402 --- [eaper-0-Produce] perationPurgatory$ExpiredOperationReaper : [ExpirationReaper-0-Produce]: Starting
2026-01-22T19:26:13.829+03:00  INFO 578402 --- [nReaper-0-Fetch] perationPurgatory$ExpiredOperationReaper : [ExpirationReaper-0-Fetch]: Starting
2026-01-22T19:26:13.830+03:00  INFO 578402 --- [0-DeleteRecords] perationPurgatory$ExpiredOperationReaper : [ExpirationReaper-0-DeleteRecords]: Starting
2026-01-22T19:26:13.830+03:00  INFO 578402 --- [r-0-ElectLeader] perationPurgatory$ExpiredOperationReaper : [ExpirationReaper-0-ElectLeader]: Starting
2026-01-22T19:26:13.831+03:00  INFO 578402 --- [r-0-RemoteFetch] perationPurgatory$ExpiredOperationReaper : [ExpirationReaper-0-RemoteFetch]: Starting
2026-01-22T19:26:13.841+03:00  INFO 578402 --- [rFailureHandler] k.s.ReplicaManager$LogDirFailureHandler  : [LogDirFailureHandler]: Starting
2026-01-22T19:26:13.841+03:00  INFO 578402 --- [nSenderThread-0] kafka.server.AddPartitionsToTxnManager   : [AddPartitionsToTxnSenderThread-0]: Starting
2026-01-22T19:26:13.866+03:00  INFO 578402 --- [           main] kafka.zk.KafkaZkClient                   : Creating /brokers/ids/0 (is it secure? false)
2026-01-22T19:26:13.879+03:00  INFO 578402 --- [           main] kafka.zk.KafkaZkClient                   : Stat of the created znode at /brokers/ids/0 is: 25,25,1769099173874,1769099173874,1,0,0,72058982311591936,204,0,25

2026-01-22T19:26:13.879+03:00  INFO 578402 --- [           main] kafka.zk.KafkaZkClient                   : Registered broker 0 at path /brokers/ids/0 with addresses: PLAINTEXT://localhost:41667, czxid (broker epoch): 25
2026-01-22T19:26:13.910+03:00  INFO 578402 --- [er-event-thread] rollerEventManager$ControllerEventThread : [ControllerEventThread controllerId=0] Starting
2026-01-22T19:26:13.916+03:00  INFO 578402 --- [nReaper-0-topic] perationPurgatory$ExpiredOperationReaper : [ExpirationReaper-0-topic]: Starting
2026-01-22T19:26:13.922+03:00  INFO 578402 --- [er-event-thread] kafka.zk.KafkaZkClient                   : Successfully created /controller_epoch with initial epoch 0
[...]
2026-01-22T19:26:21.497+03:00  INFO 578402 --- [           main] com.clickhouse.jdbc.StatementImpl        : Statement schema default
2026-01-22T19:26:21.502+03:00  INFO 578402 --- [           main] Kafka_Project.ProducerController         : Processed 1 events, skipped 0 events for user: test-tracking-001
2026-01-22T19:26:21.503+03:00  INFO 578402 --- [           main] com.clickhouse.jdbc.ClickHouseDriver     : v2 driver
2026-01-22T19:26:21.504+03:00  INFO 578402 --- [           main] com.clickhouse.client.api.Client         : Using server timezone: UTC
2026-01-22T19:26:21.504+03:00  INFO 578402 --- [           main] com.clickhouse.client.api.Client         : Connection reuse strategy: FIFO
2026-01-22T19:26:21.504+03:00  INFO 578402 --- [           main] com.clickhouse.client.api.Client         : client compression: false, server compression: true, http compression: false
2026-01-22T19:26:21.507+03:00  INFO 578402 --- [           main] com.clickhouse.jdbc.StatementImpl        : Statement schema default
2026-01-22T19:26:21.508+03:00  INFO 578402 --- [           main] com.clickhouse.jdbc.ClickHouseDriver     : v2 driver
2026-01-22T19:26:21.509+03:00  INFO 578402 --- [           main] com.clickhouse.client.api.Client         : Using server timezone: UTC
2026-01-22T19:26:21.509+03:00  INFO 578402 --- [           main] com.clickhouse.client.api.Client         : Connection reuse strategy: FIFO
2026-01-22T19:26:21.509+03:00  INFO 578402 --- [           main] com.clickhouse.client.api.Client         : client compression: false, server compression: true, http compression: false
2026-01-22T19:26:21.512+03:00  INFO 578402 --- [           main] com.clickhouse.jdbc.StatementImpl        : Statement schema default
2026-01-22T19:26:21.513+03:00  INFO 578402 --- [           main] com.clickhouse.jdbc.ClickHouseDriver     : v2 driver
2026-01-22T19:26:21.513+03:00  INFO 578402 --- [           main] com.clickhouse.client.api.Client         : Using server timezone: UTC
2026-01-22T19:26:21.514+03:00  INFO 578402 --- [           main] com.clickhouse.client.api.Client         : Connection reuse strategy: FIFO
2026-01-22T19:26:21.514+03:00  INFO 578402 --- [           main] com.clickhouse.client.api.Client         : client compression: false, server compression: true, http compression: false
2026-01-22T19:26:21.515+03:00  INFO 578402 --- [ad | producer-1] K.service.KafkaProducerService           : Message sent successfully to topic: file_download at offset: 0
2026-01-22T19:26:21.517+03:00  INFO 578402 --- [           main] com.clickhouse.jdbc.StatementImpl        : Statement schema default
2026-01-22T19:26:21.517+03:00  INFO 578402 --- [ntainer#1-1-C-1] com.clickhouse.jdbc.ClickHouseDriver     : v2 driver
2026-01-22T19:26:21.517+03:00  INFO 578402 --- [ntainer#1-1-C-1] com.clickhouse.client.api.Client         : Using server timezone: UTC
2026-01-22T19:26:21.518+03:00  INFO 578402 --- [ntainer#1-1-C-1] com.clickhouse.client.api.Client         : Connection reuse strategy: FIFO
2026-01-22T19:26:21.518+03:00  INFO 578402 --- [ntainer#1-1-C-1] com.clickhouse.client.api.Client         : client compression: false, server compression: true, http compression: false
2026-01-22T19:26:21.518+03:00  INFO 578402 --- [           main] com.clickhouse.jdbc.ClickHouseDriver     : v2 driver
2026-01-22T19:26:21.519+03:00  INFO 578402 --- [           main] com.clickhouse.client.api.Client         : Using server timezone: UTC
2026-01-22T19:26:21.519+03:00  INFO 578402 --- [           main] com.clickhouse.client.api.Client         : Connection reuse strategy: FIFO
2026-01-22T19:26:21.519+03:00  INFO 578402 --- [           main] com.clickhouse.client.api.Client         : client compression: false, server compression: true, http compression: false
2026-01-22T19:26:21.521+03:00  INFO 578402 --- [ntainer#1-1-C-1] com.clickhouse.jdbc.StatementImpl        : Statement schema default
2026-01-22T19:26:21.522+03:00  INFO 578402 --- [           main] com.clickhouse.jdbc.StatementImpl        : Statement schema default
2026-01-22T19:26:21.523+03:00  INFO 578402 --- [           main] com.clickhouse.jdbc.ClickHouseDriver     : v2 driver
2026-01-22T19:26:21.524+03:00  INFO 578402 --- [           main] com.clickhouse.client.api.Client         : Using server timezone: UTC
2026-01-22T19:26:21.524+03:00  INFO 578402 --- [           main] com.clickhouse.client.api.Client         : Connection reuse strategy: FIFO
2026-01-22T19:26:21.525+03:00  INFO 578402 --- [           main] com.clickhouse.client.api.Client         : client compression: false, server compression: true, http compression: false
2026-01-22T19:26:21.529+03:00  INFO 578402 --- [           main] com.clickhouse.jdbc.StatementImpl        : Statement schema default
2026-01-22T19:26:21.532+03:00  INFO 578402 --- [ntainer#1-1-C-1] K.service.KafkaConsumerService           : ✓ Inserted interaction event: file_download for tracking_id: test-tracking-001
]]></system-out>
  </testcase>
  <testcase name="testHealthCheck" classname="Kafka_Project.CompleteIntegrationTest" time="0.071">
    <system-out><![CDATA[2026-01-22T19:26:21.538+03:00  INFO 578402 --- [           main] com.clickhouse.jdbc.ClickHouseDriver     : v2 driver
2026-01-22T19:26:21.538+03:00  INFO 578402 --- [           main] com.clickhouse.client.api.Client         : Using server timezone: UTC
2026-01-22T19:26:21.538+03:00  INFO 578402 --- [           main] com.clickhouse.client.api.Client         : Connection reuse strategy: FIFO
2026-01-22T19:26:21.539+03:00  INFO 578402 --- [           main] com.clickhouse.client.api.Client         : client compression: false, server compression: true, http compression: false
2026-01-22T19:26:21.545+03:00  INFO 578402 --- [           main] com.clickhouse.jdbc.StatementImpl        : Statement schema default
2026-01-22T19:26:21.547+03:00  INFO 578402 --- [           main] com.clickhouse.jdbc.ClickHouseDriver     : v2 driver
2026-01-22T19:26:21.547+03:00  INFO 578402 --- [           main] com.clickhouse.client.api.Client         : Using server timezone: UTC
2026-01-22T19:26:21.547+03:00  INFO 578402 --- [           main] com.clickhouse.client.api.Client         : Connection reuse strategy: FIFO
2026-01-22T19:26:21.548+03:00  INFO 578402 --- [           main] com.clickhouse.client.api.Client         : client compression: false, server compression: true, http compression: false
2026-01-22T19:26:21.554+03:00  INFO 578402 --- [           main] com.clickhouse.jdbc.StatementImpl        : Statement schema default
2026-01-22T19:26:21.557+03:00  INFO 578402 --- [           main] com.clickhouse.jdbc.ClickHouseDriver     : v2 driver
2026-01-22T19:26:21.557+03:00  INFO 578402 --- [           main] com.clickhouse.client.api.Client         : Using server timezone: UTC
2026-01-22T19:26:21.557+03:00  INFO 578402 --- [           main] com.clickhouse.client.api.Client         : Connection reuse strategy: FIFO
2026-01-22T19:26:21.558+03:00  INFO 578402 --- [           main] com.clickhouse.client.api.Client         : client compression: false, server compression: true, http compression: false
2026-01-22T19:26:21.561+03:00  INFO 578402 --- [           main] com.clickhouse.jdbc.StatementImpl        : Statement schema default
2026-01-22T19:26:21.563+03:00  INFO 578402 --- [           main] com.clickhouse.jdbc.ClickHouseDriver     : v2 driver
2026-01-22T19:26:21.563+03:00  INFO 578402 --- [           main] com.clickhouse.client.api.Client         : Using server timezone: UTC
2026-01-22T19:26:21.563+03:00  INFO 578402 --- [           main] com.clickhouse.client.api.Client         : Connection reuse strategy: FIFO
2026-01-22T19:26:21.564+03:00  INFO 578402 --- [           main] com.clickhouse.client.api.Client         : client compression: false, server compression: true, http compression: false
2026-01-22T19:26:21.568+03:00  INFO 578402 --- [           main] com.clickhouse.jdbc.StatementImpl        : Statement schema default
2026-01-22T19:26:21.570+03:00  INFO 578402 --- [           main] com.clickhouse.jdbc.ClickHouseDriver     : v2 driver
2026-01-22T19:26:21.570+03:00  INFO 578402 --- [           main] com.clickhouse.client.api.Client         : Using server timezone: UTC
2026-01-22T19:26:21.570+03:00  INFO 578402 --- [           main] com.clickhouse.client.api.Client         : Connection reuse strategy: FIFO
2026-01-22T19:26:21.571+03:00  INFO 578402 --- [           main] com.clickhouse.client.api.Client         : client compression: false, server compression: true, http compression: false
2026-01-22T19:26:21.574+03:00  INFO 578402 --- [           main] com.clickhouse.jdbc.StatementImpl        : Statement schema default
2026-01-22T19:26:21.579+03:00  INFO 578402 --- [           main] com.clickhouse.jdbc.ClickHouseDriver     : v2 driver
2026-01-22T19:26:21.579+03:00  INFO 578402 --- [           main] com.clickhouse.client.api.Client         : Using server timezone: UTC
2026-01-22T19:26:21.579+03:00  INFO 578402 --- [           main] com.clickhouse.client.api.Client         : Connection reuse strategy: FIFO
2026-01-22T19:26:21.579+03:00  INFO 578402 --- [           main] com.clickhouse.client.api.Client         : client compression: false, server compression: true, http compression: false
2026-01-22T19:26:21.584+03:00  INFO 578402 --- [           main] com.clickhouse.jdbc.StatementImpl        : Statement schema default
2026-01-22T19:26:21.586+03:00  INFO 578402 --- [           main] com.clickhouse.jdbc.ClickHouseDriver     : v2 driver
2026-01-22T19:26:21.586+03:00  INFO 578402 --- [           main] com.clickhouse.client.api.Client         : Using server timezone: UTC
2026-01-22T19:26:21.586+03:00  INFO 578402 --- [           main] com.clickhouse.client.api.Client         : Connection reuse strategy: FIFO
2026-01-22T19:26:21.587+03:00  INFO 578402 --- [           main] com.clickhouse.client.api.Client         : client compression: false, server compression: true, http compression: false
2026-01-22T19:26:21.589+03:00  INFO 578402 --- [           main] com.clickhouse.jdbc.StatementImpl        : Statement schema default
2026-01-22T19:26:21.591+03:00  INFO 578402 --- [           main] com.clickhouse.jdbc.ClickHouseDriver     : v2 driver
2026-01-22T19:26:21.591+03:00  INFO 578402 --- [           main] com.clickhouse.client.api.Client         : Using server timezone: UTC
2026-01-22T19:26:21.592+03:00  INFO 578402 --- [           main] com.clickhouse.client.api.Client         : Connection reuse strategy: FIFO
2026-01-22T19:26:21.592+03:00  INFO 578402 --- [           main] com.clickhouse.client.api.Client         : client compression: false, server compression: true, http compression: false
2026-01-22T19:26:21.594+03:00  INFO 578402 --- [           main] com.clickhouse.jdbc.StatementImpl        : Statement schema default
2026-01-22T19:26:21.596+03:00  INFO 578402 --- [           main] com.clickhouse.jdbc.ClickHouseDriver     : v2 driver
2026-01-22T19:26:21.596+03:00  INFO 578402 --- [           main] com.clickhouse.client.api.Client         : Using server timezone: UTC
2026-01-22T19:26:21.596+03:00  INFO 578402 --- [           main] com.clickhouse.client.api.Client         : Connection reuse strategy: FIFO
2026-01-22T19:26:21.596+03:00  INFO 578402 --- [           main] com.clickhouse.client.api.Client         : client compression: false, server compression: true, http compression: false
2026-01-22T19:26:21.599+03:00  INFO 578402 --- [           main] com.clickhouse.jdbc.StatementImpl        : Statement schema default
2026-01-22T19:26:21.601+03:00  INFO 578402 --- [           main] com.clickhouse.jdbc.ClickHouseDriver     : v2 driver
2026-01-22T19:26:21.601+03:00  INFO 578402 --- [           main] com.clickhouse.client.api.Client         : Using server timezone: UTC
2026-01-22T19:26:21.601+03:00  INFO 578402 --- [           main] com.clickhouse.client.api.Client         : Connection reuse strategy: FIFO
2026-01-22T19:26:21.602+03:00  INFO 578402 --- [           main] com.clickhouse.client.api.Client         : client compression: false, server compression: true, http compression: false
2026-01-22T19:26:21.604+03:00  INFO 578402 --- [           main] com.clickhouse.jdbc.StatementImpl        : Statement schema default
]]></system-out>
  </testcase>
  <testcase name="testCustomEvent" classname="Kafka_Project.CompleteIntegrationTest" time="0.066">
    <system-out><![CDATA[2026-01-22T19:26:21.609+03:00  INFO 578402 --- [           main] com.clickhouse.jdbc.ClickHouseDriver     : v2 driver
2026-01-22T19:26:21.609+03:00  INFO 578402 --- [           main] com.clickhouse.client.api.Client         : Using server timezone: UTC
2026-01-22T19:26:21.610+03:00  INFO 578402 --- [           main] com.clickhouse.client.api.Client         : Connection reuse strategy: FIFO
2026-01-22T19:26:21.610+03:00  INFO 578402 --- [           main] com.clickhouse.client.api.Client         : client compression: false, server compression: true, http compression: false
2026-01-22T19:26:21.613+03:00  INFO 578402 --- [           main] com.clickhouse.jdbc.StatementImpl        : Statement schema default
2026-01-22T19:26:21.615+03:00  INFO 578402 --- [           main] com.clickhouse.jdbc.ClickHouseDriver     : v2 driver
2026-01-22T19:26:21.615+03:00  INFO 578402 --- [           main] com.clickhouse.client.api.Client         : Using server timezone: UTC
2026-01-22T19:26:21.616+03:00  INFO 578402 --- [           main] com.clickhouse.client.api.Client         : Connection reuse strategy: FIFO
2026-01-22T19:26:21.616+03:00  INFO 578402 --- [           main] com.clickhouse.client.api.Client         : client compression: false, server compression: true, http compression: false
2026-01-22T19:26:21.621+03:00  INFO 578402 --- [           main] com.clickhouse.jdbc.StatementImpl        : Statement schema default
2026-01-22T19:26:21.623+03:00  INFO 578402 --- [           main] com.clickhouse.jdbc.ClickHouseDriver     : v2 driver
2026-01-22T19:26:21.623+03:00  INFO 578402 --- [           main] com.clickhouse.client.api.Client         : Using server timezone: UTC
2026-01-22T19:26:21.624+03:00  INFO 578402 --- [           main] com.clickhouse.client.api.Client         : Connection reuse strategy: FIFO
2026-01-22T19:26:21.624+03:00  INFO 578402 --- [           main] com.clickhouse.client.api.Client         : client compression: false, server compression: true, http compression: false
2026-01-22T19:26:21.627+03:00  INFO 578402 --- [           main] com.clickhouse.jdbc.StatementImpl        : Statement schema default
2026-01-22T19:26:21.629+03:00  INFO 578402 --- [           main] com.clickhouse.jdbc.ClickHouseDriver     : v2 driver
2026-01-22T19:26:21.629+03:00  INFO 578402 --- [           main] com.clickhouse.client.api.Client         : Using server timezone: UTC
2026-01-22T19:26:21.629+03:00  INFO 578402 --- [           main] com.clickhouse.client.api.Client         : Connection reuse strategy: FIFO
2026-01-22T19:26:21.630+03:00  INFO 578402 --- [           main] com.clickhouse.client.api.Client         : client compression: false, server compression: true, http compression: false
2026-01-22T19:26:21.634+03:00  INFO 578402 --- [           main] com.clickhouse.jdbc.StatementImpl        : Statement schema default
2026-01-22T19:26:21.635+03:00  INFO 578402 --- [           main] com.clickhouse.jdbc.ClickHouseDriver     : v2 driver
2026-01-22T19:26:21.636+03:00  INFO 578402 --- [           main] com.clickhouse.client.api.Client         : Using server timezone: UTC
2026-01-22T19:26:21.636+03:00  INFO 578402 --- [           main] com.clickhouse.client.api.Client         : Connection reuse strategy: FIFO
2026-01-22T19:26:21.637+03:00  INFO 578402 --- [           main] com.clickhouse.client.api.Client         : client compression: false, server compression: true, http compression: false
2026-01-22T19:26:21.641+03:00  INFO 578402 --- [           main] com.clickhouse.jdbc.StatementImpl        : Statement schema default
2026-01-22T19:26:21.647+03:00  INFO 578402 --- [           main] Kafka_Project.ProducerController         : Processed 1 events, skipped 0 events for user: test-tracking-001
2026-01-22T19:26:21.648+03:00  INFO 578402 --- [           main] com.clickhouse.jdbc.ClickHouseDriver     : v2 driver
2026-01-22T19:26:21.648+03:00  INFO 578402 --- [           main] com.clickhouse.client.api.Client         : Using server timezone: UTC
2026-01-22T19:26:21.648+03:00  INFO 578402 --- [           main] com.clickhouse.client.api.Client         : Connection reuse strategy: FIFO
2026-01-22T19:26:21.649+03:00  INFO 578402 --- [           main] com.clickhouse.client.api.Client         : client compression: false, server compression: true, http compression: false
2026-01-22T19:26:21.651+03:00  INFO 578402 --- [           main] com.clickhouse.jdbc.StatementImpl        : Statement schema default
2026-01-22T19:26:21.653+03:00  INFO 578402 --- [           main] com.clickhouse.jdbc.ClickHouseDriver     : v2 driver
2026-01-22T19:26:21.653+03:00  INFO 578402 --- [           main] com.clickhouse.client.api.Client         : Using server timezone: UTC
2026-01-22T19:26:21.653+03:00  INFO 578402 --- [           main] com.clickhouse.client.api.Client         : Connection reuse strategy: FIFO
2026-01-22T19:26:21.654+03:00  INFO 578402 --- [           main] com.clickhouse.client.api.Client         : client compression: false, server compression: true, http compression: false
2026-01-22T19:26:21.656+03:00  INFO 578402 --- [           main] com.clickhouse.jdbc.StatementImpl        : Statement schema default
2026-01-22T19:26:21.657+03:00  INFO 578402 --- [           main] com.clickhouse.jdbc.ClickHouseDriver     : v2 driver
2026-01-22T19:26:21.657+03:00  INFO 578402 --- [           main] com.clickhouse.client.api.Client         : Using server timezone: UTC
2026-01-22T19:26:21.657+03:00  INFO 578402 --- [           main] com.clickhouse.client.api.Client         : Connection reuse strategy: FIFO
2026-01-22T19:26:21.658+03:00  INFO 578402 --- [           main] com.clickhouse.client.api.Client         : client compression: false, server compression: true, http compression: false
2026-01-22T19:26:21.660+03:00  INFO 578402 --- [ad | producer-1] K.service.KafkaProducerService           : Message sent successfully to topic: custom_event at offset: 0
2026-01-22T19:26:21.661+03:00  INFO 578402 --- [           main] com.clickhouse.jdbc.StatementImpl        : Statement schema default
2026-01-22T19:26:21.662+03:00  INFO 578402 --- [           main] com.clickhouse.jdbc.ClickHouseDriver     : v2 driver
2026-01-22T19:26:21.662+03:00  INFO 578402 --- [           main] com.clickhouse.client.api.Client         : Using server timezone: UTC
2026-01-22T19:26:21.663+03:00  INFO 578402 --- [           main] com.clickhouse.client.api.Client         : Connection reuse strategy: FIFO
2026-01-22T19:26:21.663+03:00  INFO 578402 --- [           main] com.clickhouse.client.api.Client         : client compression: false, server compression: true, http compression: false
2026-01-22T19:26:21.666+03:00  INFO 578402 --- [           main] com.clickhouse.jdbc.StatementImpl        : Statement schema default
2026-01-22T19:26:21.668+03:00  INFO 578402 --- [           main] com.clickhouse.jdbc.ClickHouseDriver     : v2 driver
2026-01-22T19:26:21.668+03:00  INFO 578402 --- [           main] com.clickhouse.client.api.Client         : Using server timezone: UTC
2026-01-22T19:26:21.668+03:00  INFO 578402 --- [           main] com.clickhouse.client.api.Client         : Connection reuse strategy: FIFO
2026-01-22T19:26:21.669+03:00  INFO 578402 --- [           main] com.clickhouse.client.api.Client         : client compression: false, server compression: true, http compression: false
2026-01-22T19:26:21.671+03:00  INFO 578402 --- [           main] com.clickhouse.jdbc.StatementImpl        : Statement schema default
]]></system-out>
  </testcase>
</testsuite>