<?xml version="1.0" encoding="UTF-8"?>
<testsuite xmlns:xsi="http://www.w3.org/2001/XMLSchema-instance" xsi:noNamespaceSchemaLocation="https://maven.apache.org/surefire/maven-surefire-plugin/xsd/surefire-test-report.xsd" version="3.0.2" name="Kafka_Project.CompleteIntegrationTest" time="33.943" tests="19" errors="0" skipped="0" failures="0">
  <properties>
    <property name="java.specification.version" value="21"/>
    <property name="sun.jnu.encoding" value="UTF-8"/>
    <property name="java.class.path" value="/home/salah/Downloads/Real-Time-Distributed-Analytics-Dashboard-Project-main/backend/kafka-analytics-project/Kafka-Project/target/test-classes:/home/salah/Downloads/Real-Time-Distributed-Analytics-Dashboard-Project-main/backend/kafka-analytics-project/Kafka-Project/target/classes:/home/salah/.m2/repository/org/springframework/boot/spring-boot-starter-web/3.5.8/spring-boot-starter-web-3.5.8.jar:/home/salah/.m2/repository/org/springframework/boot/spring-boot-starter/3.5.8/spring-boot-starter-3.5.8.jar:/home/salah/.m2/repository/org/springframework/boot/spring-boot/3.5.8/spring-boot-3.5.8.jar:/home/salah/.m2/repository/org/springframework/boot/spring-boot-autoconfigure/3.5.8/spring-boot-autoconfigure-3.5.8.jar:/home/salah/.m2/repository/org/springframework/boot/spring-boot-starter-logging/3.5.8/spring-boot-starter-logging-3.5.8.jar:/home/salah/.m2/repository/org/apache/logging/log4j/log4j-to-slf4j/2.24.3/log4j-to-slf4j-2.24.3.jar:/home/salah/.m2/repository/org/apache/logging/log4j/log4j-api/2.24.3/log4j-api-2.24.3.jar:/home/salah/.m2/repository/org/slf4j/jul-to-slf4j/2.0.17/jul-to-slf4j-2.0.17.jar:/home/salah/.m2/repository/jakarta/annotation/jakarta.annotation-api/2.1.1/jakarta.annotation-api-2.1.1.jar:/home/salah/.m2/repository/org/yaml/snakeyaml/2.4/snakeyaml-2.4.jar:/home/salah/.m2/repository/org/springframework/boot/spring-boot-starter-json/3.5.8/spring-boot-starter-json-3.5.8.jar:/home/salah/.m2/repository/com/fasterxml/jackson/datatype/jackson-datatype-jdk8/2.19.4/jackson-datatype-jdk8-2.19.4.jar:/home/salah/.m2/repository/com/fasterxml/jackson/datatype/jackson-datatype-jsr310/2.19.4/jackson-datatype-jsr310-2.19.4.jar:/home/salah/.m2/repository/com/fasterxml/jackson/module/jackson-module-parameter-names/2.19.4/jackson-module-parameter-names-2.19.4.jar:/home/salah/.m2/repository/org/springframework/boot/spring-boot-starter-tomcat/3.5.8/spring-boot-starter-tomcat-3.5.8.jar:/home/salah/.m2/repository/org/apache/tomcat/embed/tomcat-embed-core/10.1.49/tomcat-embed-core-10.1.49.jar:/home/salah/.m2/repository/org/apache/tomcat/embed/tomcat-embed-el/10.1.49/tomcat-embed-el-10.1.49.jar:/home/salah/.m2/repository/org/apache/tomcat/embed/tomcat-embed-websocket/10.1.49/tomcat-embed-websocket-10.1.49.jar:/home/salah/.m2/repository/org/springframework/spring-web/6.2.14/spring-web-6.2.14.jar:/home/salah/.m2/repository/org/springframework/spring-webmvc/6.2.14/spring-webmvc-6.2.14.jar:/home/salah/.m2/repository/org/springframework/spring-aop/6.2.14/spring-aop-6.2.14.jar:/home/salah/.m2/repository/org/springframework/spring-expression/6.2.14/spring-expression-6.2.14.jar:/home/salah/.m2/repository/org/springframework/kafka/spring-kafka/3.3.11/spring-kafka-3.3.11.jar:/home/salah/.m2/repository/org/springframework/spring-context/6.2.14/spring-context-6.2.14.jar:/home/salah/.m2/repository/org/springframework/spring-messaging/6.2.14/spring-messaging-6.2.14.jar:/home/salah/.m2/repository/org/springframework/spring-tx/6.2.14/spring-tx-6.2.14.jar:/home/salah/.m2/repository/org/springframework/retry/spring-retry/2.0.12/spring-retry-2.0.12.jar:/home/salah/.m2/repository/org/apache/kafka/kafka-clients/3.9.1/kafka-clients-3.9.1.jar:/home/salah/.m2/repository/com/github/luben/zstd-jni/1.5.6-4/zstd-jni-1.5.6-4.jar:/home/salah/.m2/repository/org/lz4/lz4-java/1.8.0/lz4-java-1.8.0.jar:/home/salah/.m2/repository/org/xerial/snappy/snappy-java/1.1.10.5/snappy-java-1.1.10.5.jar:/home/salah/.m2/repository/io/micrometer/micrometer-observation/1.15.6/micrometer-observation-1.15.6.jar:/home/salah/.m2/repository/io/micrometer/micrometer-commons/1.15.6/micrometer-commons-1.15.6.jar:/home/salah/.m2/repository/org/springframework/boot/spring-boot-starter-test/3.5.8/spring-boot-starter-test-3.5.8.jar:/home/salah/.m2/repository/org/springframework/boot/spring-boot-test/3.5.8/spring-boot-test-3.5.8.jar:/home/salah/.m2/repository/org/springframework/boot/spring-boot-test-autoconfigure/3.5.8/spring-boot-test-autoconfigure-3.5.8.jar:/home/salah/.m2/repository/com/jayway/jsonpath/json-path/2.9.0/json-path-2.9.0.jar:/home/salah/.m2/repository/jakarta/xml/bind/jakarta.xml.bind-api/4.0.4/jakarta.xml.bind-api-4.0.4.jar:/home/salah/.m2/repository/jakarta/activation/jakarta.activation-api/2.1.4/jakarta.activation-api-2.1.4.jar:/home/salah/.m2/repository/net/minidev/json-smart/2.5.2/json-smart-2.5.2.jar:/home/salah/.m2/repository/net/minidev/accessors-smart/2.5.2/accessors-smart-2.5.2.jar:/home/salah/.m2/repository/org/assertj/assertj-core/3.27.6/assertj-core-3.27.6.jar:/home/salah/.m2/repository/net/bytebuddy/byte-buddy/1.17.8/byte-buddy-1.17.8.jar:/home/salah/.m2/repository/org/awaitility/awaitility/4.2.2/awaitility-4.2.2.jar:/home/salah/.m2/repository/org/hamcrest/hamcrest/3.0/hamcrest-3.0.jar:/home/salah/.m2/repository/org/junit/jupiter/junit-jupiter/5.12.2/junit-jupiter-5.12.2.jar:/home/salah/.m2/repository/org/junit/jupiter/junit-jupiter-params/5.12.2/junit-jupiter-params-5.12.2.jar:/home/salah/.m2/repository/org/junit/jupiter/junit-jupiter-engine/5.12.2/junit-jupiter-engine-5.12.2.jar:/home/salah/.m2/repository/org/mockito/mockito-core/5.17.0/mockito-core-5.17.0.jar:/home/salah/.m2/repository/net/bytebuddy/byte-buddy-agent/1.17.8/byte-buddy-agent-1.17.8.jar:/home/salah/.m2/repository/org/objenesis/objenesis/3.3/objenesis-3.3.jar:/home/salah/.m2/repository/org/mockito/mockito-junit-jupiter/5.17.0/mockito-junit-jupiter-5.17.0.jar:/home/salah/.m2/repository/org/skyscreamer/jsonassert/1.5.3/jsonassert-1.5.3.jar:/home/salah/.m2/repository/com/vaadin/external/google/android-json/0.0.20131108.vaadin1/android-json-0.0.20131108.vaadin1.jar:/home/salah/.m2/repository/org/springframework/spring-core/6.2.14/spring-core-6.2.14.jar:/home/salah/.m2/repository/org/springframework/spring-jcl/6.2.14/spring-jcl-6.2.14.jar:/home/salah/.m2/repository/org/springframework/spring-test/6.2.14/spring-test-6.2.14.jar:/home/salah/.m2/repository/org/xmlunit/xmlunit-core/2.10.4/xmlunit-core-2.10.4.jar:/home/salah/.m2/repository/org/springframework/kafka/spring-kafka-test/3.3.11/spring-kafka-test-3.3.11.jar:/home/salah/.m2/repository/org/apache/zookeeper/zookeeper/3.8.5/zookeeper-3.8.5.jar:/home/salah/.m2/repository/org/apache/zookeeper/zookeeper-jute/3.8.5/zookeeper-jute-3.8.5.jar:/home/salah/.m2/repository/org/apache/yetus/audience-annotations/0.12.0/audience-annotations-0.12.0.jar:/home/salah/.m2/repository/io/netty/netty-handler/4.1.128.Final/netty-handler-4.1.128.Final.jar:/home/salah/.m2/repository/io/netty/netty-common/4.1.128.Final/netty-common-4.1.128.Final.jar:/home/salah/.m2/repository/io/netty/netty-resolver/4.1.128.Final/netty-resolver-4.1.128.Final.jar:/home/salah/.m2/repository/io/netty/netty-buffer/4.1.128.Final/netty-buffer-4.1.128.Final.jar:/home/salah/.m2/repository/io/netty/netty-transport/4.1.128.Final/netty-transport-4.1.128.Final.jar:/home/salah/.m2/repository/io/netty/netty-transport-native-unix-common/4.1.128.Final/netty-transport-native-unix-common-4.1.128.Final.jar:/home/salah/.m2/repository/io/netty/netty-codec/4.1.128.Final/netty-codec-4.1.128.Final.jar:/home/salah/.m2/repository/io/netty/netty-transport-native-epoll/4.1.128.Final/netty-transport-native-epoll-4.1.128.Final.jar:/home/salah/.m2/repository/io/netty/netty-transport-classes-epoll/4.1.128.Final/netty-transport-classes-epoll-4.1.128.Final.jar:/home/salah/.m2/repository/org/apache/kafka/kafka-clients/3.9.1/kafka-clients-3.9.1-test.jar:/home/salah/.m2/repository/org/apache/kafka/kafka-server/3.9.1/kafka-server-3.9.1.jar:/home/salah/.m2/repository/org/apache/kafka/kafka-storage/3.9.1/kafka-storage-3.9.1.jar:/home/salah/.m2/repository/com/github/ben-manes/caffeine/caffeine/3.2.3/caffeine-3.2.3.jar:/home/salah/.m2/repository/org/jspecify/jspecify/1.0.0/jspecify-1.0.0.jar:/home/salah/.m2/repository/org/apache/kafka/kafka-group-coordinator/3.9.1/kafka-group-coordinator-3.9.1.jar:/home/salah/.m2/repository/org/apache/kafka/kafka-transaction-coordinator/3.9.1/kafka-transaction-coordinator-3.9.1.jar:/home/salah/.m2/repository/org/apache/kafka/kafka-raft/3.9.1/kafka-raft-3.9.1.jar:/home/salah/.m2/repository/com/yammer/metrics/metrics-core/2.2.0/metrics-core-2.2.0.jar:/home/salah/.m2/repository/org/apache/kafka/kafka-metadata/3.9.1/kafka-metadata-3.9.1.jar:/home/salah/.m2/repository/org/apache/kafka/kafka-server-common/3.9.1/kafka-server-common-3.9.1.jar:/home/salah/.m2/repository/net/sf/jopt-simple/jopt-simple/5.0.4/jopt-simple-5.0.4.jar:/home/salah/.m2/repository/org/pcollections/pcollections/4.0.1/pcollections-4.0.1.jar:/home/salah/.m2/repository/org/apache/kafka/kafka-server-common/3.9.1/kafka-server-common-3.9.1-test.jar:/home/salah/.m2/repository/org/apache/kafka/kafka-streams-test-utils/3.9.1/kafka-streams-test-utils-3.9.1.jar:/home/salah/.m2/repository/org/apache/kafka/kafka-streams/3.9.1/kafka-streams-3.9.1.jar:/home/salah/.m2/repository/org/rocksdb/rocksdbjni/7.9.2/rocksdbjni-7.9.2.jar:/home/salah/.m2/repository/org/apache/kafka/kafka_2.13/3.9.1/kafka_2.13-3.9.1.jar:/home/salah/.m2/repository/org/scala-lang/scala-library/2.13.15/scala-library-2.13.15.jar:/home/salah/.m2/repository/org/apache/kafka/kafka-group-coordinator-api/3.9.1/kafka-group-coordinator-api-3.9.1.jar:/home/salah/.m2/repository/org/apache/kafka/kafka-storage-api/3.9.1/kafka-storage-api-3.9.1.jar:/home/salah/.m2/repository/org/apache/kafka/kafka-tools-api/3.9.1/kafka-tools-api-3.9.1.jar:/home/salah/.m2/repository/net/sourceforge/argparse4j/argparse4j/0.7.0/argparse4j-0.7.0.jar:/home/salah/.m2/repository/commons-validator/commons-validator/1.7/commons-validator-1.7.jar:/home/salah/.m2/repository/commons-beanutils/commons-beanutils/1.9.4/commons-beanutils-1.9.4.jar:/home/salah/.m2/repository/commons-digester/commons-digester/2.1/commons-digester-2.1.jar:/home/salah/.m2/repository/commons-collections/commons-collections/3.2.2/commons-collections-3.2.2.jar:/home/salah/.m2/repository/com/fasterxml/jackson/module/jackson-module-scala_2.13/2.19.4/jackson-module-scala_2.13-2.19.4.jar:/home/salah/.m2/repository/com/thoughtworks/paranamer/paranamer/2.8.3/paranamer-2.8.3.jar:/home/salah/.m2/repository/com/fasterxml/jackson/dataformat/jackson-dataformat-csv/2.19.4/jackson-dataformat-csv-2.19.4.jar:/home/salah/.m2/repository/org/bitbucket/b_c/jose4j/0.9.4/jose4j-0.9.4.jar:/home/salah/.m2/repository/org/scala-lang/modules/scala-collection-compat_2.13/2.10.0/scala-collection-compat_2.13-2.10.0.jar:/home/salah/.m2/repository/org/scala-lang/modules/scala-java8-compat_2.13/1.0.2/scala-java8-compat_2.13-1.0.2.jar:/home/salah/.m2/repository/org/scala-lang/scala-reflect/2.13.15/scala-reflect-2.13.15.jar:/home/salah/.m2/repository/com/typesafe/scala-logging/scala-logging_2.13/3.9.5/scala-logging_2.13-3.9.5.jar:/home/salah/.m2/repository/io/dropwizard/metrics/metrics-core/4.1.12.1/metrics-core-4.1.12.1.jar:/home/salah/.m2/repository/commons-cli/commons-cli/1.4/commons-cli-1.4.jar:/home/salah/.m2/repository/org/apache/kafka/kafka_2.13/3.9.1/kafka_2.13-3.9.1-test.jar:/home/salah/.m2/repository/org/junit/jupiter/junit-jupiter-api/5.12.2/junit-jupiter-api-5.12.2.jar:/home/salah/.m2/repository/org/opentest4j/opentest4j/1.3.0/opentest4j-1.3.0.jar:/home/salah/.m2/repository/org/junit/platform/junit-platform-commons/1.12.2/junit-platform-commons-1.12.2.jar:/home/salah/.m2/repository/org/apiguardian/apiguardian-api/1.1.2/apiguardian-api-1.1.2.jar:/home/salah/.m2/repository/org/junit/platform/junit-platform-launcher/1.12.2/junit-platform-launcher-1.12.2.jar:/home/salah/.m2/repository/org/junit/platform/junit-platform-engine/1.12.2/junit-platform-engine-1.12.2.jar:/home/salah/.m2/repository/redis/clients/jedis/6.0.0/jedis-6.0.0.jar:/home/salah/.m2/repository/org/apache/commons/commons-pool2/2.12.1/commons-pool2-2.12.1.jar:/home/salah/.m2/repository/org/json/json/20250107/json-20250107.jar:/home/salah/.m2/repository/com/google/code/gson/gson/2.13.2/gson-2.13.2.jar:/home/salah/.m2/repository/com/google/errorprone/error_prone_annotations/2.41.0/error_prone_annotations-2.41.0.jar:/home/salah/.m2/repository/redis/clients/authentication/redis-authx-core/0.1.1-beta2/redis-authx-core-0.1.1-beta2.jar:/home/salah/.m2/repository/com/clickhouse/clickhouse-jdbc/0.8.1/clickhouse-jdbc-0.8.1-all.jar:/home/salah/.m2/repository/com/clickhouse/clickhouse-client/0.8.1/clickhouse-client-0.8.1.jar:/home/salah/.m2/repository/com/clickhouse/clickhouse-data/0.8.1/clickhouse-data-0.8.1.jar:/home/salah/.m2/repository/com/clickhouse/clickhouse-http-client/0.8.1/clickhouse-http-client-0.8.1.jar:/home/salah/.m2/repository/org/apache/httpcomponents/client5/httpclient5/5.5.1/httpclient5-5.5.1.jar:/home/salah/.m2/repository/org/apache/httpcomponents/core5/httpcore5-h2/5.3.6/httpcore5-h2-5.3.6.jar:/home/salah/.m2/repository/org/apache/httpcomponents/core5/httpcore5/5.3.6/httpcore5-5.3.6.jar:/home/salah/.m2/repository/org/apache/commons/commons-compress/1.27.1/commons-compress-1.27.1.jar:/home/salah/.m2/repository/commons-codec/commons-codec/1.18.0/commons-codec-1.18.0.jar:/home/salah/.m2/repository/commons-io/commons-io/2.16.1/commons-io-2.16.1.jar:/home/salah/.m2/repository/org/apache/commons/commons-lang3/3.17.0/commons-lang3-3.17.0.jar:/home/salah/.m2/repository/org/lz4/lz4-pure-java/1.8.0/lz4-pure-java-1.8.0.jar:/home/salah/.m2/repository/com/clickhouse/jdbc-v2/0.8.1/jdbc-v2-0.8.1.jar:/home/salah/.m2/repository/com/clickhouse/client-v2/0.8.1/client-v2-0.8.1.jar:/home/salah/.m2/repository/org/roaringbitmap/RoaringBitmap/0.9.47/RoaringBitmap-0.9.47.jar:/home/salah/.m2/repository/org/roaringbitmap/shims/0.9.47/shims-0.9.47.jar:/home/salah/.m2/repository/org/ow2/asm/asm/9.5/asm-9.5.jar:/home/salah/.m2/repository/com/fasterxml/jackson/core/jackson-core/2.19.4/jackson-core-2.19.4.jar:/home/salah/.m2/repository/org/springframework/spring-jdbc/6.2.14/spring-jdbc-6.2.14.jar:/home/salah/.m2/repository/org/springframework/spring-beans/6.2.14/spring-beans-6.2.14.jar:/home/salah/.m2/repository/com/fasterxml/jackson/core/jackson-databind/2.19.4/jackson-databind-2.19.4.jar:/home/salah/.m2/repository/com/fasterxml/jackson/core/jackson-annotations/2.19.4/jackson-annotations-2.19.4.jar:/home/salah/.m2/repository/org/slf4j/slf4j-api/2.0.17/slf4j-api-2.0.17.jar:/home/salah/.m2/repository/ch/qos/logback/logback-classic/1.5.21/logback-classic-1.5.21.jar:/home/salah/.m2/repository/ch/qos/logback/logback-core/1.5.21/logback-core-1.5.21.jar:"/>
    <property name="java.vm.vendor" value="Ubuntu"/>
    <property name="sun.arch.data.model" value="64"/>
    <property name="java.vendor.url" value="https://ubuntu.com/"/>
    <property name="catalina.useNaming" value="false"/>
    <property name="user.timezone" value="Asia/Amman"/>
    <property name="os.name" value="Linux"/>
    <property name="java.vm.specification.version" value="21"/>
    <property name="sun.java.launcher" value="SUN_STANDARD"/>
    <property name="user.country" value="US"/>
    <property name="sun.boot.library.path" value="/usr/lib/jvm/java-21-openjdk-amd64/lib"/>
    <property name="sun.java.command" value="/home/salah/Downloads/Real-Time-Distributed-Analytics-Dashboard-Project-main/backend/kafka-analytics-project/Kafka-Project/target/surefire/surefirebooter-20251207233639185_3.jar /home/salah/Downloads/Real-Time-Distributed-Analytics-Dashboard-Project-main/backend/kafka-analytics-project/Kafka-Project/target/surefire 2025-12-07T23-36-39_084-jvmRun1 surefire-20251207233639185_1tmp surefire_0-20251207233639185_2tmp"/>
    <property name="jdk.debug" value="release"/>
    <property name="surefire.test.class.path" value="/home/salah/Downloads/Real-Time-Distributed-Analytics-Dashboard-Project-main/backend/kafka-analytics-project/Kafka-Project/target/test-classes:/home/salah/Downloads/Real-Time-Distributed-Analytics-Dashboard-Project-main/backend/kafka-analytics-project/Kafka-Project/target/classes:/home/salah/.m2/repository/org/springframework/boot/spring-boot-starter-web/3.5.8/spring-boot-starter-web-3.5.8.jar:/home/salah/.m2/repository/org/springframework/boot/spring-boot-starter/3.5.8/spring-boot-starter-3.5.8.jar:/home/salah/.m2/repository/org/springframework/boot/spring-boot/3.5.8/spring-boot-3.5.8.jar:/home/salah/.m2/repository/org/springframework/boot/spring-boot-autoconfigure/3.5.8/spring-boot-autoconfigure-3.5.8.jar:/home/salah/.m2/repository/org/springframework/boot/spring-boot-starter-logging/3.5.8/spring-boot-starter-logging-3.5.8.jar:/home/salah/.m2/repository/org/apache/logging/log4j/log4j-to-slf4j/2.24.3/log4j-to-slf4j-2.24.3.jar:/home/salah/.m2/repository/org/apache/logging/log4j/log4j-api/2.24.3/log4j-api-2.24.3.jar:/home/salah/.m2/repository/org/slf4j/jul-to-slf4j/2.0.17/jul-to-slf4j-2.0.17.jar:/home/salah/.m2/repository/jakarta/annotation/jakarta.annotation-api/2.1.1/jakarta.annotation-api-2.1.1.jar:/home/salah/.m2/repository/org/yaml/snakeyaml/2.4/snakeyaml-2.4.jar:/home/salah/.m2/repository/org/springframework/boot/spring-boot-starter-json/3.5.8/spring-boot-starter-json-3.5.8.jar:/home/salah/.m2/repository/com/fasterxml/jackson/datatype/jackson-datatype-jdk8/2.19.4/jackson-datatype-jdk8-2.19.4.jar:/home/salah/.m2/repository/com/fasterxml/jackson/datatype/jackson-datatype-jsr310/2.19.4/jackson-datatype-jsr310-2.19.4.jar:/home/salah/.m2/repository/com/fasterxml/jackson/module/jackson-module-parameter-names/2.19.4/jackson-module-parameter-names-2.19.4.jar:/home/salah/.m2/repository/org/springframework/boot/spring-boot-starter-tomcat/3.5.8/spring-boot-starter-tomcat-3.5.8.jar:/home/salah/.m2/repository/org/apache/tomcat/embed/tomcat-embed-core/10.1.49/tomcat-embed-core-10.1.49.jar:/home/salah/.m2/repository/org/apache/tomcat/embed/tomcat-embed-el/10.1.49/tomcat-embed-el-10.1.49.jar:/home/salah/.m2/repository/org/apache/tomcat/embed/tomcat-embed-websocket/10.1.49/tomcat-embed-websocket-10.1.49.jar:/home/salah/.m2/repository/org/springframework/spring-web/6.2.14/spring-web-6.2.14.jar:/home/salah/.m2/repository/org/springframework/spring-webmvc/6.2.14/spring-webmvc-6.2.14.jar:/home/salah/.m2/repository/org/springframework/spring-aop/6.2.14/spring-aop-6.2.14.jar:/home/salah/.m2/repository/org/springframework/spring-expression/6.2.14/spring-expression-6.2.14.jar:/home/salah/.m2/repository/org/springframework/kafka/spring-kafka/3.3.11/spring-kafka-3.3.11.jar:/home/salah/.m2/repository/org/springframework/spring-context/6.2.14/spring-context-6.2.14.jar:/home/salah/.m2/repository/org/springframework/spring-messaging/6.2.14/spring-messaging-6.2.14.jar:/home/salah/.m2/repository/org/springframework/spring-tx/6.2.14/spring-tx-6.2.14.jar:/home/salah/.m2/repository/org/springframework/retry/spring-retry/2.0.12/spring-retry-2.0.12.jar:/home/salah/.m2/repository/org/apache/kafka/kafka-clients/3.9.1/kafka-clients-3.9.1.jar:/home/salah/.m2/repository/com/github/luben/zstd-jni/1.5.6-4/zstd-jni-1.5.6-4.jar:/home/salah/.m2/repository/org/lz4/lz4-java/1.8.0/lz4-java-1.8.0.jar:/home/salah/.m2/repository/org/xerial/snappy/snappy-java/1.1.10.5/snappy-java-1.1.10.5.jar:/home/salah/.m2/repository/io/micrometer/micrometer-observation/1.15.6/micrometer-observation-1.15.6.jar:/home/salah/.m2/repository/io/micrometer/micrometer-commons/1.15.6/micrometer-commons-1.15.6.jar:/home/salah/.m2/repository/org/springframework/boot/spring-boot-starter-test/3.5.8/spring-boot-starter-test-3.5.8.jar:/home/salah/.m2/repository/org/springframework/boot/spring-boot-test/3.5.8/spring-boot-test-3.5.8.jar:/home/salah/.m2/repository/org/springframework/boot/spring-boot-test-autoconfigure/3.5.8/spring-boot-test-autoconfigure-3.5.8.jar:/home/salah/.m2/repository/com/jayway/jsonpath/json-path/2.9.0/json-path-2.9.0.jar:/home/salah/.m2/repository/jakarta/xml/bind/jakarta.xml.bind-api/4.0.4/jakarta.xml.bind-api-4.0.4.jar:/home/salah/.m2/repository/jakarta/activation/jakarta.activation-api/2.1.4/jakarta.activation-api-2.1.4.jar:/home/salah/.m2/repository/net/minidev/json-smart/2.5.2/json-smart-2.5.2.jar:/home/salah/.m2/repository/net/minidev/accessors-smart/2.5.2/accessors-smart-2.5.2.jar:/home/salah/.m2/repository/org/assertj/assertj-core/3.27.6/assertj-core-3.27.6.jar:/home/salah/.m2/repository/net/bytebuddy/byte-buddy/1.17.8/byte-buddy-1.17.8.jar:/home/salah/.m2/repository/org/awaitility/awaitility/4.2.2/awaitility-4.2.2.jar:/home/salah/.m2/repository/org/hamcrest/hamcrest/3.0/hamcrest-3.0.jar:/home/salah/.m2/repository/org/junit/jupiter/junit-jupiter/5.12.2/junit-jupiter-5.12.2.jar:/home/salah/.m2/repository/org/junit/jupiter/junit-jupiter-params/5.12.2/junit-jupiter-params-5.12.2.jar:/home/salah/.m2/repository/org/junit/jupiter/junit-jupiter-engine/5.12.2/junit-jupiter-engine-5.12.2.jar:/home/salah/.m2/repository/org/mockito/mockito-core/5.17.0/mockito-core-5.17.0.jar:/home/salah/.m2/repository/net/bytebuddy/byte-buddy-agent/1.17.8/byte-buddy-agent-1.17.8.jar:/home/salah/.m2/repository/org/objenesis/objenesis/3.3/objenesis-3.3.jar:/home/salah/.m2/repository/org/mockito/mockito-junit-jupiter/5.17.0/mockito-junit-jupiter-5.17.0.jar:/home/salah/.m2/repository/org/skyscreamer/jsonassert/1.5.3/jsonassert-1.5.3.jar:/home/salah/.m2/repository/com/vaadin/external/google/android-json/0.0.20131108.vaadin1/android-json-0.0.20131108.vaadin1.jar:/home/salah/.m2/repository/org/springframework/spring-core/6.2.14/spring-core-6.2.14.jar:/home/salah/.m2/repository/org/springframework/spring-jcl/6.2.14/spring-jcl-6.2.14.jar:/home/salah/.m2/repository/org/springframework/spring-test/6.2.14/spring-test-6.2.14.jar:/home/salah/.m2/repository/org/xmlunit/xmlunit-core/2.10.4/xmlunit-core-2.10.4.jar:/home/salah/.m2/repository/org/springframework/kafka/spring-kafka-test/3.3.11/spring-kafka-test-3.3.11.jar:/home/salah/.m2/repository/org/apache/zookeeper/zookeeper/3.8.5/zookeeper-3.8.5.jar:/home/salah/.m2/repository/org/apache/zookeeper/zookeeper-jute/3.8.5/zookeeper-jute-3.8.5.jar:/home/salah/.m2/repository/org/apache/yetus/audience-annotations/0.12.0/audience-annotations-0.12.0.jar:/home/salah/.m2/repository/io/netty/netty-handler/4.1.128.Final/netty-handler-4.1.128.Final.jar:/home/salah/.m2/repository/io/netty/netty-common/4.1.128.Final/netty-common-4.1.128.Final.jar:/home/salah/.m2/repository/io/netty/netty-resolver/4.1.128.Final/netty-resolver-4.1.128.Final.jar:/home/salah/.m2/repository/io/netty/netty-buffer/4.1.128.Final/netty-buffer-4.1.128.Final.jar:/home/salah/.m2/repository/io/netty/netty-transport/4.1.128.Final/netty-transport-4.1.128.Final.jar:/home/salah/.m2/repository/io/netty/netty-transport-native-unix-common/4.1.128.Final/netty-transport-native-unix-common-4.1.128.Final.jar:/home/salah/.m2/repository/io/netty/netty-codec/4.1.128.Final/netty-codec-4.1.128.Final.jar:/home/salah/.m2/repository/io/netty/netty-transport-native-epoll/4.1.128.Final/netty-transport-native-epoll-4.1.128.Final.jar:/home/salah/.m2/repository/io/netty/netty-transport-classes-epoll/4.1.128.Final/netty-transport-classes-epoll-4.1.128.Final.jar:/home/salah/.m2/repository/org/apache/kafka/kafka-clients/3.9.1/kafka-clients-3.9.1-test.jar:/home/salah/.m2/repository/org/apache/kafka/kafka-server/3.9.1/kafka-server-3.9.1.jar:/home/salah/.m2/repository/org/apache/kafka/kafka-storage/3.9.1/kafka-storage-3.9.1.jar:/home/salah/.m2/repository/com/github/ben-manes/caffeine/caffeine/3.2.3/caffeine-3.2.3.jar:/home/salah/.m2/repository/org/jspecify/jspecify/1.0.0/jspecify-1.0.0.jar:/home/salah/.m2/repository/org/apache/kafka/kafka-group-coordinator/3.9.1/kafka-group-coordinator-3.9.1.jar:/home/salah/.m2/repository/org/apache/kafka/kafka-transaction-coordinator/3.9.1/kafka-transaction-coordinator-3.9.1.jar:/home/salah/.m2/repository/org/apache/kafka/kafka-raft/3.9.1/kafka-raft-3.9.1.jar:/home/salah/.m2/repository/com/yammer/metrics/metrics-core/2.2.0/metrics-core-2.2.0.jar:/home/salah/.m2/repository/org/apache/kafka/kafka-metadata/3.9.1/kafka-metadata-3.9.1.jar:/home/salah/.m2/repository/org/apache/kafka/kafka-server-common/3.9.1/kafka-server-common-3.9.1.jar:/home/salah/.m2/repository/net/sf/jopt-simple/jopt-simple/5.0.4/jopt-simple-5.0.4.jar:/home/salah/.m2/repository/org/pcollections/pcollections/4.0.1/pcollections-4.0.1.jar:/home/salah/.m2/repository/org/apache/kafka/kafka-server-common/3.9.1/kafka-server-common-3.9.1-test.jar:/home/salah/.m2/repository/org/apache/kafka/kafka-streams-test-utils/3.9.1/kafka-streams-test-utils-3.9.1.jar:/home/salah/.m2/repository/org/apache/kafka/kafka-streams/3.9.1/kafka-streams-3.9.1.jar:/home/salah/.m2/repository/org/rocksdb/rocksdbjni/7.9.2/rocksdbjni-7.9.2.jar:/home/salah/.m2/repository/org/apache/kafka/kafka_2.13/3.9.1/kafka_2.13-3.9.1.jar:/home/salah/.m2/repository/org/scala-lang/scala-library/2.13.15/scala-library-2.13.15.jar:/home/salah/.m2/repository/org/apache/kafka/kafka-group-coordinator-api/3.9.1/kafka-group-coordinator-api-3.9.1.jar:/home/salah/.m2/repository/org/apache/kafka/kafka-storage-api/3.9.1/kafka-storage-api-3.9.1.jar:/home/salah/.m2/repository/org/apache/kafka/kafka-tools-api/3.9.1/kafka-tools-api-3.9.1.jar:/home/salah/.m2/repository/net/sourceforge/argparse4j/argparse4j/0.7.0/argparse4j-0.7.0.jar:/home/salah/.m2/repository/commons-validator/commons-validator/1.7/commons-validator-1.7.jar:/home/salah/.m2/repository/commons-beanutils/commons-beanutils/1.9.4/commons-beanutils-1.9.4.jar:/home/salah/.m2/repository/commons-digester/commons-digester/2.1/commons-digester-2.1.jar:/home/salah/.m2/repository/commons-collections/commons-collections/3.2.2/commons-collections-3.2.2.jar:/home/salah/.m2/repository/com/fasterxml/jackson/module/jackson-module-scala_2.13/2.19.4/jackson-module-scala_2.13-2.19.4.jar:/home/salah/.m2/repository/com/thoughtworks/paranamer/paranamer/2.8.3/paranamer-2.8.3.jar:/home/salah/.m2/repository/com/fasterxml/jackson/dataformat/jackson-dataformat-csv/2.19.4/jackson-dataformat-csv-2.19.4.jar:/home/salah/.m2/repository/org/bitbucket/b_c/jose4j/0.9.4/jose4j-0.9.4.jar:/home/salah/.m2/repository/org/scala-lang/modules/scala-collection-compat_2.13/2.10.0/scala-collection-compat_2.13-2.10.0.jar:/home/salah/.m2/repository/org/scala-lang/modules/scala-java8-compat_2.13/1.0.2/scala-java8-compat_2.13-1.0.2.jar:/home/salah/.m2/repository/org/scala-lang/scala-reflect/2.13.15/scala-reflect-2.13.15.jar:/home/salah/.m2/repository/com/typesafe/scala-logging/scala-logging_2.13/3.9.5/scala-logging_2.13-3.9.5.jar:/home/salah/.m2/repository/io/dropwizard/metrics/metrics-core/4.1.12.1/metrics-core-4.1.12.1.jar:/home/salah/.m2/repository/commons-cli/commons-cli/1.4/commons-cli-1.4.jar:/home/salah/.m2/repository/org/apache/kafka/kafka_2.13/3.9.1/kafka_2.13-3.9.1-test.jar:/home/salah/.m2/repository/org/junit/jupiter/junit-jupiter-api/5.12.2/junit-jupiter-api-5.12.2.jar:/home/salah/.m2/repository/org/opentest4j/opentest4j/1.3.0/opentest4j-1.3.0.jar:/home/salah/.m2/repository/org/junit/platform/junit-platform-commons/1.12.2/junit-platform-commons-1.12.2.jar:/home/salah/.m2/repository/org/apiguardian/apiguardian-api/1.1.2/apiguardian-api-1.1.2.jar:/home/salah/.m2/repository/org/junit/platform/junit-platform-launcher/1.12.2/junit-platform-launcher-1.12.2.jar:/home/salah/.m2/repository/org/junit/platform/junit-platform-engine/1.12.2/junit-platform-engine-1.12.2.jar:/home/salah/.m2/repository/redis/clients/jedis/6.0.0/jedis-6.0.0.jar:/home/salah/.m2/repository/org/apache/commons/commons-pool2/2.12.1/commons-pool2-2.12.1.jar:/home/salah/.m2/repository/org/json/json/20250107/json-20250107.jar:/home/salah/.m2/repository/com/google/code/gson/gson/2.13.2/gson-2.13.2.jar:/home/salah/.m2/repository/com/google/errorprone/error_prone_annotations/2.41.0/error_prone_annotations-2.41.0.jar:/home/salah/.m2/repository/redis/clients/authentication/redis-authx-core/0.1.1-beta2/redis-authx-core-0.1.1-beta2.jar:/home/salah/.m2/repository/com/clickhouse/clickhouse-jdbc/0.8.1/clickhouse-jdbc-0.8.1-all.jar:/home/salah/.m2/repository/com/clickhouse/clickhouse-client/0.8.1/clickhouse-client-0.8.1.jar:/home/salah/.m2/repository/com/clickhouse/clickhouse-data/0.8.1/clickhouse-data-0.8.1.jar:/home/salah/.m2/repository/com/clickhouse/clickhouse-http-client/0.8.1/clickhouse-http-client-0.8.1.jar:/home/salah/.m2/repository/org/apache/httpcomponents/client5/httpclient5/5.5.1/httpclient5-5.5.1.jar:/home/salah/.m2/repository/org/apache/httpcomponents/core5/httpcore5-h2/5.3.6/httpcore5-h2-5.3.6.jar:/home/salah/.m2/repository/org/apache/httpcomponents/core5/httpcore5/5.3.6/httpcore5-5.3.6.jar:/home/salah/.m2/repository/org/apache/commons/commons-compress/1.27.1/commons-compress-1.27.1.jar:/home/salah/.m2/repository/commons-codec/commons-codec/1.18.0/commons-codec-1.18.0.jar:/home/salah/.m2/repository/commons-io/commons-io/2.16.1/commons-io-2.16.1.jar:/home/salah/.m2/repository/org/apache/commons/commons-lang3/3.17.0/commons-lang3-3.17.0.jar:/home/salah/.m2/repository/org/lz4/lz4-pure-java/1.8.0/lz4-pure-java-1.8.0.jar:/home/salah/.m2/repository/com/clickhouse/jdbc-v2/0.8.1/jdbc-v2-0.8.1.jar:/home/salah/.m2/repository/com/clickhouse/client-v2/0.8.1/client-v2-0.8.1.jar:/home/salah/.m2/repository/org/roaringbitmap/RoaringBitmap/0.9.47/RoaringBitmap-0.9.47.jar:/home/salah/.m2/repository/org/roaringbitmap/shims/0.9.47/shims-0.9.47.jar:/home/salah/.m2/repository/org/ow2/asm/asm/9.5/asm-9.5.jar:/home/salah/.m2/repository/com/fasterxml/jackson/core/jackson-core/2.19.4/jackson-core-2.19.4.jar:/home/salah/.m2/repository/org/springframework/spring-jdbc/6.2.14/spring-jdbc-6.2.14.jar:/home/salah/.m2/repository/org/springframework/spring-beans/6.2.14/spring-beans-6.2.14.jar:/home/salah/.m2/repository/com/fasterxml/jackson/core/jackson-databind/2.19.4/jackson-databind-2.19.4.jar:/home/salah/.m2/repository/com/fasterxml/jackson/core/jackson-annotations/2.19.4/jackson-annotations-2.19.4.jar:/home/salah/.m2/repository/org/slf4j/slf4j-api/2.0.17/slf4j-api-2.0.17.jar:/home/salah/.m2/repository/ch/qos/logback/logback-classic/1.5.21/logback-classic-1.5.21.jar:/home/salah/.m2/repository/ch/qos/logback/logback-core/1.5.21/logback-core-1.5.21.jar:"/>
    <property name="sun.cpu.endian" value="little"/>
    <property name="user.home" value="/home/salah"/>
    <property name="user.language" value="en"/>
    <property name="java.specification.vendor" value="Oracle Corporation"/>
    <property name="java.version.date" value="2025-10-21"/>
    <property name="java.home" value="/usr/lib/jvm/java-21-openjdk-amd64"/>
    <property name="file.separator" value="/"/>
    <property name="basedir" value="/home/salah/Downloads/Real-Time-Distributed-Analytics-Dashboard-Project-main/backend/kafka-analytics-project/Kafka-Project"/>
    <property name="java.vm.compressedOopsMode" value="Zero based"/>
    <property name="line.separator" value="&#10;"/>
    <property name="java.specification.name" value="Java Platform API Specification"/>
    <property name="java.vm.specification.vendor" value="Oracle Corporation"/>
    <property name="FILE_LOG_CHARSET" value="UTF-8"/>
    <property name="java.awt.headless" value="true"/>
    <property name="surefire.real.class.path" value="/home/salah/Downloads/Real-Time-Distributed-Analytics-Dashboard-Project-main/backend/kafka-analytics-project/Kafka-Project/target/surefire/surefirebooter-20251207233639185_3.jar"/>
    <property name="sun.management.compiler" value="HotSpot 64-Bit Tiered Compilers"/>
    <property name="java.runtime.version" value="21.0.9+10-Ubuntu-124.04"/>
    <property name="user.name" value="salah"/>
    <property name="stdout.encoding" value="UTF-8"/>
    <property name="path.separator" value=":"/>
    <property name="os.version" value="6.14.0-36-generic"/>
    <property name="java.runtime.name" value="OpenJDK Runtime Environment"/>
    <property name="clickhouse.available" value="false"/>
    <property name="file.encoding" value="UTF-8"/>
    <property name="java.vm.name" value="OpenJDK 64-Bit Server VM"/>
    <property name="localRepository" value="/home/salah/.m2/repository"/>
    <property name="java.vendor.url.bug" value="https://bugs.launchpad.net/ubuntu/+source/openjdk-21"/>
    <property name="java.io.tmpdir" value="/tmp"/>
    <property name="catalina.home" value="/tmp/tomcat.0.16731632043382861343"/>
    <property name="java.version" value="21.0.9"/>
    <property name="user.dir" value="/home/salah/Downloads/Real-Time-Distributed-Analytics-Dashboard-Project-main/backend/kafka-analytics-project/Kafka-Project"/>
    <property name="os.arch" value="amd64"/>
    <property name="java.vm.specification.name" value="Java Virtual Machine Specification"/>
    <property name="PID" value="111780"/>
    <property name="CONSOLE_LOG_CHARSET" value="UTF-8"/>
    <property name="catalina.base" value="/tmp/tomcat.0.16731632043382861343"/>
    <property name="native.encoding" value="UTF-8"/>
    <property name="java.library.path" value="/usr/java/packages/lib:/usr/lib/x86_64-linux-gnu/jni:/lib/x86_64-linux-gnu:/usr/lib/x86_64-linux-gnu:/usr/lib/jni:/lib:/usr/lib"/>
    <property name="java.vm.info" value="mixed mode, sharing"/>
    <property name="stderr.encoding" value="UTF-8"/>
    <property name="java.vendor" value="Ubuntu"/>
    <property name="java.vm.version" value="21.0.9+10-Ubuntu-124.04"/>
    <property name="sun.io.unicode.encoding" value="UnicodeLittle"/>
    <property name="java.class.version" value="65.0"/>
  </properties>
  <testcase name="testPageUnloadEvent" classname="Kafka_Project.CompleteIntegrationTest" time="0.355">
    <system-out><![CDATA[23:36:40.156 [main] INFO org.springframework.test.context.support.AnnotationConfigContextLoaderUtils -- Could not detect default configuration classes for test class [Kafka_Project.CompleteIntegrationTest]: CompleteIntegrationTest does not declare any static, non-private, non-final, nested classes annotated with @Configuration.
23:36:40.336 [main] INFO org.springframework.boot.test.context.SpringBootTestContextBootstrapper -- Found @SpringBootConfiguration Kafka_Project.KafkaProjectApplication for test class Kafka_Project.CompleteIntegrationTest

  .   ____          _            __ _ _
 /\\ / ___'_ __ _ _(_)_ __  __ _ \ \ \ \
( ( )\___ | '_ | '_| | '_ \/ _` | \ \ \ \
 \\/  ___)| |_)| | | | | || (_| |  ) ) ) )
  '  |____| .__|_| |_|_| |_\__, | / / / /
 =========|_|==============|___/=/_/_/_/

 :: Spring Boot ::                (v3.5.8)

2025-12-07T23:36:40.796+03:00  WARN 111780 --- [           main] ory$DuplicateJsonObjectContextCustomizer : 

Found multiple occurrences of org.json.JSONObject on the class path:

	jar:file:/home/salah/.m2/repository/com/vaadin/external/google/android-json/0.0.20131108.vaadin1/android-json-0.0.20131108.vaadin1.jar!/org/json/JSONObject.class
	jar:file:/home/salah/.m2/repository/org/json/json/20250107/json-20250107.jar!/org/json/JSONObject.class

You may wish to exclude one of them to ensure predictable runtime behavior

2025-12-07T23:36:40.810+03:00  INFO 111780 --- [           main] Kafka_Project.CompleteIntegrationTest    : Starting CompleteIntegrationTest using Java 21.0.9 with PID 111780 (started by salah in /home/salah/Downloads/Real-Time-Distributed-Analytics-Dashboard-Project-main/backend/kafka-analytics-project/Kafka-Project)
2025-12-07T23:36:40.811+03:00  INFO 111780 --- [           main] Kafka_Project.CompleteIntegrationTest    : The following 1 profile is active: "test"
2025-12-07T23:36:43.425+03:00  INFO 111780 --- [           main] o.s.b.w.embedded.tomcat.TomcatWebServer  : Tomcat initialized with port 0 (http)
2025-12-07T23:36:43.448+03:00  INFO 111780 --- [           main] o.apache.catalina.core.StandardService   : Starting service [Tomcat]
2025-12-07T23:36:43.450+03:00  INFO 111780 --- [           main] o.apache.catalina.core.StandardEngine    : Starting Servlet engine: [Apache Tomcat/10.1.49]
2025-12-07T23:36:43.524+03:00  INFO 111780 --- [           main] o.a.c.c.C.[Tomcat].[localhost].[/]       : Initializing Spring embedded WebApplicationContext
2025-12-07T23:36:43.526+03:00  INFO 111780 --- [           main] w.s.c.ServletWebServerApplicationContext : Root WebApplicationContext: initialization completed in 2696 ms
2025-12-07T23:36:43.844+03:00  INFO 111780 --- [           main] com.clickhouse.jdbc.ClickHouseDriver     : ClickHouse JDBC driver version: clickhouse-jdbc 0.8.1 (revision: 25af97d)
2025-12-07T23:36:43.845+03:00  INFO 111780 --- [           main] com.clickhouse.jdbc.ClickHouseDriver     : v2 driver
2025-12-07T23:36:43.860+03:00  INFO 111780 --- [           main] com.clickhouse.jdbc.Driver               : ClickHouse JDBC driver version: 0.8.1
2025-12-07T23:36:44.587+03:00  INFO 111780 --- [           main] o.a.c.c.C.[Tomcat].[localhost].[/]       : Initializing Spring TestDispatcherServlet ''
2025-12-07T23:36:44.587+03:00  INFO 111780 --- [           main] o.s.t.web.servlet.TestDispatcherServlet  : Initializing Servlet ''
2025-12-07T23:36:44.589+03:00  INFO 111780 --- [           main] o.s.t.web.servlet.TestDispatcherServlet  : Completed initialization in 1 ms
2025-12-07T23:37:11.306+03:00 ERROR 111780 --- [           main] o.springframework.kafka.core.KafkaAdmin  : Failed to create topics

org.apache.kafka.common.errors.InvalidReplicationFactorException: Replication factor: 3 larger than available brokers: 2.

2025-12-07T23:37:11.315+03:00 ERROR 111780 --- [           main] o.springframework.kafka.core.KafkaAdmin  : Could not configure topics

org.springframework.kafka.KafkaException: Failed to create topics
	at org.springframework.kafka.core.KafkaAdmin.addTopics(KafkaAdmin.java:599) ~[spring-kafka-3.3.11.jar:3.3.11]
	at org.springframework.kafka.core.KafkaAdmin.addOrModifyTopicsIfNeeded(KafkaAdmin.java:446) ~[spring-kafka-3.3.11.jar:3.3.11]
	at org.springframework.kafka.core.KafkaAdmin.initialize(KafkaAdmin.java:277) ~[spring-kafka-3.3.11.jar:3.3.11]
	at org.springframework.kafka.core.KafkaAdmin.afterSingletonsInstantiated(KafkaAdmin.java:246) ~[spring-kafka-3.3.11.jar:3.3.11]
	at org.springframework.beans.factory.support.DefaultListableBeanFactory.preInstantiateSingletons(DefaultListableBeanFactory.java:1156) ~[spring-beans-6.2.14.jar:6.2.14]
	at org.springframework.context.support.AbstractApplicationContext.finishBeanFactoryInitialization(AbstractApplicationContext.java:990) ~[spring-context-6.2.14.jar:6.2.14]
	at org.springframework.context.support.AbstractApplicationContext.refresh(AbstractApplicationContext.java:627) ~[spring-context-6.2.14.jar:6.2.14]
	at org.springframework.boot.web.servlet.context.ServletWebServerApplicationContext.refresh(ServletWebServerApplicationContext.java:146) ~[spring-boot-3.5.8.jar:3.5.8]
	at org.springframework.boot.SpringApplication.refresh(SpringApplication.java:752) ~[spring-boot-3.5.8.jar:3.5.8]
	at org.springframework.boot.SpringApplication.refreshContext(SpringApplication.java:439) ~[spring-boot-3.5.8.jar:3.5.8]
	at org.springframework.boot.SpringApplication.run(SpringApplication.java:318) ~[spring-boot-3.5.8.jar:3.5.8]
	at org.springframework.boot.test.context.SpringBootContextLoader.lambda$loadContext$3(SpringBootContextLoader.java:144) ~[spring-boot-test-3.5.8.jar:3.5.8]
	at org.springframework.util.function.ThrowingSupplier.get(ThrowingSupplier.java:58) ~[spring-core-6.2.14.jar:6.2.14]
	at org.springframework.util.function.ThrowingSupplier.get(ThrowingSupplier.java:46) ~[spring-core-6.2.14.jar:6.2.14]
	at org.springframework.boot.SpringApplication.withHook(SpringApplication.java:1461) ~[spring-boot-3.5.8.jar:3.5.8]
	at org.springframework.boot.test.context.SpringBootContextLoader$ContextLoaderHook.run(SpringBootContextLoader.java:563) ~[spring-boot-test-3.5.8.jar:3.5.8]
	at org.springframework.boot.test.context.SpringBootContextLoader.loadContext(SpringBootContextLoader.java:144) ~[spring-boot-test-3.5.8.jar:3.5.8]
	at org.springframework.boot.test.context.SpringBootContextLoader.loadContext(SpringBootContextLoader.java:110) ~[spring-boot-test-3.5.8.jar:3.5.8]
	at org.springframework.test.context.cache.DefaultCacheAwareContextLoaderDelegate.loadContextInternal(DefaultCacheAwareContextLoaderDelegate.java:225) ~[spring-test-6.2.14.jar:6.2.14]
	at org.springframework.test.context.cache.DefaultCacheAwareContextLoaderDelegate.loadContext(DefaultCacheAwareContextLoaderDelegate.java:152) ~[spring-test-6.2.14.jar:6.2.14]
	at org.springframework.test.context.support.DefaultTestContext.getApplicationContext(DefaultTestContext.java:130) ~[spring-test-6.2.14.jar:6.2.14]
	at org.springframework.boot.test.mock.mockito.MockitoTestExecutionListener.postProcessFields(MockitoTestExecutionListener.java:128) ~[spring-boot-test-3.5.8.jar:3.5.8]
	at org.springframework.boot.test.mock.mockito.MockitoTestExecutionListener.injectFields(MockitoTestExecutionListener.java:112) ~[spring-boot-test-3.5.8.jar:3.5.8]
	at org.springframework.boot.test.mock.mockito.MockitoTestExecutionListener.prepareTestInstance(MockitoTestExecutionListener.java:69) ~[spring-boot-test-3.5.8.jar:3.5.8]
	at org.springframework.test.context.TestContextManager.prepareTestInstance(TestContextManager.java:260) ~[spring-test-6.2.14.jar:6.2.14]
	at org.springframework.test.context.junit.jupiter.SpringExtension.postProcessTestInstance(SpringExtension.java:159) ~[spring-test-6.2.14.jar:6.2.14]
	at org.junit.jupiter.engine.descriptor.ClassBasedTestDescriptor.lambda$invokeTestInstancePostProcessors$10(ClassBasedTestDescriptor.java:383) ~[junit-jupiter-engine-5.12.2.jar:5.12.2]
	at org.junit.jupiter.engine.descriptor.ClassBasedTestDescriptor.executeAndMaskThrowable(ClassBasedTestDescriptor.java:388) ~[junit-jupiter-engine-5.12.2.jar:5.12.2]
	at org.junit.jupiter.engine.descriptor.ClassBasedTestDescriptor.lambda$invokeTestInstancePostProcessors$11(ClassBasedTestDescriptor.java:382) ~[junit-jupiter-engine-5.12.2.jar:5.12.2]
	at java.base/java.util.stream.ForEachOps$ForEachOp$OfRef.accept(ForEachOps.java:184) ~[na:na]
	at java.base/java.util.stream.ReferencePipeline$3$1.accept(ReferencePipeline.java:197) ~[na:na]
	at java.base/java.util.stream.ReferencePipeline$2$1.accept(ReferencePipeline.java:179) ~[na:na]
	at java.base/java.util.stream.ReferencePipeline$3$1.accept(ReferencePipeline.java:197) ~[na:na]
	at java.base/java.util.ArrayList$ArrayListSpliterator.forEachRemaining(ArrayList.java:1708) ~[na:na]
	at java.base/java.util.stream.AbstractPipeline.copyInto(AbstractPipeline.java:509) ~[na:na]
	at java.base/java.util.stream.AbstractPipeline.wrapAndCopyInto(AbstractPipeline.java:499) ~[na:na]
	at java.base/java.util.stream.ForEachOps$ForEachOp.evaluateSequential(ForEachOps.java:151) ~[na:na]
	at java.base/java.util.stream.ForEachOps$ForEachOp$OfRef.evaluateSequential(ForEachOps.java:174) ~[na:na]
	at java.base/java.util.stream.AbstractPipeline.evaluate(AbstractPipeline.java:234) ~[na:na]
	at java.base/java.util.stream.ReferencePipeline.forEach(ReferencePipeline.java:596) ~[na:na]
	at org.junit.jupiter.engine.descriptor.ClassBasedTestDescriptor.invokeTestInstancePostProcessors(ClassBasedTestDescriptor.java:382) ~[junit-jupiter-engine-5.12.2.jar:5.12.2]
	at org.junit.jupiter.engine.descriptor.ClassBasedTestDescriptor.lambda$instantiateAndPostProcessTestInstance$6(ClassBasedTestDescriptor.java:293) ~[junit-jupiter-engine-5.12.2.jar:5.12.2]
	at org.junit.platform.engine.support.hierarchical.ThrowableCollector.execute(ThrowableCollector.java:73) ~[junit-platform-engine-1.12.2.jar:1.12.2]
	at org.junit.jupiter.engine.descriptor.ClassBasedTestDescriptor.instantiateAndPostProcessTestInstance(ClassBasedTestDescriptor.java:292) ~[junit-jupiter-engine-5.12.2.jar:5.12.2]
	at org.junit.jupiter.engine.descriptor.ClassBasedTestDescriptor.lambda$testInstancesProvider$4(ClassBasedTestDescriptor.java:281) ~[junit-jupiter-engine-5.12.2.jar:5.12.2]
	at java.base/java.util.Optional.orElseGet(Optional.java:364) ~[na:na]
	at org.junit.jupiter.engine.descriptor.ClassBasedTestDescriptor.lambda$testInstancesProvider$5(ClassBasedTestDescriptor.java:280) ~[junit-jupiter-engine-5.12.2.jar:5.12.2]
	at org.junit.jupiter.engine.execution.TestInstancesProvider.getTestInstances(TestInstancesProvider.java:27) ~[junit-jupiter-engine-5.12.2.jar:5.12.2]
	at org.junit.jupiter.engine.descriptor.ClassBasedTestDescriptor.lambda$before$2(ClassBasedTestDescriptor.java:205) ~[junit-jupiter-engine-5.12.2.jar:5.12.2]
	at org.junit.platform.engine.support.hierarchical.ThrowableCollector.execute(ThrowableCollector.java:73) ~[junit-platform-engine-1.12.2.jar:1.12.2]
	at org.junit.jupiter.engine.descriptor.ClassBasedTestDescriptor.before(ClassBasedTestDescriptor.java:204) ~[junit-jupiter-engine-5.12.2.jar:5.12.2]
	at org.junit.jupiter.engine.descriptor.ClassBasedTestDescriptor.before(ClassBasedTestDescriptor.java:84) ~[junit-jupiter-engine-5.12.2.jar:5.12.2]
	at org.junit.platform.engine.support.hierarchical.NodeTestTask.lambda$executeRecursively$6(NodeTestTask.java:153) ~[junit-platform-engine-1.12.2.jar:1.12.2]
	at org.junit.platform.engine.support.hierarchical.ThrowableCollector.execute(ThrowableCollector.java:73) ~[junit-platform-engine-1.12.2.jar:1.12.2]
	at org.junit.platform.engine.support.hierarchical.NodeTestTask.lambda$executeRecursively$8(NodeTestTask.java:146) ~[junit-platform-engine-1.12.2.jar:1.12.2]
	at org.junit.platform.engine.support.hierarchical.Node.around(Node.java:137) ~[junit-platform-engine-1.12.2.jar:1.12.2]
	at org.junit.platform.engine.support.hierarchical.NodeTestTask.lambda$executeRecursively$9(NodeTestTask.java:144) ~[junit-platform-engine-1.12.2.jar:1.12.2]
	at org.junit.platform.engine.support.hierarchical.ThrowableCollector.execute(ThrowableCollector.java:73) ~[junit-platform-engine-1.12.2.jar:1.12.2]
	at org.junit.platform.engine.support.hierarchical.NodeTestTask.executeRecursively(NodeTestTask.java:143) ~[junit-platform-engine-1.12.2.jar:1.12.2]
	at org.junit.platform.engine.support.hierarchical.NodeTestTask.execute(NodeTestTask.java:100) ~[junit-platform-engine-1.12.2.jar:1.12.2]
	at java.base/java.util.ArrayList.forEach(ArrayList.java:1596) ~[na:na]
	at org.junit.platform.engine.support.hierarchical.SameThreadHierarchicalTestExecutorService.invokeAll(SameThreadHierarchicalTestExecutorService.java:41) ~[junit-platform-engine-1.12.2.jar:1.12.2]
	at org.junit.platform.engine.support.hierarchical.NodeTestTask.lambda$executeRecursively$6(NodeTestTask.java:160) ~[junit-platform-engine-1.12.2.jar:1.12.2]
	at org.junit.platform.engine.support.hierarchical.ThrowableCollector.execute(ThrowableCollector.java:73) ~[junit-platform-engine-1.12.2.jar:1.12.2]
	at org.junit.platform.engine.support.hierarchical.NodeTestTask.lambda$executeRecursively$8(NodeTestTask.java:146) ~[junit-platform-engine-1.12.2.jar:1.12.2]
	at org.junit.platform.engine.support.hierarchical.Node.around(Node.java:137) ~[junit-platform-engine-1.12.2.jar:1.12.2]
	at org.junit.platform.engine.support.hierarchical.NodeTestTask.lambda$executeRecursively$9(NodeTestTask.java:144) ~[junit-platform-engine-1.12.2.jar:1.12.2]
	at org.junit.platform.engine.support.hierarchical.ThrowableCollector.execute(ThrowableCollector.java:73) ~[junit-platform-engine-1.12.2.jar:1.12.2]
	at org.junit.platform.engine.support.hierarchical.NodeTestTask.executeRecursively(NodeTestTask.java:143) ~[junit-platform-engine-1.12.2.jar:1.12.2]
	at org.junit.platform.engine.support.hierarchical.NodeTestTask.execute(NodeTestTask.java:100) ~[junit-platform-engine-1.12.2.jar:1.12.2]
	at org.junit.platform.engine.support.hierarchical.SameThreadHierarchicalTestExecutorService.submit(SameThreadHierarchicalTestExecutorService.java:35) ~[junit-platform-engine-1.12.2.jar:1.12.2]
	at org.junit.platform.engine.support.hierarchical.HierarchicalTestExecutor.execute(HierarchicalTestExecutor.java:57) ~[junit-platform-engine-1.12.2.jar:1.12.2]
	at org.junit.platform.engine.support.hierarchical.HierarchicalTestEngine.execute(HierarchicalTestEngine.java:54) ~[junit-platform-engine-1.12.2.jar:1.12.2]
	at org.junit.platform.launcher.core.EngineExecutionOrchestrator.execute(EngineExecutionOrchestrator.java:201) ~[junit-platform-launcher-1.12.2.jar:1.12.2]
	at org.junit.platform.launcher.core.EngineExecutionOrchestrator.execute(EngineExecutionOrchestrator.java:170) ~[junit-platform-launcher-1.12.2.jar:1.12.2]
	at org.junit.platform.launcher.core.EngineExecutionOrchestrator.execute(EngineExecutionOrchestrator.java:94) ~[junit-platform-launcher-1.12.2.jar:1.12.2]
	at org.junit.platform.launcher.core.EngineExecutionOrchestrator.lambda$execute$0(EngineExecutionOrchestrator.java:59) ~[junit-platform-launcher-1.12.2.jar:1.12.2]
	at org.junit.platform.launcher.core.EngineExecutionOrchestrator.withInterceptedStreams(EngineExecutionOrchestrator.java:142) ~[junit-platform-launcher-1.12.2.jar:1.12.2]
	at org.junit.platform.launcher.core.EngineExecutionOrchestrator.execute(EngineExecutionOrchestrator.java:58) ~[junit-platform-launcher-1.12.2.jar:1.12.2]
	at org.junit.platform.launcher.core.DefaultLauncher.execute(DefaultLauncher.java:103) ~[junit-platform-launcher-1.12.2.jar:1.12.2]
	at org.junit.platform.launcher.core.DefaultLauncher.execute(DefaultLauncher.java:85) ~[junit-platform-launcher-1.12.2.jar:1.12.2]
	at org.junit.platform.launcher.core.DelegatingLauncher.execute(DelegatingLauncher.java:47) ~[junit-platform-launcher-1.12.2.jar:1.12.2]
	at org.junit.platform.launcher.core.InterceptingLauncher.lambda$execute$1(InterceptingLauncher.java:39) ~[junit-platform-launcher-1.12.2.jar:1.12.2]
	at org.junit.platform.launcher.core.ClasspathAlignmentCheckingLauncherInterceptor.intercept(ClasspathAlignmentCheckingLauncherInterceptor.java:25) ~[junit-platform-launcher-1.12.2.jar:1.12.2]
	at org.junit.platform.launcher.core.InterceptingLauncher.execute(InterceptingLauncher.java:38) ~[junit-platform-launcher-1.12.2.jar:1.12.2]
	at org.junit.platform.launcher.core.DelegatingLauncher.execute(DelegatingLauncher.java:47) ~[junit-platform-launcher-1.12.2.jar:1.12.2]
	at org.apache.maven.surefire.junitplatform.LauncherAdapter.executeWithoutCancellationToken(LauncherAdapter.java:60) ~[surefire-junit-platform-3.5.4.jar:3.5.4]
	at org.apache.maven.surefire.junitplatform.LauncherAdapter.execute(LauncherAdapter.java:52) ~[surefire-junit-platform-3.5.4.jar:3.5.4]
	at org.apache.maven.surefire.junitplatform.JUnitPlatformProvider.execute(JUnitPlatformProvider.java:203) ~[surefire-junit-platform-3.5.4.jar:3.5.4]
	at org.apache.maven.surefire.junitplatform.JUnitPlatformProvider.invokeAllTests(JUnitPlatformProvider.java:168) ~[surefire-junit-platform-3.5.4.jar:3.5.4]
	at org.apache.maven.surefire.junitplatform.JUnitPlatformProvider.invoke(JUnitPlatformProvider.java:136) ~[surefire-junit-platform-3.5.4.jar:3.5.4]
	at org.apache.maven.surefire.booter.ForkedBooter.runSuitesInProcess(ForkedBooter.java:385) ~[surefire-booter-3.5.4.jar:3.5.4]
	at org.apache.maven.surefire.booter.ForkedBooter.execute(ForkedBooter.java:162) ~[surefire-booter-3.5.4.jar:3.5.4]
	at org.apache.maven.surefire.booter.ForkedBooter.run(ForkedBooter.java:507) ~[surefire-booter-3.5.4.jar:3.5.4]
	at org.apache.maven.surefire.booter.ForkedBooter.main(ForkedBooter.java:495) ~[surefire-booter-3.5.4.jar:3.5.4]
Caused by: org.apache.kafka.common.errors.InvalidReplicationFactorException: Replication factor: 3 larger than available brokers: 2.

2025-12-07T23:37:11.399+03:00  INFO 111780 --- [           main] o.s.b.w.embedded.tomcat.TomcatWebServer  : Tomcat started on port 42781 (http) with context path '/'
2025-12-07T23:37:12.289+03:00  INFO 111780 --- [           main] Kafka_Project.CompleteIntegrationTest    : Started CompleteIntegrationTest in 31.789 seconds (process running for 33.024)
2025-12-07T23:37:12.535+03:00  INFO 111780 --- [           main] com.clickhouse.jdbc.ClickHouseDriver     : ClickHouse JDBC driver version: clickhouse-jdbc 0.8.1 (revision: 25af97d)
2025-12-07T23:37:12.535+03:00  INFO 111780 --- [           main] com.clickhouse.jdbc.ClickHouseDriver     : v2 driver
2025-12-07T23:37:12.539+03:00  INFO 111780 --- [           main] com.clickhouse.jdbc.ClickHouseDriver     : v2 driver
2025-12-07T23:37:12.626+03:00  INFO 111780 --- [           main] com.clickhouse.client.api.Client         : Using server timezone: UTC
2025-12-07T23:37:12.798+03:00  INFO 111780 --- [           main] com.clickhouse.client.api.Client         : Connection reuse strategy: FIFO
2025-12-07T23:37:12.904+03:00  INFO 111780 --- [           main] com.clickhouse.client.api.Client         : client compression: false, server compression: true, http compression: false
2025-12-07T23:37:13.086+03:00  INFO 111780 --- [           main] com.clickhouse.jdbc.StatementImpl        : Statement schema default
2025-12-07T23:37:13.293+03:00  INFO 111780 --- [           main] Kafka_Project.ProducerController         : Processed 1 events, skipped 0 events for user: test-tracking-001
]]></system-out>
    <system-err><![CDATA[Mockito is currently self-attaching to enable the inline-mock-maker. This will no longer work in future releases of the JDK. Please add Mockito as an agent to your build as described in Mockito's documentation: https://javadoc.io/doc/org.mockito/mockito-core/latest/org.mockito/org/mockito/Mockito.html#0.3
WARNING: A Java agent has been loaded dynamically (/home/salah/.m2/repository/net/bytebuddy/byte-buddy-agent/1.17.8/byte-buddy-agent-1.17.8.jar)
WARNING: If a serviceability tool is in use, please run with -XX:+EnableDynamicAgentLoading to hide this warning
WARNING: If a serviceability tool is not in use, please run with -Djdk.instrument.traceUsage for more information
WARNING: Dynamic loading of agents will be disallowed by default in a future release
]]></system-err>
  </testcase>
  <testcase name="testInvalidEventType" classname="Kafka_Project.CompleteIntegrationTest" time="0.032">
    <system-out><![CDATA[2025-12-07T23:37:13.484+03:00  INFO 111780 --- [           main] Kafka_Project.ProducerController         : Processed 0 events, skipped 1 events for user: anonymous
]]></system-out>
  </testcase>
  <testcase name="testFormEvents" classname="Kafka_Project.CompleteIntegrationTest" time="0.022">
    <system-out><![CDATA[2025-12-07T23:37:13.513+03:00  INFO 111780 --- [           main] Kafka_Project.ProducerController         : Processed 3 events, skipped 0 events for user: test-tracking-001
]]></system-out>
  </testcase>
  <testcase name="testPageLoadEvent" classname="Kafka_Project.CompleteIntegrationTest" time="0.022">
    <system-out><![CDATA[2025-12-07T23:37:13.542+03:00  INFO 111780 --- [           main] Kafka_Project.ProducerController         : Processed 1 events, skipped 0 events for user: test-tracking-001
]]></system-out>
  </testcase>
  <testcase name="testEcommerceEvents" classname="Kafka_Project.CompleteIntegrationTest" time="0.02">
    <system-out><![CDATA[2025-12-07T23:37:13.563+03:00  INFO 111780 --- [           main] Kafka_Project.ProducerController         : Processed 4 events, skipped 0 events for user: test-tracking-001
]]></system-out>
  </testcase>
  <testcase name="testRateLimitExceeded" classname="Kafka_Project.CompleteIntegrationTest" time="0.047">
    <system-out><![CDATA[2025-12-07T23:37:13.586+03:00  WARN 111780 --- [           main] Kafka_Project.ProducerController         : Rate limit exceeded for IP: 127.0.0.1
]]></system-out>
  </testcase>
  <testcase name="testReadyCheck" classname="Kafka_Project.CompleteIntegrationTest" time="0.031"/>
  <testcase name="testPeriodicBatchEvent" classname="Kafka_Project.CompleteIntegrationTest" time="0.042">
    <system-out><![CDATA[2025-12-07T23:37:13.671+03:00  INFO 111780 --- [           main] Kafka_Project.ProducerController         : Processed 1 events, skipped 0 events for user: test-tracking-001
]]></system-out>
  </testcase>
  <testcase name="testScrollEvents" classname="Kafka_Project.CompleteIntegrationTest" time="0.043">
    <system-out><![CDATA[2025-12-07T23:37:13.728+03:00  INFO 111780 --- [           main] Kafka_Project.ProducerController         : Processed 2 events, skipped 0 events for user: test-tracking-001
]]></system-out>
  </testcase>
  <testcase name="testVideoEvents" classname="Kafka_Project.CompleteIntegrationTest" time="0.035">
    <system-out><![CDATA[2025-12-07T23:37:13.765+03:00  INFO 111780 --- [           main] Kafka_Project.ProducerController         : Processed 3 events, skipped 0 events for user: test-tracking-001
]]></system-out>
  </testcase>
  <testcase name="testMissingDataField" classname="Kafka_Project.CompleteIntegrationTest" time="0.051">
    <system-out><![CDATA[2025-12-07T23:37:13.818+03:00  INFO 111780 --- [           main] Kafka_Project.ProducerController         : Processed 0 events, skipped 1 events for user: anonymous
]]></system-out>
  </testcase>
  <testcase name="testClickEvents" classname="Kafka_Project.CompleteIntegrationTest" time="0.016">
    <system-out><![CDATA[2025-12-07T23:37:13.845+03:00  INFO 111780 --- [           main] Kafka_Project.ProducerController         : Processed 3 events, skipped 0 events for user: test-tracking-001
]]></system-out>
  </testcase>
  <testcase name="testPageViewEvent" classname="Kafka_Project.CompleteIntegrationTest" time="0.025">
    <system-out><![CDATA[2025-12-07T23:37:13.867+03:00  INFO 111780 --- [           main] Kafka_Project.ProducerController         : Processed 1 events, skipped 0 events for user: test-tracking-001
]]></system-out>
  </testcase>
  <testcase name="testMultipleEventsBatch" classname="Kafka_Project.CompleteIntegrationTest" time="0.029">
    <system-out><![CDATA[2025-12-07T23:37:13.901+03:00  INFO 111780 --- [           main] Kafka_Project.ProducerController         : Processed 3 events, skipped 0 events for user: test-tracking-001
]]></system-out>
  </testcase>
  <testcase name="testPageVisibilityEvents" classname="Kafka_Project.CompleteIntegrationTest" time="0.026">
    <system-out><![CDATA[2025-12-07T23:37:13.925+03:00  INFO 111780 --- [           main] Kafka_Project.ProducerController         : Processed 2 events, skipped 0 events for user: test-tracking-001
]]></system-out>
  </testcase>
  <testcase name="testMouseMovementEvents" classname="Kafka_Project.CompleteIntegrationTest" time="0.011">
    <system-out><![CDATA[2025-12-07T23:37:13.945+03:00  INFO 111780 --- [           main] Kafka_Project.ProducerController         : Processed 2 events, skipped 0 events for user: test-tracking-001
]]></system-out>
  </testcase>
  <testcase name="testFileDownloadEvent" classname="Kafka_Project.CompleteIntegrationTest" time="0.017">
    <system-out><![CDATA[2025-12-07T23:37:13.959+03:00  INFO 111780 --- [           main] Kafka_Project.ProducerController         : Processed 1 events, skipped 0 events for user: test-tracking-001
]]></system-out>
  </testcase>
  <testcase name="testHealthCheck" classname="Kafka_Project.CompleteIntegrationTest" time="0.01"/>
  <testcase name="testCustomEvent" classname="Kafka_Project.CompleteIntegrationTest" time="0.014">
    <system-out><![CDATA[2025-12-07T23:37:13.988+03:00  INFO 111780 --- [           main] Kafka_Project.ProducerController         : Processed 1 events, skipped 0 events for user: test-tracking-001
]]></system-out>
  </testcase>
</testsuite>