<?xml version="1.0" encoding="UTF-8"?>
<testsuite xmlns:xsi="http://www.w3.org/2001/XMLSchema-instance" xsi:noNamespaceSchemaLocation="https://maven.apache.org/surefire/maven-surefire-plugin/xsd/surefire-test-report.xsd" version="3.0.2" name="Kafka_Project.CompleteIntegrationTest" time="33.943" tests="19" errors="0" skipped="0" failures="0">
  <properties>
[...]
</properties>
  <testcase name="testPageUnloadEvent" classname="Kafka_Project.CompleteIntegrationTest" time="0.355">
    <system-out><![CDATA[23:36:40.156 [main] INFO org.springframework.test.context.support.AnnotationConfigContextLoaderUtils -- Could not detect default configuration classes for test class [Kafka_Project.CompleteIntegrationTest]: CompleteIntegrationTest does not declare any static, non-private, non-final, nested classes annotated with @Configuration.
23:36:40.336 [main] INFO org.springframework.boot.test.context.SpringBootTestContextBootstrapper -- Found @SpringBootConfiguration Kafka_Project.KafkaProjectApplication for test class Kafka_Project.CompleteIntegrationTest

  .   ____          _            __ _ _
 /\\ / ___'_ __ _ _(_)_ __  __ _ \ \ \ \
( ( )\___ | '_ | '_| | '_ \/ _` | \ \ \ \
 \\/  ___)| |_)| | | | | || (_| |  ) ) ) )
  '  |____| .__|_| |_|_| |_\__, | / / / /
 =========|_|==============|___/=/_/_/_/

 :: Spring Boot ::                (v3.5.8)

2025-12-07T23:36:40.796+03:00  WARN 111780 --- [           main] ory$DuplicateJsonObjectContextCustomizer : 

Found multiple occurrences of org.json.JSONObject on the class path:

	jar:file:/home/salah/.m2/repository/com/vaadin/external/google/android-json/0.0.20131108.vaadin1/android-json-0.0.20131108.vaadin1.jar!/org/json/JSONObject.class
	jar:file:/home/salah/.m2/repository/org/json/json/20250107/json-20250107.jar!/org/json/JSONObject.class

You may wish to exclude one of them to ensure predictable runtime behavior

2025-12-07T23:36:40.810+03:00  INFO 111780 --- [           main] Kafka_Project.CompleteIntegrationTest    : Starting CompleteIntegrationTest using Java 21.0.9 with PID 111780 (started by salah in /home/salah/Downloads/Real-Time-Distributed-Analytics-Dashboard-Project-main/backend/kafka-analytics-project/Kafka-Project)
2025-12-07T23:36:40.811+03:00  INFO 111780 --- [           main] Kafka_Project.CompleteIntegrationTest    : The following 1 profile is active: "test"
2025-12-07T23:36:43.425+03:00  INFO 111780 --- [           main] o.s.b.w.embedded.tomcat.TomcatWebServer  : Tomcat initialized with port 0 (http)
2025-12-07T23:36:43.448+03:00  INFO 111780 --- [           main] o.apache.catalina.core.StandardService   : Starting service [Tomcat]
2025-12-07T23:36:43.450+03:00  INFO 111780 --- [           main] o.apache.catalina.core.StandardEngine    : Starting Servlet engine: [Apache Tomcat/10.1.49]
2025-12-07T23:36:43.524+03:00  INFO 111780 --- [           main] o.a.c.c.C.[Tomcat].[localhost].[/]       : Initializing Spring embedded WebApplicationContext
2025-12-07T23:36:43.526+03:00  INFO 111780 --- [           main] w.s.c.ServletWebServerApplicationContext : Root WebApplicationContext: initialization completed in 2696 ms
2025-12-07T23:36:43.844+03:00  INFO 111780 --- [           main] com.clickhouse.jdbc.ClickHouseDriver     : ClickHouse JDBC driver version: clickhouse-jdbc 0.8.1 (revision: 25af97d)
2025-12-07T23:36:43.845+03:00  INFO 111780 --- [           main] com.clickhouse.jdbc.ClickHouseDriver     : v2 driver
2025-12-07T23:36:43.860+03:00  INFO 111780 --- [           main] com.clickhouse.jdbc.Driver               : ClickHouse JDBC driver version: 0.8.1
2025-12-07T23:36:44.587+03:00  INFO 111780 --- [           main] o.a.c.c.C.[Tomcat].[localhost].[/]       : Initializing Spring TestDispatcherServlet ''
2025-12-07T23:36:44.587+03:00  INFO 111780 --- [           main] o.s.t.web.servlet.TestDispatcherServlet  : Initializing Servlet ''
2025-12-07T23:36:44.589+03:00  INFO 111780 --- [           main] o.s.t.web.servlet.TestDispatcherServlet  : Completed initialization in 1 ms
2025-12-07T23:37:11.306+03:00 ERROR 111780 --- [           main] o.springframework.kafka.core.KafkaAdmin  : Failed to create topics

org.apache.kafka.common.errors.InvalidReplicationFactorException: Replication factor: 3 larger than available brokers: 2.

2025-12-07T23:37:11.315+03:00 ERROR 111780 --- [           main] o.springframework.kafka.core.KafkaAdmin  : Could not configure topics

org.springframework.kafka.KafkaException: Failed to create topics
	at org.springframework.kafka.core.KafkaAdmin.addTopics(KafkaAdmin.java:599) ~[spring-kafka-3.3.11.jar:3.3.11]
	at org.springframework.kafka.core.KafkaAdmin.addOrModifyTopicsIfNeeded(KafkaAdmin.java:446) ~[spring-kafka-3.3.11.jar:3.3.11]
	at org.springframework.kafka.core.KafkaAdmin.initialize(KafkaAdmin.java:277) ~[spring-kafka-3.3.11.jar:3.3.11]
	at org.springframework.kafka.core.KafkaAdmin.afterSingletonsInstantiated(KafkaAdmin.java:246) ~[spring-kafka-3.3.11.jar:3.3.11]
	at org.springframework.beans.factory.support.DefaultListableBeanFactory.preInstantiateSingletons(DefaultListableBeanFactory.java:1156) ~[spring-beans-6.2.14.jar:6.2.14]
	at org.springframework.context.support.AbstractApplicationContext.finishBeanFactoryInitialization(AbstractApplicationContext.java:990) ~[spring-context-6.2.14.jar:6.2.14]
	at org.springframework.context.support.AbstractApplicationContext.refresh(AbstractApplicationContext.java:627) ~[spring-context-6.2.14.jar:6.2.14]
	at org.springframework.boot.web.servlet.context.ServletWebServerApplicationContext.refresh(ServletWebServerApplicationContext.java:146) ~[spring-boot-3.5.8.jar:3.5.8]
	at org.springframework.boot.SpringApplication.refresh(SpringApplication.java:752) ~[spring-boot-3.5.8.jar:3.5.8]
	at org.springframework.boot.SpringApplication.refreshContext(SpringApplication.java:439) ~[spring-boot-3.5.8.jar:3.5.8]
	at org.springframework.boot.SpringApplication.run(SpringApplication.java:318) ~[spring-boot-3.5.8.jar:3.5.8]
	at org.springframework.boot.test.context.SpringBootContextLoader.lambda$loadContext$3(SpringBootContextLoader.java:144) ~[spring-boot-test-3.5.8.jar:3.5.8]
	at org.springframework.util.function.ThrowingSupplier.get(ThrowingSupplier.java:58) ~[spring-core-6.2.14.jar:6.2.14]
	at org.springframework.util.function.ThrowingSupplier.get(ThrowingSupplier.java:46) ~[spring-core-6.2.14.jar:6.2.14]
	at org.springframework.boot.SpringApplication.withHook(SpringApplication.java:1461) ~[spring-boot-3.5.8.jar:3.5.8]
	at org.springframework.boot.test.context.SpringBootContextLoader$ContextLoaderHook.run(SpringBootContextLoader.java:563) ~[spring-boot-test-3.5.8.jar:3.5.8]
	at org.springframework.boot.test.context.SpringBootContextLoader.loadContext(SpringBootContextLoader.java:144) ~[spring-boot-test-3.5.8.jar:3.5.8]
	at org.springframework.boot.test.context.SpringBootContextLoader.loadContext(SpringBootContextLoader.java:110) ~[spring-boot-test-3.5.8.jar:3.5.8]
	at org.springframework.test.context.cache.DefaultCacheAwareContextLoaderDelegate.loadContextInternal(DefaultCacheAwareContextLoaderDelegate.java:225) ~[spring-test-6.2.14.jar:6.2.14]
	at org.springframework.test.context.cache.DefaultCacheAwareContextLoaderDelegate.loadContext(DefaultCacheAwareContextLoaderDelegate.java:152) ~[spring-test-6.2.14.jar:6.2.14]
	at org.springframework.test.context.support.DefaultTestContext.getApplicationContext(DefaultTestContext.java:130) ~[spring-test-6.2.14.jar:6.2.14]
	at org.springframework.boot.test.mock.mockito.MockitoTestExecutionListener.postProcessFields(MockitoTestExecutionListener.java:128) ~[spring-boot-test-3.5.8.jar:3.5.8]
	at org.springframework.boot.test.mock.mockito.MockitoTestExecutionListener.injectFields(MockitoTestExecutionListener.java:112) ~[spring-boot-test-3.5.8.jar:3.5.8]
	at org.springframework.boot.test.mock.mockito.MockitoTestExecutionListener.prepareTestInstance(MockitoTestExecutionListener.java:69) ~[spring-boot-test-3.5.8.jar:3.5.8]
	at org.springframework.test.context.TestContextManager.prepareTestInstance(TestContextManager.java:260) ~[spring-test-6.2.14.jar:6.2.14]
	at org.springframework.test.context.junit.jupiter.SpringExtension.postProcessTestInstance(SpringExtension.java:159) ~[spring-test-6.2.14.jar:6.2.14]
	at org.junit.jupiter.engine.descriptor.ClassBasedTestDescriptor.lambda$invokeTestInstancePostProcessors$10(ClassBasedTestDescriptor.java:383) ~[junit-jupiter-engine-5.12.2.jar:5.12.2]
	at org.junit.jupiter.engine.descriptor.ClassBasedTestDescriptor.executeAndMaskThrowable(ClassBasedTestDescriptor.java:388) ~[junit-jupiter-engine-5.12.2.jar:5.12.2]
	at org.junit.jupiter.engine.descriptor.ClassBasedTestDescriptor.lambda$invokeTestInstancePostProcessors$11(ClassBasedTestDescriptor.java:382) ~[junit-jupiter-engine-5.12.2.jar:5.12.2]
	at java.base/java.util.stream.ForEachOps$ForEachOp$OfRef.accept(ForEachOps.java:184) ~[na:na]
	at java.base/java.util.stream.ReferencePipeline$3$1.accept(ReferencePipeline.java:197) ~[na:na]
	at java.base/java.util.stream.ReferencePipeline$2$1.accept(ReferencePipeline.java:179) ~[na:na]
	at java.base/java.util.stream.ReferencePipeline$3$1.accept(ReferencePipeline.java:197) ~[na:na]
	at java.base/java.util.ArrayList$ArrayListSpliterator.forEachRemaining(ArrayList.java:1708) ~[na:na]
	at java.base/java.util.stream.AbstractPipeline.copyInto(AbstractPipeline.java:509) ~[na:na]
	at java.base/java.util.stream.AbstractPipeline.wrapAndCopyInto(AbstractPipeline.java:499) ~[na:na]
	at java.base/java.util.stream.ForEachOps$ForEachOp.evaluateSequential(ForEachOps.java:151) ~[na:na]
	at java.base/java.util.stream.ForEachOps$ForEachOp$OfRef.evaluateSequential(ForEachOps.java:174) ~[na:na]
	at java.base/java.util.stream.AbstractPipeline.evaluate(AbstractPipeline.java:234) ~[na:na]
	at java.base/java.util.stream.ReferencePipeline.forEach(ReferencePipeline.java:596) ~[na:na]
	at org.junit.jupiter.engine.descriptor.ClassBasedTestDescriptor.invokeTestInstancePostProcessors(ClassBasedTestDescriptor.java:382) ~[junit-jupiter-engine-5.12.2.jar:5.12.2]
	at org.junit.jupiter.engine.descriptor.ClassBasedTestDescriptor.lambda$instantiateAndPostProcessTestInstance$6(ClassBasedTestDescriptor.java:293) ~[junit-jupiter-engine-5.12.2.jar:5.12.2]
	at org.junit.platform.engine.support.hierarchical.ThrowableCollector.execute(ThrowableCollector.java:73) ~[junit-platform-engine-1.12.2.jar:1.12.2]
	at org.junit.jupiter.engine.descriptor.ClassBasedTestDescriptor.instantiateAndPostProcessTestInstance(ClassBasedTestDescriptor.java:292) ~[junit-jupiter-engine-5.12.2.jar:5.12.2]
	at org.junit.jupiter.engine.descriptor.ClassBasedTestDescriptor.lambda$testInstancesProvider$4(ClassBasedTestDescriptor.java:281) ~[junit-jupiter-engine-5.12.2.jar:5.12.2]
	at java.base/java.util.Optional.orElseGet(Optional.java:364) ~[na:na]
	at org.junit.jupiter.engine.descriptor.ClassBasedTestDescriptor.lambda$testInstancesProvider$5(ClassBasedTestDescriptor.java:280) ~[junit-jupiter-engine-5.12.2.jar:5.12.2]
	at org.junit.jupiter.engine.execution.TestInstancesProvider.getTestInstances(TestInstancesProvider.java:27) ~[junit-jupiter-engine-5.12.2.jar:5.12.2]
	at org.junit.jupiter.engine.descriptor.ClassBasedTestDescriptor.lambda$before$2(ClassBasedTestDescriptor.java:205) ~[junit-jupiter-engine-5.12.2.jar:5.12.2]
	at org.junit.platform.engine.support.hierarchical.ThrowableCollector.execute(ThrowableCollector.java:73) ~[junit-platform-engine-1.12.2.jar:1.12.2]
	at org.junit.jupiter.engine.descriptor.ClassBasedTestDescriptor.before(ClassBasedTestDescriptor.java:204) ~[junit-jupiter-engine-5.12.2.jar:5.12.2]
	at org.junit.jupiter.engine.descriptor.ClassBasedTestDescriptor.before(ClassBasedTestDescriptor.java:84) ~[junit-jupiter-engine-5.12.2.jar:5.12.2]
	at org.junit.platform.engine.support.hierarchical.NodeTestTask.lambda$executeRecursively$6(NodeTestTask.java:153) ~[junit-platform-engine-1.12.2.jar:1.12.2]
	at org.junit.platform.engine.support.hierarchical.ThrowableCollector.execute(ThrowableCollector.java:73) ~[junit-platform-engine-1.12.2.jar:1.12.2]
	at org.junit.platform.engine.support.hierarchical.NodeTestTask.lambda$executeRecursively$8(NodeTestTask.java:146) ~[junit-platform-engine-1.12.2.jar:1.12.2]
	at org.junit.platform.engine.support.hierarchical.Node.around(Node.java:137) ~[junit-platform-engine-1.12.2.jar:1.12.2]
	at org.junit.platform.engine.support.hierarchical.NodeTestTask.lambda$executeRecursively$9(NodeTestTask.java:144) ~[junit-platform-engine-1.12.2.jar:1.12.2]
	at org.junit.platform.engine.support.hierarchical.ThrowableCollector.execute(ThrowableCollector.java:73) ~[junit-platform-engine-1.12.2.jar:1.12.2]
	at org.junit.platform.engine.support.hierarchical.NodeTestTask.executeRecursively(NodeTestTask.java:143) ~[junit-platform-engine-1.12.2.jar:1.12.2]
	at org.junit.platform.engine.support.hierarchical.NodeTestTask.execute(NodeTestTask.java:100) ~[junit-platform-engine-1.12.2.jar:1.12.2]
	at java.base/java.util.ArrayList.forEach(ArrayList.java:1596) ~[na:na]
	at org.junit.platform.engine.support.hierarchical.SameThreadHierarchicalTestExecutorService.invokeAll(SameThreadHierarchicalTestExecutorService.java:41) ~[junit-platform-engine-1.12.2.jar:1.12.2]
	at org.junit.platform.engine.support.hierarchical.NodeTestTask.lambda$executeRecursively$6(NodeTestTask.java:160) ~[junit-platform-engine-1.12.2.jar:1.12.2]
	at org.junit.platform.engine.support.hierarchical.ThrowableCollector.execute(ThrowableCollector.java:73) ~[junit-platform-engine-1.12.2.jar:1.12.2]
	at org.junit.platform.engine.support.hierarchical.NodeTestTask.lambda$executeRecursively$8(NodeTestTask.java:146) ~[junit-platform-engine-1.12.2.jar:1.12.2]
	at org.junit.platform.engine.support.hierarchical.Node.around(Node.java:137) ~[junit-platform-engine-1.12.2.jar:1.12.2]
	at org.junit.platform.engine.support.hierarchical.NodeTestTask.lambda$executeRecursively$9(NodeTestTask.java:144) ~[junit-platform-engine-1.12.2.jar:1.12.2]
	at org.junit.platform.engine.support.hierarchical.ThrowableCollector.execute(ThrowableCollector.java:73) ~[junit-platform-engine-1.12.2.jar:1.12.2]
	at org.junit.platform.engine.support.hierarchical.NodeTestTask.executeRecursively(NodeTestTask.java:143) ~[junit-platform-engine-1.12.2.jar:1.12.2]
	at org.junit.platform.engine.support.hierarchical.NodeTestTask.execute(NodeTestTask.java:100) ~[junit-platform-engine-1.12.2.jar:1.12.2]
	at org.junit.platform.engine.support.hierarchical.SameThreadHierarchicalTestExecutorService.submit(SameThreadHierarchicalTestExecutorService.java:35) ~[junit-platform-engine-1.12.2.jar:1.12.2]
	at org.junit.platform.engine.support.hierarchical.HierarchicalTestExecutor.execute(HierarchicalTestExecutor.java:57) ~[junit-platform-engine-1.12.2.jar:1.12.2]
	at org.junit.platform.engine.support.hierarchical.HierarchicalTestEngine.execute(HierarchicalTestEngine.java:54) ~[junit-platform-engine-1.12.2.jar:1.12.2]
	at org.junit.platform.launcher.core.EngineExecutionOrchestrator.execute(EngineExecutionOrchestrator.java:201) ~[junit-platform-launcher-1.12.2.jar:1.12.2]
	at org.junit.platform.launcher.core.EngineExecutionOrchestrator.execute(EngineExecutionOrchestrator.java:170) ~[junit-platform-launcher-1.12.2.jar:1.12.2]
	at org.junit.platform.launcher.core.EngineExecutionOrchestrator.execute(EngineExecutionOrchestrator.java:94) ~[junit-platform-launcher-1.12.2.jar:1.12.2]
	at org.junit.platform.launcher.core.EngineExecutionOrchestrator.lambda$execute$0(EngineExecutionOrchestrator.java:59) ~[junit-platform-launcher-1.12.2.jar:1.12.2]
	at org.junit.platform.launcher.core.EngineExecutionOrchestrator.withInterceptedStreams(EngineExecutionOrchestrator.java:142) ~[junit-platform-launcher-1.12.2.jar:1.12.2]
	at org.junit.platform.launcher.core.EngineExecutionOrchestrator.execute(EngineExecutionOrchestrator.java:58) ~[junit-platform-launcher-1.12.2.jar:1.12.2]
	at org.junit.platform.launcher.core.DefaultLauncher.execute(DefaultLauncher.java:103) ~[junit-platform-launcher-1.12.2.jar:1.12.2]
	at org.junit.platform.launcher.core.DefaultLauncher.execute(DefaultLauncher.java:85) ~[junit-platform-launcher-1.12.2.jar:1.12.2]
	at org.junit.platform.launcher.core.DelegatingLauncher.execute(DelegatingLauncher.java:47) ~[junit-platform-launcher-1.12.2.jar:1.12.2]
	at org.junit.platform.launcher.core.InterceptingLauncher.lambda$execute$1(InterceptingLauncher.java:39) ~[junit-platform-launcher-1.12.2.jar:1.12.2]
	at org.junit.platform.launcher.core.ClasspathAlignmentCheckingLauncherInterceptor.intercept(ClasspathAlignmentCheckingLauncherInterceptor.java:25) ~[junit-platform-launcher-1.12.2.jar:1.12.2]
	at org.junit.platform.launcher.core.InterceptingLauncher.execute(InterceptingLauncher.java:38) ~[junit-platform-launcher-1.12.2.jar:1.12.2]
	at org.junit.platform.launcher.core.DelegatingLauncher.execute(DelegatingLauncher.java:47) ~[junit-platform-launcher-1.12.2.jar:1.12.2]
	at org.apache.maven.surefire.junitplatform.LauncherAdapter.executeWithoutCancellationToken(LauncherAdapter.java:60) ~[surefire-junit-platform-3.5.4.jar:3.5.4]
	at org.apache.maven.surefire.junitplatform.LauncherAdapter.execute(LauncherAdapter.java:52) ~[surefire-junit-platform-3.5.4.jar:3.5.4]
	at org.apache.maven.surefire.junitplatform.JUnitPlatformProvider.execute(JUnitPlatformProvider.java:203) ~[surefire-junit-platform-3.5.4.jar:3.5.4]
	at org.apache.maven.surefire.junitplatform.JUnitPlatformProvider.invokeAllTests(JUnitPlatformProvider.java:168) ~[surefire-junit-platform-3.5.4.jar:3.5.4]
	at org.apache.maven.surefire.junitplatform.JUnitPlatformProvider.invoke(JUnitPlatformProvider.java:136) ~[surefire-junit-platform-3.5.4.jar:3.5.4]
	at org.apache.maven.surefire.booter.ForkedBooter.runSuitesInProcess(ForkedBooter.java:385) ~[surefire-booter-3.5.4.jar:3.5.4]
	at org.apache.maven.surefire.booter.ForkedBooter.execute(ForkedBooter.java:162) ~[surefire-booter-3.5.4.jar:3.5.4]
	at org.apache.maven.surefire.booter.ForkedBooter.run(ForkedBooter.java:507) ~[surefire-booter-3.5.4.jar:3.5.4]
	at org.apache.maven.surefire.booter.ForkedBooter.main(ForkedBooter.java:495) ~[surefire-booter-3.5.4.jar:3.5.4]
Caused by: org.apache.kafka.common.errors.InvalidReplicationFactorException: Replication factor: 3 larger than available brokers: 2.

2025-12-07T23:37:11.399+03:00  INFO 111780 --- [           main] o.s.b.w.embedded.tomcat.TomcatWebServer  : Tomcat started on port 42781 (http) with context path '/'
2025-12-07T23:37:12.289+03:00  INFO 111780 --- [           main] Kafka_Project.CompleteIntegrationTest    : Started CompleteIntegrationTest in 31.789 seconds (process running for 33.024)
2025-12-07T23:37:12.535+03:00  INFO 111780 --- [           main] com.clickhouse.jdbc.ClickHouseDriver     : ClickHouse JDBC driver version: clickhouse-jdbc 0.8.1 (revision: 25af97d)
2025-12-07T23:37:12.535+03:00  INFO 111780 --- [           main] com.clickhouse.jdbc.ClickHouseDriver     : v2 driver
2025-12-07T23:37:12.539+03:00  INFO 111780 --- [           main] com.clickhouse.jdbc.ClickHouseDriver     : v2 driver
2025-12-07T23:37:12.626+03:00  INFO 111780 --- [           main] com.clickhouse.client.api.Client         : Using server timezone: UTC
2025-12-07T23:37:12.798+03:00  INFO 111780 --- [           main] com.clickhouse.client.api.Client         : Connection reuse strategy: FIFO
2025-12-07T23:37:12.904+03:00  INFO 111780 --- [           main] com.clickhouse.client.api.Client         : client compression: false, server compression: true, http compression: false
2025-12-07T23:37:13.086+03:00  INFO 111780 --- [           main] com.clickhouse.jdbc.StatementImpl        : Statement schema default
2025-12-07T23:37:13.293+03:00  INFO 111780 --- [           main] Kafka_Project.ProducerController         : Processed 1 events, skipped 0 events for user: test-tracking-001
]]></system-out>
    <system-err><![CDATA[Mockito is currently self-attaching to enable the inline-mock-maker. This will no longer work in future releases of the JDK. Please add Mockito as an agent to your build as described in Mockito's documentation: https://javadoc.io/doc/org.mockito/mockito-core/latest/org.mockito/org/mockito/Mockito.html#0.3
WARNING: A Java agent has been loaded dynamically (/home/salah/.m2/repository/net/bytebuddy/byte-buddy-agent/1.17.8/byte-buddy-agent-1.17.8.jar)
WARNING: If a serviceability tool is in use, please run with -XX:+EnableDynamicAgentLoading to hide this warning
WARNING: If a serviceability tool is not in use, please run with -Djdk.instrument.traceUsage for more information
WARNING: Dynamic loading of agents will be disallowed by default in a future release
]]></system-err>
  </testcase>
  <testcase name="testInvalidEventType" classname="Kafka_Project.CompleteIntegrationTest" time="0.032">
    <system-out><![CDATA[2025-12-07T23:37:13.484+03:00  INFO 111780 --- [           main] Kafka_Project.ProducerController         : Processed 0 events, skipped 1 events for user: anonymous
]]></system-out>
  </testcase>
  <testcase name="testFormEvents" classname="Kafka_Project.CompleteIntegrationTest" time="0.022">
    <system-out><![CDATA[2025-12-07T23:37:13.513+03:00  INFO 111780 --- [           main] Kafka_Project.ProducerController         : Processed 3 events, skipped 0 events for user: test-tracking-001
]]></system-out>
  </testcase>
  <testcase name="testPageLoadEvent" classname="Kafka_Project.CompleteIntegrationTest" time="0.022">
    <system-out><![CDATA[2025-12-07T23:37:13.542+03:00  INFO 111780 --- [           main] Kafka_Project.ProducerController         : Processed 1 events, skipped 0 events for user: test-tracking-001
]]></system-out>
  </testcase>
  <testcase name="testEcommerceEvents" classname="Kafka_Project.CompleteIntegrationTest" time="0.02">
    <system-out><![CDATA[2025-12-07T23:37:13.563+03:00  INFO 111780 --- [           main] Kafka_Project.ProducerController         : Processed 4 events, skipped 0 events for user: test-tracking-001
]]></system-out>
  </testcase>
  <testcase name="testRateLimitExceeded" classname="Kafka_Project.CompleteIntegrationTest" time="0.047">
    <system-out><![CDATA[2025-12-07T23:37:13.586+03:00  WARN 111780 --- [           main] Kafka_Project.ProducerController         : Rate limit exceeded for IP: 127.0.0.1
]]></system-out>
  </testcase>
  <testcase name="testReadyCheck" classname="Kafka_Project.CompleteIntegrationTest" time="0.031"/>
  <testcase name="testPeriodicBatchEvent" classname="Kafka_Project.CompleteIntegrationTest" time="0.042">
    <system-out><![CDATA[2025-12-07T23:37:13.671+03:00  INFO 111780 --- [           main] Kafka_Project.ProducerController         : Processed 1 events, skipped 0 events for user: test-tracking-001
]]></system-out>
  </testcase>
  <testcase name="testScrollEvents" classname="Kafka_Project.CompleteIntegrationTest" time="0.043">
    <system-out><![CDATA[2025-12-07T23:37:13.728+03:00  INFO 111780 --- [           main] Kafka_Project.ProducerController         : Processed 2 events, skipped 0 events for user: test-tracking-001
]]></system-out>
  </testcase>
  <testcase name="testVideoEvents" classname="Kafka_Project.CompleteIntegrationTest" time="0.035">
    <system-out><![CDATA[2025-12-07T23:37:13.765+03:00  INFO 111780 --- [           main] Kafka_Project.ProducerController         : Processed 3 events, skipped 0 events for user: test-tracking-001
]]></system-out>
  </testcase>
  <testcase name="testMissingDataField" classname="Kafka_Project.CompleteIntegrationTest" time="0.051">
    <system-out><![CDATA[2025-12-07T23:37:13.818+03:00  INFO 111780 --- [           main] Kafka_Project.ProducerController         : Processed 0 events, skipped 1 events for user: anonymous
]]></system-out>
  </testcase>
  <testcase name="testClickEvents" classname="Kafka_Project.CompleteIntegrationTest" time="0.016">
    <system-out><![CDATA[2025-12-07T23:37:13.845+03:00  INFO 111780 --- [           main] Kafka_Project.ProducerController         : Processed 3 events, skipped 0 events for user: test-tracking-001
]]></system-out>
  </testcase>
  <testcase name="testPageViewEvent" classname="Kafka_Project.CompleteIntegrationTest" time="0.025">
    <system-out><![CDATA[2025-12-07T23:37:13.867+03:00  INFO 111780 --- [           main] Kafka_Project.ProducerController         : Processed 1 events, skipped 0 events for user: test-tracking-001
]]></system-out>
  </testcase>
  <testcase name="testMultipleEventsBatch" classname="Kafka_Project.CompleteIntegrationTest" time="0.029">
    <system-out><![CDATA[2025-12-07T23:37:13.901+03:00  INFO 111780 --- [           main] Kafka_Project.ProducerController         : Processed 3 events, skipped 0 events for user: test-tracking-001
]]></system-out>
  </testcase>
  <testcase name="testPageVisibilityEvents" classname="Kafka_Project.CompleteIntegrationTest" time="0.026">
    <system-out><![CDATA[2025-12-07T23:37:13.925+03:00  INFO 111780 --- [           main] Kafka_Project.ProducerController         : Processed 2 events, skipped 0 events for user: test-tracking-001
]]></system-out>
  </testcase>
  <testcase name="testMouseMovementEvents" classname="Kafka_Project.CompleteIntegrationTest" time="0.011">
    <system-out><![CDATA[2025-12-07T23:37:13.945+03:00  INFO 111780 --- [           main] Kafka_Project.ProducerController         : Processed 2 events, skipped 0 events for user: test-tracking-001
]]></system-out>
  </testcase>
  <testcase name="testFileDownloadEvent" classname="Kafka_Project.CompleteIntegrationTest" time="0.017">
    <system-out><![CDATA[2025-12-07T23:37:13.959+03:00  INFO 111780 --- [           main] Kafka_Project.ProducerController         : Processed 1 events, skipped 0 events for user: test-tracking-001
]]></system-out>
  </testcase>
  <testcase name="testHealthCheck" classname="Kafka_Project.CompleteIntegrationTest" time="0.01"/>
  <testcase name="testCustomEvent" classname="Kafka_Project.CompleteIntegrationTest" time="0.014">
    <system-out><![CDATA[2025-12-07T23:37:13.988+03:00  INFO 111780 --- [           main] Kafka_Project.ProducerController         : Processed 1 events, skipped 0 events for user: test-tracking-001
]]></system-out>
  </testcase>
</testsuite>