<?xml version="1.0" encoding="UTF-8"?>
<testsuite xmlns:xsi="http://www.w3.org/2001/XMLSchema-instance" xsi:noNamespaceSchemaLocation="https://maven.apache.org/surefire/maven-surefire-plugin/xsd/surefire-test-report.xsd" version="3.0.2" name="Kafka_Project.RealIntegrationTest" time="7.179" tests="7" errors="0" skipped="0" failures="0">
  <properties>
[...]
</properties>
  <testcase name="testKafkaConsumerIsRunning" classname="Kafka_Project.RealIntegrationTest" time="0.005">
    <system-out><![CDATA[2026-01-22T19:26:21.683+03:00  INFO 578402 --- [           main] t.c.s.AnnotationConfigContextLoaderUtils : Could not detect default configuration classes for test class [Kafka_Project.RealIntegrationTest]: RealIntegrationTest does not declare any static, non-private, non-final, nested classes annotated with @Configuration.
2026-01-22T19:26:21.687+03:00  INFO 578402 --- [           main] .b.t.c.SpringBootTestContextBootstrapper : Found @SpringBootConfiguration Kafka_Project.KafkaProjectApplication for test class Kafka_Project.RealIntegrationTest

  .   ____          _            __ _ _
 /\\ / ___'_ __ _ _(_)_ __  __ _ \ \ \ \
( ( )\___ | '_ | '_| | '_ \/ _` | \ \ \ \
 \\/  ___)| |_)| | | | | || (_| |  ) ) ) )
  '  |____| .__|_| |_|_| |_\__, | / / / /
 =========|_|==============|___/=/_/_/_/

 :: Spring Boot ::                (v3.5.8)

2026-01-22T19:26:21.720+03:00  WARN 578402 --- [           main] ory$DuplicateJsonObjectContextCustomizer : 

Found multiple occurrences of org.json.JSONObject on the class path:

	jar:file:/home/salah/.m2/repository/com/vaadin/external/google/android-json/0.0.20131108.vaadin1/android-json-0.0.20131108.vaadin1.jar!/org/json/JSONObject.class
	jar:file:/home/salah/.m2/repository/org/json/json/20250107/json-20250107.jar!/org/json/JSONObject.class

You may wish to exclude one of them to ensure predictable runtime behavior

2026-01-22T19:26:21.721+03:00  INFO 578402 --- [           main] o.a.z.server.persistence.FileTxnSnapLog  : zookeeper.snapshot.trust.empty : false
2026-01-22T19:26:21.722+03:00  INFO 578402 --- [           main] o.a.z.server.watch.WatchManagerFactory   : Using org.apache.zookeeper.server.watch.WatchManager as watch manager
2026-01-22T19:26:21.722+03:00  INFO 578402 --- [           main] o.a.z.server.watch.WatchManagerFactory   : Using org.apache.zookeeper.server.watch.WatchManager as watch manager
2026-01-22T19:26:21.722+03:00  INFO 578402 --- [           main] org.apache.zookeeper.server.ZKDatabase   : zookeeper.snapshotSizeFactor = 0.33
2026-01-22T19:26:21.722+03:00  INFO 578402 --- [           main] org.apache.zookeeper.server.ZKDatabase   : zookeeper.commitLogCount=500
2026-01-22T19:26:21.722+03:00  INFO 578402 --- [           main] o.a.zookeeper.server.ZooKeeperServer     : minSessionTimeout set to 1600 ms
2026-01-22T19:26:21.722+03:00  INFO 578402 --- [           main] o.a.zookeeper.server.ZooKeeperServer     : maxSessionTimeout set to 16000 ms
2026-01-22T19:26:21.722+03:00  INFO 578402 --- [           main] o.apache.zookeeper.server.ResponseCache  : getData response cache size is initialized with value 400.
2026-01-22T19:26:21.722+03:00  INFO 578402 --- [           main] o.apache.zookeeper.server.ResponseCache  : getChildren response cache size is initialized with value 400.
2026-01-22T19:26:21.722+03:00  INFO 578402 --- [           main] o.a.z.s.u.RequestPathMetricsCollector    : zookeeper.pathStats.slotCapacity = 60
2026-01-22T19:26:21.722+03:00  INFO 578402 --- [           main] o.a.z.s.u.RequestPathMetricsCollector    : zookeeper.pathStats.slotDuration = 15
2026-01-22T19:26:21.722+03:00  INFO 578402 --- [           main] o.a.z.s.u.RequestPathMetricsCollector    : zookeeper.pathStats.maxDepth = 6
2026-01-22T19:26:21.722+03:00  INFO 578402 --- [           main] o.a.z.s.u.RequestPathMetricsCollector    : zookeeper.pathStats.initialDelay = 5
2026-01-22T19:26:21.722+03:00  INFO 578402 --- [           main] o.a.z.s.u.RequestPathMetricsCollector    : zookeeper.pathStats.delay = 5
2026-01-22T19:26:21.722+03:00  INFO 578402 --- [           main] o.a.z.s.u.RequestPathMetricsCollector    : zookeeper.pathStats.enabled = false
2026-01-22T19:26:21.722+03:00  INFO 578402 --- [           main] o.a.zookeeper.server.ZooKeeperServer     : The max bytes for all large requests are set to 104857600
2026-01-22T19:26:21.722+03:00  INFO 578402 --- [           main] o.a.zookeeper.server.ZooKeeperServer     : The large request threshold is set to -1
2026-01-22T19:26:21.722+03:00  INFO 578402 --- [           main] o.a.z.server.AuthenticationHelper        : zookeeper.enforce.auth.enabled = false
2026-01-22T19:26:21.722+03:00  INFO 578402 --- [           main] o.a.z.server.AuthenticationHelper        : zookeeper.enforce.auth.schemes = []
2026-01-22T19:26:21.722+03:00  INFO 578402 --- [           main] o.a.zookeeper.server.ZooKeeperServer     : Created server with tickTime 800 ms minSessionTimeout 1600 ms maxSessionTimeout 16000 ms clientPortListenBacklog -1 datadir /tmp/kafka-13636727011406599694/version-2 snapdir /tmp/kafka-14477922340474299270/version-2
2026-01-22T19:26:21.722+03:00  WARN 578402 --- [           main] o.a.zookeeper.server.ServerCnxnFactory   : maxCnxns is not configured, using default value 0.
2026-01-22T19:26:21.722+03:00  INFO 578402 --- [           main] o.a.z.server.NIOServerCnxnFactory        : Configuring NIO connection handler with 10s sessionless connection timeout, 2 selector thread(s), 16 worker threads, and 64 kB direct buffers.
2026-01-22T19:26:21.722+03:00  INFO 578402 --- [           main] o.a.z.server.NIOServerCnxnFactory        : binding to port /127.0.0.1:0
2026-01-22T19:26:21.724+03:00  INFO 578402 --- [           main] o.a.z.server.persistence.FileTxnSnapLog  : Snapshotting: 0x0 to /tmp/kafka-14477922340474299270/version-2/snapshot.0
2026-01-22T19:26:21.724+03:00  INFO 578402 --- [           main] org.apache.zookeeper.server.ZKDatabase   : Snapshot loaded in 0 ms, highest zxid is 0x0, digest is 1371985504
2026-01-22T19:26:21.724+03:00  INFO 578402 --- [           main] o.a.z.server.persistence.FileTxnSnapLog  : Snapshotting: 0x0 to /tmp/kafka-14477922340474299270/version-2/snapshot.0
2026-01-22T19:26:21.724+03:00  INFO 578402 --- [           main] o.a.zookeeper.server.ZooKeeperServer     : Snapshot taken in 0 ms
2026-01-22T19:26:21.725+03:00  INFO 578402 --- [0 cport:39135):] o.a.z.server.PrepRequestProcessor        : PrepRequestProcessor (sid:0) started, reconfigEnabled=false
2026-01-22T19:26:21.728+03:00  INFO 578402 --- [           main] kafka.server.KafkaConfig                 : KafkaConfig values: 
	advertised.listeners = null
	alter.config.policy.class.name = null
	alter.log.dirs.replication.quota.window.num = 11
	alter.log.dirs.replication.quota.window.size.seconds = 1
	authorizer.class.name = 
	auto.create.topics.enable = true
	auto.include.jmx.reporter = true
	auto.leader.rebalance.enable = true
	background.threads = 2
	broker.heartbeat.interval.ms = 2000
	broker.id = 0
	broker.id.generation.enable = true
	broker.rack = null
	broker.session.timeout.ms = 9000
	client.quota.callback.class = null
	compression.gzip.level = -1
	compression.lz4.level = 9
	compression.type = producer
	compression.zstd.level = 3
	connection.failed.authentication.delay.ms = 100
	connections.max.idle.ms = 600000
	connections.max.reauth.ms = 0
	control.plane.listener.name = null
	controlled.shutdown.enable = false
	controlled.shutdown.max.retries = 3
	controlled.shutdown.retry.backoff.ms = 100
	controller.listener.names = null
	controller.quorum.append.linger.ms = 25
	controller.quorum.bootstrap.servers = []
	controller.quorum.election.backoff.max.ms = 1000
	controller.quorum.election.timeout.ms = 1000
	controller.quorum.fetch.timeout.ms = 2000
	controller.quorum.request.timeout.ms = 2000
	controller.quorum.retry.backoff.ms = 20
	controller.quorum.voters = []
	controller.quota.window.num = 11
	controller.quota.window.size.seconds = 1
	controller.socket.timeout.ms = 1000
	create.topic.policy.class.name = null
	default.replication.factor = 1
	delegation.token.expiry.check.interval.ms = 3600000
	delegation.token.expiry.time.ms = 86400000
	delegation.token.master.key = null
	delegation.token.max.lifetime.ms = 604800000
	delegation.token.secret.key = null
	delete.records.purgatory.purge.interval.requests = 1
	delete.topic.enable = true
	early.start.listeners = null
	eligible.leader.replicas.enable = false
	fetch.max.bytes = 57671680
	fetch.purgatory.purge.interval.requests = 1000
	group.consumer.assignors = [org.apache.kafka.coordinator.group.assignor.UniformAssignor, org.apache.kafka.coordinator.group.assignor.RangeAssignor]
	group.consumer.heartbeat.interval.ms = 5000
	group.consumer.max.heartbeat.interval.ms = 15000
	group.consumer.max.session.timeout.ms = 60000
	group.consumer.max.size = 2147483647
	group.consumer.migration.policy = disabled
	group.consumer.min.heartbeat.interval.ms = 5000
	group.consumer.min.session.timeout.ms = 45000
	group.consumer.session.timeout.ms = 45000
	group.coordinator.append.linger.ms = 10
	group.coordinator.new.enable = false
	group.coordinator.rebalance.protocols = [classic]
	group.coordinator.threads = 1
	group.initial.rebalance.delay.ms = 0
	group.max.session.timeout.ms = 1800000
	group.max.size = 2147483647
	group.min.session.timeout.ms = 6000
	group.share.delivery.count.limit = 5
	group.share.enable = false
	group.share.heartbeat.interval.ms = 5000
	group.share.max.groups = 10
	group.share.max.heartbeat.interval.ms = 15000
	group.share.max.record.lock.duration.ms = 60000
	group.share.max.session.timeout.ms = 60000
	group.share.max.size = 200
	group.share.min.heartbeat.interval.ms = 5000
	group.share.min.record.lock.duration.ms = 15000
	group.share.min.session.timeout.ms = 45000
	group.share.partition.max.record.locks = 200
	group.share.record.lock.duration.ms = 30000
	group.share.session.timeout.ms = 45000
	initial.broker.registration.timeout.ms = 60000
	inter.broker.listener.name = null
	inter.broker.protocol.version = 3.9-IV0
	kafka.metrics.polling.interval.secs = 10
	kafka.metrics.reporters = []
	leader.imbalance.check.interval.seconds = 300
	leader.imbalance.per.broker.percentage = 10
	listener.security.protocol.map = SASL_SSL:SASL_SSL,PLAINTEXT:PLAINTEXT,SSL:SSL,SASL_PLAINTEXT:SASL_PLAINTEXT
	listeners = PLAINTEXT://localhost:0
	log.cleaner.backoff.ms = 15000
	log.cleaner.dedupe.buffer.size = 2097152
	log.cleaner.delete.retention.ms = 86400000
	log.cleaner.enable = true
	log.cleaner.io.buffer.load.factor = 0.9
	log.cleaner.io.buffer.size = 524288
	log.cleaner.io.max.bytes.per.second = 1.7976931348623157E308
	log.cleaner.max.compaction.lag.ms = 9223372036854775807
	log.cleaner.min.cleanable.ratio = 0.5
	log.cleaner.min.compaction.lag.ms = 0
	log.cleaner.threads = 1
	log.cleanup.policy = [delete]
	log.dir = target/embedded-kafka
	log.dir.failure.timeout.ms = 30000
	log.dirs = null
	log.flush.interval.messages = 9223372036854775807
	log.flush.interval.ms = null
	log.flush.offset.checkpoint.interval.ms = 60000
	log.flush.scheduler.interval.ms = 9223372036854775807
	log.flush.start.offset.checkpoint.interval.ms = 60000
	log.index.interval.bytes = 4096
	log.index.size.max.bytes = 10485760
	log.initial.task.delay.ms = 100
	log.local.retention.bytes = -2
	log.local.retention.ms = -2
	log.message.downconversion.enable = true
	log.message.format.version = 3.0-IV1
	log.message.timestamp.after.max.ms = 9223372036854775807
	log.message.timestamp.before.max.ms = 9223372036854775807
	log.message.timestamp.difference.max.ms = 9223372036854775807
	log.message.timestamp.type = CreateTime
	log.preallocate = false
	log.retention.bytes = -1
	log.retention.check.interval.ms = 300000
	log.retention.hours = 168
	log.retention.minutes = null
	log.retention.ms = null
	log.roll.hours = 168
	log.roll.jitter.hours = 0
	log.roll.jitter.ms = null
	log.roll.ms = null
	log.segment.bytes = 1073741824
	log.segment.delete.delay.ms = 1000
	max.connection.creation.rate = 2147483647
	max.connections = 2147483647
	max.connections.per.ip = 2147483647
	max.connections.per.ip.overrides = 
	max.incremental.fetch.session.cache.slots = 1000
	max.request.partition.size.limit = 2000
	message.max.bytes = 1048588
	metadata.log.dir = null
	metadata.log.max.record.bytes.between.snapshots = 20971520
	metadata.log.max.snapshot.interval.ms = 3600000
	metadata.log.segment.bytes = 1073741824
	metadata.log.segment.min.bytes = 8388608
	metadata.log.segment.ms = 604800000
	metadata.max.idle.interval.ms = 500
	metadata.max.retention.bytes = 104857600
	metadata.max.retention.ms = 604800000
	metric.reporters = []
	metrics.num.samples = 2
	metrics.recording.level = INFO
	metrics.sample.window.ms = 30000
	min.insync.replicas = 1
	node.id = 0
	num.io.threads = 8
	num.network.threads = 2
	num.partitions = 1
	num.recovery.threads.per.data.dir = 1
	num.replica.alter.log.dirs.threads = null
	num.replica.fetchers = 1
	offset.metadata.max.bytes = 4096
	offsets.commit.required.acks = -1
	offsets.commit.timeout.ms = 5000
	offsets.load.buffer.size = 5242880
	offsets.retention.check.interval.ms = 600000
	offsets.retention.minutes = 10080
	offsets.topic.compression.codec = 0
	offsets.topic.num.partitions = 5
	offsets.topic.replication.factor = 1
	offsets.topic.segment.bytes = 104857600
	password.encoder.cipher.algorithm = AES/CBC/PKCS5Padding
	password.encoder.iterations = 4096
	password.encoder.key.length = 128
	password.encoder.keyfactory.algorithm = null
	password.encoder.old.secret = null
	password.encoder.secret = null
	principal.builder.class = class org.apache.kafka.common.security.authenticator.DefaultKafkaPrincipalBuilder
	process.roles = []
	producer.id.expiration.check.interval.ms = 600000
	producer.id.expiration.ms = 86400000
	producer.purgatory.purge.interval.requests = 1000
	queued.max.request.bytes = -1
	queued.max.requests = 500
	quota.window.num = 11
	quota.window.size.seconds = 1
	remote.fetch.max.wait.ms = 500
	remote.log.index.file.cache.total.size.bytes = 1073741824
	remote.log.manager.copier.thread.pool.size = -1
	remote.log.manager.copy.max.bytes.per.second = 9223372036854775807
	remote.log.manager.copy.quota.window.num = 11
	remote.log.manager.copy.quota.window.size.seconds = 1
	remote.log.manager.expiration.thread.pool.size = -1
	remote.log.manager.fetch.max.bytes.per.second = 9223372036854775807
	remote.log.manager.fetch.quota.window.num = 11
	remote.log.manager.fetch.quota.window.size.seconds = 1
	remote.log.manager.task.interval.ms = 30000
	remote.log.manager.task.retry.backoff.max.ms = 30000
	remote.log.manager.task.retry.backoff.ms = 500
	remote.log.manager.task.retry.jitter = 0.2
	remote.log.manager.thread.pool.size = 10
	remote.log.metadata.custom.metadata.max.bytes = 128
	remote.log.metadata.manager.class.name = org.apache.kafka.server.log.remote.metadata.storage.TopicBasedRemoteLogMetadataManager
	remote.log.metadata.manager.class.path = null
	remote.log.metadata.manager.impl.prefix = rlmm.config.
	remote.log.metadata.manager.listener.name = null
	remote.log.reader.max.pending.tasks = 100
	remote.log.reader.threads = 10
	remote.log.storage.manager.class.name = null
	remote.log.storage.manager.class.path = null
	remote.log.storage.manager.impl.prefix = rsm.config.
	remote.log.storage.system.enable = false
	replica.fetch.backoff.ms = 1000
	replica.fetch.max.bytes = 1048576
	replica.fetch.min.bytes = 1
	replica.fetch.response.max.bytes = 10485760
	replica.fetch.wait.max.ms = 500
	replica.high.watermark.checkpoint.interval.ms = 9223372036854775807
	replica.lag.time.max.ms = 30000
	replica.selector.class = null
	replica.socket.receive.buffer.bytes = 65536
	replica.socket.timeout.ms = 1000
	replication.quota.window.num = 11
	replication.quota.window.size.seconds = 1
	request.timeout.ms = 30000
	reserved.broker.max.id = 1000
	sasl.client.callback.handler.class = null
	sasl.enabled.mechanisms = [GSSAPI]
	sasl.jaas.config = null
	sasl.kerberos.kinit.cmd = /usr/bin/kinit
	sasl.kerberos.min.time.before.relogin = 60000
	sasl.kerberos.principal.to.local.rules = [DEFAULT]
	sasl.kerberos.service.name = null
	sasl.kerberos.ticket.renew.jitter = 0.05
	sasl.kerberos.ticket.renew.window.factor = 0.8
	sasl.login.callback.handler.class = null
	sasl.login.class = null
	sasl.login.connect.timeout.ms = null
	sasl.login.read.timeout.ms = null
	sasl.login.refresh.buffer.seconds = 300
	sasl.login.refresh.min.period.seconds = 60
	sasl.login.refresh.window.factor = 0.8
	sasl.login.refresh.window.jitter = 0.05
	sasl.login.retry.backoff.max.ms = 10000
	sasl.login.retry.backoff.ms = 100
	sasl.mechanism.controller.protocol = GSSAPI
	sasl.mechanism.inter.broker.protocol = GSSAPI
	sasl.oauthbearer.clock.skew.seconds = 30
	sasl.oauthbearer.expected.audience = null
	sasl.oauthbearer.expected.issuer = null
	sasl.oauthbearer.jwks.endpoint.refresh.ms = 3600000
	sasl.oauthbearer.jwks.endpoint.retry.backoff.max.ms = 10000
	sasl.oauthbearer.jwks.endpoint.retry.backoff.ms = 100
	sasl.oauthbearer.jwks.endpoint.url = null
	sasl.oauthbearer.scope.claim.name = scope
	sasl.oauthbearer.sub.claim.name = sub
	sasl.oauthbearer.token.endpoint.url = null
	sasl.server.callback.handler.class = null
	sasl.server.max.receive.size = 524288
	security.inter.broker.protocol = PLAINTEXT
	security.providers = null
	server.max.startup.time.ms = 9223372036854775807
	socket.connection.setup.timeout.max.ms = 30000
	socket.connection.setup.timeout.ms = 10000
	socket.listen.backlog.size = 50
	socket.receive.buffer.bytes = 102400
	socket.request.max.bytes = 104857600
	socket.send.buffer.bytes = 102400
	ssl.allow.dn.changes = false
	ssl.allow.san.changes = false
	ssl.cipher.suites = []
	ssl.client.auth = none
	ssl.enabled.protocols = [TLSv1.2, TLSv1.3]
	ssl.endpoint.identification.algorithm = https
	ssl.engine.factory.class = null
	ssl.key.password = null
	ssl.keymanager.algorithm = SunX509
	ssl.keystore.certificate.chain = null
	ssl.keystore.key = null
	ssl.keystore.location = null
	ssl.keystore.password = null
	ssl.keystore.type = JKS
	ssl.principal.mapping.rules = DEFAULT
	ssl.protocol = TLSv1.3
	ssl.provider = null
	ssl.secure.random.implementation = null
	ssl.trustmanager.algorithm = PKIX
	ssl.truststore.certificates = null
	ssl.truststore.location = null
	ssl.truststore.password = null
	ssl.truststore.type = JKS
	telemetry.max.bytes = 1048576
	transaction.abort.timed.out.transaction.cleanup.interval.ms = 10000
	transaction.max.timeout.ms = 900000
	transaction.partition.verification.enable = true
	transaction.remove.expired.transaction.cleanup.interval.ms = 3600000
	transaction.state.log.load.buffer.size = 5242880
	transaction.state.log.min.isr = 2
	transaction.state.log.num.partitions = 50
	transaction.state.log.replication.factor = 1
	transaction.state.log.segment.bytes = 104857600
	transactional.id.expiration.ms = 604800000
	unclean.leader.election.enable = false
	unclean.leader.election.interval.ms = 300000
	unstable.api.versions.enable = true
	unstable.feature.versions.enable = true
	zookeeper.clientCnxnSocket = null
	zookeeper.connect = 127.0.0.1:39135
	zookeeper.connection.timeout.ms = 10000
	zookeeper.max.in.flight.requests = 10
	zookeeper.metadata.migration.enable = false
	zookeeper.metadata.migration.min.batch.size = 200
	zookeeper.session.timeout.ms = 18000
	zookeeper.set.acl = false
	zookeeper.ssl.cipher.suites = null
	zookeeper.ssl.client.enable = false
	zookeeper.ssl.crl.enable = false
	zookeeper.ssl.enabled.protocols = null
	zookeeper.ssl.endpoint.identification.algorithm = HTTPS
	zookeeper.ssl.keystore.location = null
	zookeeper.ssl.keystore.password = null
	zookeeper.ssl.keystore.type = null
	zookeeper.ssl.ocsp.enable = false
	zookeeper.ssl.protocol = TLSv1.2
	zookeeper.ssl.truststore.location = null
	zookeeper.ssl.truststore.password = null
	zookeeper.ssl.truststore.type = null

2026-01-22T19:26:21.733+03:00  INFO 578402 --- [           main] kafka.server.KafkaServer                 : starting
2026-01-22T19:26:21.733+03:00  INFO 578402 --- [           main] kafka.server.KafkaServer                 : Connecting to zookeeper on 127.0.0.1:39135
2026-01-22T19:26:21.733+03:00  INFO 578402 --- [           main] kafka.zookeeper.ZooKeeperClient          : [ZooKeeperClient Kafka server] Initializing a new session to 127.0.0.1:39135.
2026-01-22T19:26:21.733+03:00  INFO 578402 --- [           main] org.apache.zookeeper.ZooKeeper           : Initiating client connection, connectString=127.0.0.1:39135 sessionTimeout=18000 watcher=kafka.zookeeper.ZooKeeperClient$ZooKeeperClientWatcher$@7f8586f9
2026-01-22T19:26:21.733+03:00  INFO 578402 --- [           main] org.apache.zookeeper.ClientCnxnSocket    : jute.maxbuffer value is 4194304 Bytes
2026-01-22T19:26:21.733+03:00  INFO 578402 --- [           main] org.apache.zookeeper.ClientCnxn          : zookeeper.request.timeout value is 0. feature enabled=false
2026-01-22T19:26:21.734+03:00  INFO 578402 --- [           main] kafka.zookeeper.ZooKeeperClient          : [ZooKeeperClient Kafka server] Waiting until connected.
2026-01-22T19:26:21.734+03:00  INFO 578402 --- [27.0.0.1:39135)] org.apache.zookeeper.ClientCnxn          : Opening socket connection to server /127.0.0.1:39135.
2026-01-22T19:26:21.734+03:00  INFO 578402 --- [27.0.0.1:39135)] org.apache.zookeeper.ClientCnxn          : Socket connection established, initiating session, client: /127.0.0.1:59712, server: /127.0.0.1:39135
2026-01-22T19:26:21.737+03:00  INFO 578402 --- [   SyncThread:0] o.a.z.server.persistence.FileTxnLog      : Creating new log file: log.1
2026-01-22T19:26:21.740+03:00  INFO 578402 --- [27.0.0.1:39135)] org.apache.zookeeper.ClientCnxn          : Session establishment complete on server /127.0.0.1:39135, session id = 0x10001435dad0000, negotiated timeout = 16000
2026-01-22T19:26:21.743+03:00  INFO 578402 --- [           main] kafka.zookeeper.ZooKeeperClient          : [ZooKeeperClient Kafka server] Connected.
2026-01-22T19:26:21.781+03:00  INFO 578402 --- [           main] kafka.server.KafkaServer                 : Cluster ID = 7pdkkhM9TKGiC0JxqXfukw
2026-01-22T19:26:21.790+03:00  INFO 578402 --- [           main] kafka.server.KafkaConfig                 : KafkaConfig values: 
	advertised.listeners = null
	alter.config.policy.class.name = null
	alter.log.dirs.replication.quota.window.num = 11
	alter.log.dirs.replication.quota.window.size.seconds = 1
	authorizer.class.name = 
	auto.create.topics.enable = true
	auto.include.jmx.reporter = true
	auto.leader.rebalance.enable = true
	background.threads = 2
	broker.heartbeat.interval.ms = 2000
	broker.id = 0
	broker.id.generation.enable = true
	broker.rack = null
	broker.session.timeout.ms = 9000
	client.quota.callback.class = null
	compression.gzip.level = -1
	compression.lz4.level = 9
	compression.type = producer
	compression.zstd.level = 3
	connection.failed.authentication.delay.ms = 100
	connections.max.idle.ms = 600000
	connections.max.reauth.ms = 0
	control.plane.listener.name = null
	controlled.shutdown.enable = false
	controlled.shutdown.max.retries = 3
	controlled.shutdown.retry.backoff.ms = 100
	controller.listener.names = null
	controller.quorum.append.linger.ms = 25
	controller.quorum.bootstrap.servers = []
	controller.quorum.election.backoff.max.ms = 1000
	controller.quorum.election.timeout.ms = 1000
	controller.quorum.fetch.timeout.ms = 2000
	controller.quorum.request.timeout.ms = 2000
	controller.quorum.retry.backoff.ms = 20
	controller.quorum.voters = []
	controller.quota.window.num = 11
	controller.quota.window.size.seconds = 1
	controller.socket.timeout.ms = 1000
	create.topic.policy.class.name = null
	default.replication.factor = 1
	delegation.token.expiry.check.interval.ms = 3600000
	delegation.token.expiry.time.ms = 86400000
	delegation.token.master.key = null
	delegation.token.max.lifetime.ms = 604800000
	delegation.token.secret.key = null
	delete.records.purgatory.purge.interval.requests = 1
	delete.topic.enable = true
	early.start.listeners = null
	eligible.leader.replicas.enable = false
	fetch.max.bytes = 57671680
	fetch.purgatory.purge.interval.requests = 1000
	group.consumer.assignors = [org.apache.kafka.coordinator.group.assignor.UniformAssignor, org.apache.kafka.coordinator.group.assignor.RangeAssignor]
	group.consumer.heartbeat.interval.ms = 5000
	group.consumer.max.heartbeat.interval.ms = 15000
	group.consumer.max.session.timeout.ms = 60000
	group.consumer.max.size = 2147483647
	group.consumer.migration.policy = disabled
	group.consumer.min.heartbeat.interval.ms = 5000
	group.consumer.min.session.timeout.ms = 45000
	group.consumer.session.timeout.ms = 45000
	group.coordinator.append.linger.ms = 10
	group.coordinator.new.enable = false
	group.coordinator.rebalance.protocols = [classic]
	group.coordinator.threads = 1
	group.initial.rebalance.delay.ms = 0
	group.max.session.timeout.ms = 1800000
	group.max.size = 2147483647
	group.min.session.timeout.ms = 6000
	group.share.delivery.count.limit = 5
	group.share.enable = false
	group.share.heartbeat.interval.ms = 5000
	group.share.max.groups = 10
	group.share.max.heartbeat.interval.ms = 15000
	group.share.max.record.lock.duration.ms = 60000
	group.share.max.session.timeout.ms = 60000
	group.share.max.size = 200
	group.share.min.heartbeat.interval.ms = 5000
	group.share.min.record.lock.duration.ms = 15000
	group.share.min.session.timeout.ms = 45000
	group.share.partition.max.record.locks = 200
	group.share.record.lock.duration.ms = 30000
	group.share.session.timeout.ms = 45000
	initial.broker.registration.timeout.ms = 60000
	inter.broker.listener.name = null
	inter.broker.protocol.version = 3.9-IV0
	kafka.metrics.polling.interval.secs = 10
	kafka.metrics.reporters = []
	leader.imbalance.check.interval.seconds = 300
	leader.imbalance.per.broker.percentage = 10
	listener.security.protocol.map = SASL_SSL:SASL_SSL,PLAINTEXT:PLAINTEXT,SSL:SSL,SASL_PLAINTEXT:SASL_PLAINTEXT
	listeners = PLAINTEXT://localhost:0
	log.cleaner.backoff.ms = 15000
	log.cleaner.dedupe.buffer.size = 2097152
	log.cleaner.delete.retention.ms = 86400000
	log.cleaner.enable = true
	log.cleaner.io.buffer.load.factor = 0.9
	log.cleaner.io.buffer.size = 524288
	log.cleaner.io.max.bytes.per.second = 1.7976931348623157E308
	log.cleaner.max.compaction.lag.ms = 9223372036854775807
	log.cleaner.min.cleanable.ratio = 0.5
	log.cleaner.min.compaction.lag.ms = 0
	log.cleaner.threads = 1
	log.cleanup.policy = [delete]
	log.dir = target/embedded-kafka
	log.dir.failure.timeout.ms = 30000
	log.dirs = null
	log.flush.interval.messages = 9223372036854775807
	log.flush.interval.ms = null
	log.flush.offset.checkpoint.interval.ms = 60000
	log.flush.scheduler.interval.ms = 9223372036854775807
	log.flush.start.offset.checkpoint.interval.ms = 60000
	log.index.interval.bytes = 4096
	log.index.size.max.bytes = 10485760
	log.initial.task.delay.ms = 100
	log.local.retention.bytes = -2
	log.local.retention.ms = -2
	log.message.downconversion.enable = true
	log.message.format.version = 3.0-IV1
	log.message.timestamp.after.max.ms = 9223372036854775807
	log.message.timestamp.before.max.ms = 9223372036854775807
	log.message.timestamp.difference.max.ms = 9223372036854775807
	log.message.timestamp.type = CreateTime
	log.preallocate = false
	log.retention.bytes = -1
	log.retention.check.interval.ms = 300000
	log.retention.hours = 168
	log.retention.minutes = null
	log.retention.ms = null
	log.roll.hours = 168
	log.roll.jitter.hours = 0
	log.roll.jitter.ms = null
	log.roll.ms = null
	log.segment.bytes = 1073741824
	log.segment.delete.delay.ms = 1000
	max.connection.creation.rate = 2147483647
	max.connections = 2147483647
	max.connections.per.ip = 2147483647
	max.connections.per.ip.overrides = 
	max.incremental.fetch.session.cache.slots = 1000
	max.request.partition.size.limit = 2000
	message.max.bytes = 1048588
	metadata.log.dir = null
	metadata.log.max.record.bytes.between.snapshots = 20971520
	metadata.log.max.snapshot.interval.ms = 3600000
	metadata.log.segment.bytes = 1073741824
	metadata.log.segment.min.bytes = 8388608
	metadata.log.segment.ms = 604800000
	metadata.max.idle.interval.ms = 500
	metadata.max.retention.bytes = 104857600
	metadata.max.retention.ms = 604800000
	metric.reporters = []
	metrics.num.samples = 2
	metrics.recording.level = INFO
	metrics.sample.window.ms = 30000
	min.insync.replicas = 1
	node.id = 0
	num.io.threads = 8
	num.network.threads = 2
	num.partitions = 1
	num.recovery.threads.per.data.dir = 1
	num.replica.alter.log.dirs.threads = null
	num.replica.fetchers = 1
	offset.metadata.max.bytes = 4096
	offsets.commit.required.acks = -1
	offsets.commit.timeout.ms = 5000
	offsets.load.buffer.size = 5242880
	offsets.retention.check.interval.ms = 600000
	offsets.retention.minutes = 10080
	offsets.topic.compression.codec = 0
	offsets.topic.num.partitions = 5
	offsets.topic.replication.factor = 1
	offsets.topic.segment.bytes = 104857600
	password.encoder.cipher.algorithm = AES/CBC/PKCS5Padding
	password.encoder.iterations = 4096
	password.encoder.key.length = 128
	password.encoder.keyfactory.algorithm = null
	password.encoder.old.secret = null
	password.encoder.secret = null
	principal.builder.class = class org.apache.kafka.common.security.authenticator.DefaultKafkaPrincipalBuilder
	process.roles = []
	producer.id.expiration.check.interval.ms = 600000
	producer.id.expiration.ms = 86400000
	producer.purgatory.purge.interval.requests = 1000
	queued.max.request.bytes = -1
	queued.max.requests = 500
	quota.window.num = 11
	quota.window.size.seconds = 1
	remote.fetch.max.wait.ms = 500
	remote.log.index.file.cache.total.size.bytes = 1073741824
	remote.log.manager.copier.thread.pool.size = -1
	remote.log.manager.copy.max.bytes.per.second = 9223372036854775807
	remote.log.manager.copy.quota.window.num = 11
	remote.log.manager.copy.quota.window.size.seconds = 1
	remote.log.manager.expiration.thread.pool.size = -1
	remote.log.manager.fetch.max.bytes.per.second = 9223372036854775807
	remote.log.manager.fetch.quota.window.num = 11
	remote.log.manager.fetch.quota.window.size.seconds = 1
	remote.log.manager.task.interval.ms = 30000
	remote.log.manager.task.retry.backoff.max.ms = 30000
	remote.log.manager.task.retry.backoff.ms = 500
	remote.log.manager.task.retry.jitter = 0.2
	remote.log.manager.thread.pool.size = 10
	remote.log.metadata.custom.metadata.max.bytes = 128
	remote.log.metadata.manager.class.name = org.apache.kafka.server.log.remote.metadata.storage.TopicBasedRemoteLogMetadataManager
	remote.log.metadata.manager.class.path = null
	remote.log.metadata.manager.impl.prefix = rlmm.config.
	remote.log.metadata.manager.listener.name = null
	remote.log.reader.max.pending.tasks = 100
	remote.log.reader.threads = 10
	remote.log.storage.manager.class.name = null
	remote.log.storage.manager.class.path = null
	remote.log.storage.manager.impl.prefix = rsm.config.
	remote.log.storage.system.enable = false
	replica.fetch.backoff.ms = 1000
	replica.fetch.max.bytes = 1048576
	replica.fetch.min.bytes = 1
	replica.fetch.response.max.bytes = 10485760
	replica.fetch.wait.max.ms = 500
	replica.high.watermark.checkpoint.interval.ms = 9223372036854775807
	replica.lag.time.max.ms = 30000
	replica.selector.class = null
	replica.socket.receive.buffer.bytes = 65536
	replica.socket.timeout.ms = 1000
	replication.quota.window.num = 11
	replication.quota.window.size.seconds = 1
	request.timeout.ms = 30000
	reserved.broker.max.id = 1000
	sasl.client.callback.handler.class = null
	sasl.enabled.mechanisms = [GSSAPI]
	sasl.jaas.config = null
	sasl.kerberos.kinit.cmd = /usr/bin/kinit
	sasl.kerberos.min.time.before.relogin = 60000
	sasl.kerberos.principal.to.local.rules = [DEFAULT]
	sasl.kerberos.service.name = null
	sasl.kerberos.ticket.renew.jitter = 0.05
	sasl.kerberos.ticket.renew.window.factor = 0.8
	sasl.login.callback.handler.class = null
	sasl.login.class = null
	sasl.login.connect.timeout.ms = null
	sasl.login.read.timeout.ms = null
	sasl.login.refresh.buffer.seconds = 300
	sasl.login.refresh.min.period.seconds = 60
	sasl.login.refresh.window.factor = 0.8
	sasl.login.refresh.window.jitter = 0.05
	sasl.login.retry.backoff.max.ms = 10000
	sasl.login.retry.backoff.ms = 100
	sasl.mechanism.controller.protocol = GSSAPI
	sasl.mechanism.inter.broker.protocol = GSSAPI
	sasl.oauthbearer.clock.skew.seconds = 30
	sasl.oauthbearer.expected.audience = null
	sasl.oauthbearer.expected.issuer = null
	sasl.oauthbearer.jwks.endpoint.refresh.ms = 3600000
	sasl.oauthbearer.jwks.endpoint.retry.backoff.max.ms = 10000
	sasl.oauthbearer.jwks.endpoint.retry.backoff.ms = 100
	sasl.oauthbearer.jwks.endpoint.url = null
	sasl.oauthbearer.scope.claim.name = scope
	sasl.oauthbearer.sub.claim.name = sub
	sasl.oauthbearer.token.endpoint.url = null
	sasl.server.callback.handler.class = null
	sasl.server.max.receive.size = 524288
	security.inter.broker.protocol = PLAINTEXT
	security.providers = null
	server.max.startup.time.ms = 9223372036854775807
	socket.connection.setup.timeout.max.ms = 30000
	socket.connection.setup.timeout.ms = 10000
	socket.listen.backlog.size = 50
	socket.receive.buffer.bytes = 102400
	socket.request.max.bytes = 104857600
	socket.send.buffer.bytes = 102400
	ssl.allow.dn.changes = false
	ssl.allow.san.changes = false
	ssl.cipher.suites = []
	ssl.client.auth = none
	ssl.enabled.protocols = [TLSv1.2, TLSv1.3]
	ssl.endpoint.identification.algorithm = https
	ssl.engine.factory.class = null
	ssl.key.password = null
	ssl.keymanager.algorithm = SunX509
	ssl.keystore.certificate.chain = null
	ssl.keystore.key = null
	ssl.keystore.location = null
	ssl.keystore.password = null
	ssl.keystore.type = JKS
	ssl.principal.mapping.rules = DEFAULT
	ssl.protocol = TLSv1.3
	ssl.provider = null
	ssl.secure.random.implementation = null
	ssl.trustmanager.algorithm = PKIX
	ssl.truststore.certificates = null
	ssl.truststore.location = null
	ssl.truststore.password = null
	ssl.truststore.type = JKS
	telemetry.max.bytes = 1048576
	transaction.abort.timed.out.transaction.cleanup.interval.ms = 10000
	transaction.max.timeout.ms = 900000
	transaction.partition.verification.enable = true
	transaction.remove.expired.transaction.cleanup.interval.ms = 3600000
	transaction.state.log.load.buffer.size = 5242880
	transaction.state.log.min.isr = 2
	transaction.state.log.num.partitions = 50
	transaction.state.log.replication.factor = 1
	transaction.state.log.segment.bytes = 104857600
	transactional.id.expiration.ms = 604800000
	unclean.leader.election.enable = false
	unclean.leader.election.interval.ms = 300000
	unstable.api.versions.enable = true
	unstable.feature.versions.enable = true
	zookeeper.clientCnxnSocket = null
	zookeeper.connect = 127.0.0.1:39135
	zookeeper.connection.timeout.ms = 10000
	zookeeper.max.in.flight.requests = 10
	zookeeper.metadata.migration.enable = false
	zookeeper.metadata.migration.min.batch.size = 200
	zookeeper.session.timeout.ms = 18000
	zookeeper.set.acl = false
	zookeeper.ssl.cipher.suites = null
	zookeeper.ssl.client.enable = false
	zookeeper.ssl.crl.enable = false
	zookeeper.ssl.enabled.protocols = null
	zookeeper.ssl.endpoint.identification.algorithm = HTTPS
	zookeeper.ssl.keystore.location = null
	zookeeper.ssl.keystore.password = null
	zookeeper.ssl.keystore.type = null
	zookeeper.ssl.ocsp.enable = false
	zookeeper.ssl.protocol = TLSv1.2
	zookeeper.ssl.truststore.location = null
	zookeeper.ssl.truststore.password = null
	zookeeper.ssl.truststore.type = null

2026-01-22T19:26:21.807+03:00  INFO 578402 --- [nelReaper-Fetch] lientQuotaManager$ThrottledChannelReaper : [ThrottledChannelReaper-Fetch]: Starting
2026-01-22T19:26:21.808+03:00  INFO 578402 --- [lReaper-Request] lientQuotaManager$ThrottledChannelReaper : [ThrottledChannelReaper-Request]: Starting
2026-01-22T19:26:21.809+03:00  INFO 578402 --- [           main] kafka.server.KafkaServer                 : [KafkaServer id=0] Rewriting target/embedded-kafka/meta.properties
2026-01-22T19:26:21.810+03:00  INFO 578402 --- [lReaper-Produce] lientQuotaManager$ThrottledChannelReaper : [ThrottledChannelReaper-Produce]: Starting
2026-01-22T19:26:21.814+03:00  INFO 578402 --- [           main] kafka.log.LogManager                     : Loading logs from log dirs ArrayBuffer(/home/salah/Downloads/Real-Time-Distributed-Analytics-Dashboard-Project-main/backend/kafka-analytics-project/Kafka-Project/target/embedded-kafka)
2026-01-22T19:26:21.814+03:00  INFO 578402 --- [           main] kafka.log.LogManager                     : No logs found to be loaded in /home/salah/Downloads/Real-Time-Distributed-Analytics-Dashboard-Project-main/backend/kafka-analytics-project/Kafka-Project/target/embedded-kafka
2026-01-22T19:26:21.815+03:00  INFO 578402 --- [trollerMutation] lientQuotaManager$ThrottledChannelReaper : [ThrottledChannelReaper-ControllerMutation]: Starting
2026-01-22T19:26:21.815+03:00  INFO 578402 --- [           main] kafka.log.LogManager                     : Loaded 0 logs in 1ms
2026-01-22T19:26:21.815+03:00  INFO 578402 --- [           main] kafka.log.LogManager                     : Starting log cleanup with a period of 300000 ms.
2026-01-22T19:26:21.815+03:00  INFO 578402 --- [           main] kafka.log.LogManager                     : Starting log flusher with a default period of 9223372036854775807 ms.
2026-01-22T19:26:21.816+03:00  INFO 578402 --- [           main] kafka.log.LogCleaner                     : Starting the log cleaner
2026-01-22T19:26:21.816+03:00  INFO 578402 --- [leaner-thread-0] kafka.log.LogCleaner$CleanerThread       : [kafka-log-cleaner-thread-0]: Starting
2026-01-22T19:26:21.817+03:00  INFO 578402 --- [-process-thread] stener$ChangeNotificationProcessorThread : [feature-zk-node-event-process-thread]: Starting
2026-01-22T19:26:21.818+03:00  INFO 578402 --- [-process-thread] k.server.FinalizedFeatureChangeListener  : Feature ZK node at path: /feature does not exist
2026-01-22T19:26:21.819+03:00  INFO 578402 --- [channel-manager] k.server.NodeToControllerRequestThread   : [zk-broker-0-to-controller-forwarding-channel-manager]: Starting
2026-01-22T19:26:21.832+03:00  INFO 578402 --- [           main] kafka.network.ConnectionQuotas           : Updated connection-accept-rate max connection creation rate to 2147483647
2026-01-22T19:26:21.832+03:00  INFO 578402 --- [           main] kafka.network.DataPlaneAcceptor          : Awaiting socket connections on localhost:38907.
2026-01-22T19:26:21.832+03:00  INFO 578402 --- [           main] kafka.network.DataPlaneAcceptor          : Opened wildcard endpoint localhost:38907
2026-01-22T19:26:21.834+03:00  INFO 578402 --- [           main] kafka.network.SocketServer               : [SocketServer listenerType=ZK_BROKER, nodeId=0] Created data-plane acceptor and processors for endpoint : ListenerName(PLAINTEXT)
2026-01-22T19:26:21.841+03:00  INFO 578402 --- [channel-manager] k.server.NodeToControllerRequestThread   : [zk-broker-0-to-controller-alter-partition-channel-manager]: Starting
2026-01-22T19:26:21.842+03:00  INFO 578402 --- [eaper-0-Produce] perationPurgatory$ExpiredOperationReaper : [ExpirationReaper-0-Produce]: Starting
2026-01-22T19:26:21.842+03:00  INFO 578402 --- [nReaper-0-Fetch] perationPurgatory$ExpiredOperationReaper : [ExpirationReaper-0-Fetch]: Starting
2026-01-22T19:26:21.843+03:00  INFO 578402 --- [0-DeleteRecords] perationPurgatory$ExpiredOperationReaper : [ExpirationReaper-0-DeleteRecords]: Starting
2026-01-22T19:26:21.844+03:00  INFO 578402 --- [r-0-ElectLeader] perationPurgatory$ExpiredOperationReaper : [ExpirationReaper-0-ElectLeader]: Starting
2026-01-22T19:26:21.844+03:00  INFO 578402 --- [r-0-RemoteFetch] perationPurgatory$ExpiredOperationReaper : [ExpirationReaper-0-RemoteFetch]: Starting
2026-01-22T19:26:21.845+03:00  INFO 578402 --- [rFailureHandler] k.s.ReplicaManager$LogDirFailureHandler  : [LogDirFailureHandler]: Starting
2026-01-22T19:26:21.845+03:00  INFO 578402 --- [nSenderThread-0] kafka.server.AddPartitionsToTxnManager   : [AddPartitionsToTxnSenderThread-0]: Starting
2026-01-22T19:26:21.847+03:00  INFO 578402 --- [           main] kafka.zk.KafkaZkClient                   : Creating /brokers/ids/0 (is it secure? false)
2026-01-22T19:26:21.848+03:00  INFO 578402 --- [           main] kafka.zk.KafkaZkClient                   : Stat of the created znode at /brokers/ids/0 is: 25,25,1769099181847,1769099181847,1,0,0,72058982883983360,204,0,25

2026-01-22T19:26:21.848+03:00  INFO 578402 --- [           main] kafka.zk.KafkaZkClient                   : Registered broker 0 at path /brokers/ids/0 with addresses: PLAINTEXT://localhost:38907, czxid (broker epoch): 25
2026-01-22T19:26:21.850+03:00  INFO 578402 --- [nReaper-0-topic] perationPurgatory$ExpiredOperationReaper : [ExpirationReaper-0-topic]: Starting
2026-01-22T19:26:21.850+03:00  INFO 578402 --- [er-event-thread] rollerEventManager$ControllerEventThread : [ControllerEventThread controllerId=0] Starting
2026-01-22T19:26:21.851+03:00  INFO 578402 --- [per-0-Heartbeat] perationPurgatory$ExpiredOperationReaper : [ExpirationReaper-0-Heartbeat]: Starting
2026-01-22T19:26:21.851+03:00  INFO 578402 --- [           main] k.coordinator.group.GroupCoordinator     : [GroupCoordinator 0]: Starting up.
2026-01-22T19:26:21.852+03:00  INFO 578402 --- [per-0-Rebalance] perationPurgatory$ExpiredOperationReaper : [ExpirationReaper-0-Rebalance]: Starting
2026-01-22T19:26:21.852+03:00  INFO 578402 --- [           main] k.coordinator.group.GroupCoordinator     : [GroupCoordinator 0]: Startup complete.
2026-01-22T19:26:21.853+03:00  INFO 578402 --- [           main] k.c.transaction.TransactionCoordinator   : [TransactionCoordinator id=0] Starting up.
2026-01-22T19:26:21.855+03:00  INFO 578402 --- [er-event-thread] kafka.zk.KafkaZkClient                   : Successfully created /controller_epoch with initial epoch 0
2026-01-22T19:26:21.856+03:00  INFO 578402 --- [           main] k.c.transaction.TransactionCoordinator   : [TransactionCoordinator id=0] Startup complete.
2026-01-22T19:26:21.856+03:00  INFO 578402 --- [rSenderThread-0] k.c.t.TransactionMarkerChannelManager    : [TxnMarkerSenderThread-0]: Starting
2026-01-22T19:26:21.857+03:00  INFO 578402 --- [per-0-AlterAcls] perationPurgatory$ExpiredOperationReaper : [ExpirationReaper-0-AlterAcls]: Starting
2026-01-22T19:26:21.858+03:00  INFO 578402 --- [er-event-thread] kafka.controller.KafkaController         : [Controller id=0] 0 successfully elected as the controller. Epoch incremented to 1 and epoch zk version is now 1
2026-01-22T19:26:21.860+03:00  INFO 578402 --- [er-event-thread] kafka.controller.KafkaController         : [Controller id=0] Creating FeatureZNode at path: /feature with contents: FeatureZNode(2,Enabled,Map())
2026-01-22T19:26:21.862+03:00  INFO 578402 --- [ain-EventThread] k.server.FinalizedFeatureChangeListener  : Feature ZK node created at path: /feature
2026-01-22T19:26:21.863+03:00  INFO 578402 --- [-process-thread] kafka.server.metadata.ZkMetadataCache    : [MetadataCache brokerId=0] Updated cache from existing None to latest Features(metadataVersion=3.9-IV0, finalizedFeatures={}, finalizedFeaturesEpoch=0).
2026-01-22T19:26:21.863+03:00  INFO 578402 --- [er-event-thread] kafka.controller.KafkaController         : [Controller id=0] Registering handlers
2026-01-22T19:26:21.864+03:00  INFO 578402 --- [-process-thread] icationListener$ChangeEventProcessThread : [/config/changes-event-process-thread]: Starting
2026-01-22T19:26:21.865+03:00  INFO 578402 --- [er-event-thread] kafka.controller.KafkaController         : [Controller id=0] Deleting log dir event notifications
2026-01-22T19:26:21.866+03:00  INFO 578402 --- [er-event-thread] kafka.controller.KafkaController         : [Controller id=0] Deleting isr change notifications
2026-01-22T19:26:21.866+03:00  INFO 578402 --- [er-event-thread] kafka.controller.KafkaController         : [Controller id=0] Initializing controller context
2026-01-22T19:26:21.868+03:00  INFO 578402 --- [           main] kafka.network.SocketServer               : [SocketServer listenerType=ZK_BROKER, nodeId=0] Enabling request processing.
2026-01-22T19:26:21.868+03:00  INFO 578402 --- [er-event-thread] kafka.controller.KafkaController         : [Controller id=0] Initialized broker epochs cache: HashMap(0 -> 25)
2026-01-22T19:26:21.869+03:00  INFO 578402 --- [           main] kafka.server.KafkaServer                 : [KafkaServer id=0] Start processing authorizer futures
2026-01-22T19:26:21.869+03:00  INFO 578402 --- [           main] kafka.server.KafkaServer                 : [KafkaServer id=0] End processing authorizer futures
2026-01-22T19:26:21.869+03:00  INFO 578402 --- [           main] kafka.server.KafkaServer                 : [KafkaServer id=0] Start processing enable request processing future
2026-01-22T19:26:21.869+03:00  INFO 578402 --- [           main] kafka.server.KafkaServer                 : [KafkaServer id=0] End processing enable request processing future
2026-01-22T19:26:21.869+03:00  INFO 578402 --- [           main] kafka.server.KafkaServer                 : [KafkaServer id=0] started
2026-01-22T19:26:21.871+03:00  INFO 578402 --- [er-event-thread] kafka.controller.KafkaController         : [Controller id=0] Currently active brokers in the cluster: Set(0)
2026-01-22T19:26:21.871+03:00  INFO 578402 --- [er-event-thread] kafka.controller.KafkaController         : [Controller id=0] Currently shutting brokers in the cluster: HashSet()
2026-01-22T19:26:21.871+03:00  INFO 578402 --- [er-event-thread] kafka.controller.KafkaController         : [Controller id=0] Current list of topics in the cluster: HashSet()
2026-01-22T19:26:21.871+03:00  INFO 578402 --- [er-event-thread] kafka.controller.KafkaController         : [Controller id=0] Fetching topic deletions in progress
2026-01-22T19:26:21.872+03:00  INFO 578402 --- [r-0-send-thread] kafka.controller.RequestSendThread       : [RequestSendThread controllerId=0] Starting
2026-01-22T19:26:21.872+03:00  INFO 578402 --- [er-event-thread] kafka.controller.KafkaController         : [Controller id=0] List of topics to be deleted: 
2026-01-22T19:26:21.872+03:00  INFO 578402 --- [er-event-thread] kafka.controller.KafkaController         : [Controller id=0] List of topics ineligible for deletion: 
2026-01-22T19:26:21.872+03:00  INFO 578402 --- [er-event-thread] kafka.controller.KafkaController         : [Controller id=0] Initializing topic deletion manager
2026-01-22T19:26:21.873+03:00  INFO 578402 --- [er-event-thread] kafka.controller.TopicDeletionManager    : [Topic Deletion Manager 0] Initializing manager with initial deletions: Set(), initial ineligible deletions: HashSet()
2026-01-22T19:26:21.873+03:00  INFO 578402 --- [er-event-thread] kafka.controller.KafkaController         : [Controller id=0] Sending update metadata request
2026-01-22T19:26:21.873+03:00  INFO 578402 --- [er-event-thread] state.change.logger                      : [Controller id=0 epoch=1] Sending UpdateMetadata request to brokers HashSet(0) for 0 partitions
2026-01-22T19:26:21.873+03:00  INFO 578402 --- [er-event-thread] kafka.controller.ZkReplicaStateMachine   : [ReplicaStateMachine controllerId=0] Initializing replica state
2026-01-22T19:26:21.873+03:00  INFO 578402 --- [er-event-thread] kafka.controller.ZkReplicaStateMachine   : [ReplicaStateMachine controllerId=0] Triggering online replica state changes
2026-01-22T19:26:21.873+03:00  INFO 578402 --- [er-event-thread] kafka.controller.ZkReplicaStateMachine   : [ReplicaStateMachine controllerId=0] Triggering offline replica state changes
2026-01-22T19:26:21.873+03:00  INFO 578402 --- [er-event-thread] k.controller.ZkPartitionStateMachine     : [PartitionStateMachine controllerId=0] Initializing partition state
2026-01-22T19:26:21.873+03:00  INFO 578402 --- [er-event-thread] k.controller.ZkPartitionStateMachine     : [PartitionStateMachine controllerId=0] Triggering online partition state changes
2026-01-22T19:26:21.874+03:00  INFO 578402 --- [er-event-thread] kafka.controller.KafkaController         : [Controller id=0] Ready to serve as the new controller with epoch 1
2026-01-22T19:26:21.874+03:00  INFO 578402 --- [r-0-send-thread] kafka.controller.RequestSendThread       : [RequestSendThread controllerId=0] Controller 0 connected to localhost:38907 (id: 0 rack: null) for sending state change requests
2026-01-22T19:26:21.875+03:00  INFO 578402 --- [er-event-thread] kafka.controller.KafkaController         : [Controller id=0] Partitions undergoing preferred replica election: 
2026-01-22T19:26:21.875+03:00  INFO 578402 --- [er-event-thread] kafka.controller.KafkaController         : [Controller id=0] Partitions that completed preferred replica election: 
2026-01-22T19:26:21.875+03:00  INFO 578402 --- [er-event-thread] kafka.controller.KafkaController         : [Controller id=0] Skipping preferred replica election for partitions due to topic deletion: 
2026-01-22T19:26:21.875+03:00  INFO 578402 --- [er-event-thread] kafka.controller.KafkaController         : [Controller id=0] Resuming preferred replica election for partitions: 
2026-01-22T19:26:21.875+03:00  INFO 578402 --- [er-event-thread] kafka.controller.KafkaController         : [Controller id=0] Starting replica leader election (PREFERRED) for partitions  triggered by ZkTriggered
2026-01-22T19:26:21.876+03:00  INFO 578402 --- [er-event-thread] kafka.controller.KafkaController         : [Controller id=0] Starting the controller scheduler
2026-01-22T19:26:21.883+03:00  INFO 578402 --- [quest-handler-4] kafka.zk.AdminZkClient                   : Creating topic cart_remove with configuration {} and initial partition assignment HashMap(0 -> ArrayBuffer(0))
2026-01-22T19:26:21.888+03:00  INFO 578402 --- [er-event-thread] kafka.controller.KafkaController         : [Controller id=0] New topics: [Set(cart_remove)], deleted topics: [HashSet()], new partition replica assignment [Set(TopicIdReplicaAssignment(cart_remove,Some(lCz2g7fNTCOa60br1xDgGw),Map(cart_remove-0 -> ReplicaAssignment(replicas=0, addingReplicas=, removingReplicas=))))]
2026-01-22T19:26:21.888+03:00  INFO 578402 --- [er-event-thread] kafka.controller.KafkaController         : [Controller id=0] New partition creation callback for cart_remove-0
2026-01-22T19:26:21.889+03:00  INFO 578402 --- [er-event-thread] state.change.logger                      : [Controller id=0 epoch=1] Changed partition cart_remove-0 state from NonExistentPartition to NewPartition with assigned replicas 0
2026-01-22T19:26:21.889+03:00  INFO 578402 --- [er-event-thread] state.change.logger                      : [Controller id=0 epoch=1] Sending UpdateMetadata request to brokers HashSet() for 0 partitions
2026-01-22T19:26:21.889+03:00  INFO 578402 --- [er-event-thread] state.change.logger                      : [Controller id=0 epoch=1] Sending UpdateMetadata request to brokers HashSet() for 0 partitions
2026-01-22T19:26:21.892+03:00  INFO 578402 --- [er-event-thread] state.change.logger                      : [Controller id=0 epoch=1] Changed partition cart_remove-0 from NewPartition to OnlinePartition with state LeaderAndIsr(leader=0, leaderEpoch=0, isrWithBrokerEpoch=List(BrokerState(brokerId=0, brokerEpoch=-1)), leaderRecoveryState=RECOVERED, partitionEpoch=0)
2026-01-22T19:26:21.893+03:00  INFO 578402 --- [er-event-thread] state.change.logger                      : [Controller id=0 epoch=1] Sending LeaderAndIsr request to broker 0 with 1 become-leader and 0 become-follower partitions
2026-01-22T19:26:21.893+03:00  INFO 578402 --- [er-event-thread] state.change.logger                      : [Controller id=0 epoch=1] Sending UpdateMetadata request to brokers HashSet(0) for 1 partitions
2026-01-22T19:26:21.893+03:00  INFO 578402 --- [quest-handler-4] kafka.zk.AdminZkClient                   : Creating topic video_Events with configuration {} and initial partition assignment HashMap(0 -> ArrayBuffer(0))
2026-01-22T19:26:21.893+03:00  INFO 578402 --- [er-event-thread] state.change.logger                      : [Controller id=0 epoch=1] Sending UpdateMetadata request to brokers HashSet() for 0 partitions
2026-01-22T19:26:21.894+03:00  INFO 578402 --- [quest-handler-5] state.change.logger                      : [Broker id=0] Handling LeaderAndIsr request correlationId 1 from controller 0 for 1 partitions
2026-01-22T19:26:21.894+03:00  INFO 578402 --- [quest-handler-5] kafka.server.ReplicaFetcherManager       : [ReplicaFetcherManager on broker 0] Removed fetcher for partitions Set(cart_remove-0)
2026-01-22T19:26:21.894+03:00  INFO 578402 --- [quest-handler-5] state.change.logger                      : [Broker id=0] Stopped fetchers as part of LeaderAndIsr request correlationId 1 from controller 0 epoch 1 as part of the become-leader transition for 1 partitions
2026-01-22T19:26:21.897+03:00  INFO 578402 --- [quest-handler-5] kafka.log.UnifiedLog$                    : [LogLoader partition=cart_remove-0, dir=/home/salah/Downloads/Real-Time-Distributed-Analytics-Dashboard-Project-main/backend/kafka-analytics-project/Kafka-Project/target/embedded-kafka] Loading producer state till offset 0 with message format version 2
2026-01-22T19:26:21.898+03:00  INFO 578402 --- [quest-handler-5] kafka.log.LogManager                     : Created log for partition cart_remove-0 in /home/salah/Downloads/Real-Time-Distributed-Analytics-Dashboard-Project-main/backend/kafka-analytics-project/Kafka-Project/target/embedded-kafka/cart_remove-0 with properties {}
2026-01-22T19:26:21.898+03:00  INFO 578402 --- [quest-handler-5] kafka.cluster.Partition                  : [Partition cart_remove-0 broker=0] No checkpointed highwatermark is found for partition cart_remove-0
2026-01-22T19:26:21.898+03:00  INFO 578402 --- [quest-handler-5] kafka.cluster.Partition                  : [Partition cart_remove-0 broker=0] Log loaded for partition cart_remove-0 with initial high watermark 0
2026-01-22T19:26:21.898+03:00  INFO 578402 --- [quest-handler-5] state.change.logger                      : [Broker id=0] Leader cart_remove-0 with topic id Some(lCz2g7fNTCOa60br1xDgGw) starts at leader epoch 0 from offset 0 with partition epoch 0, high watermark 0, ISR [0], adding replicas [] and removing replicas [] . Previous leader None and previous leader epoch was -1.
2026-01-22T19:26:21.899+03:00  INFO 578402 --- [er-event-thread] kafka.controller.KafkaController         : [Controller id=0] New topics: [Set(video_Events)], deleted topics: [HashSet()], new partition replica assignment [Set(TopicIdReplicaAssignment(video_Events,Some(Aq-Xu5PWRji8_xw7LD3qzQ),Map(video_Events-0 -> ReplicaAssignment(replicas=0, addingReplicas=, removingReplicas=))))]
2026-01-22T19:26:21.899+03:00  INFO 578402 --- [er-event-thread] kafka.controller.KafkaController         : [Controller id=0] New partition creation callback for video_Events-0
2026-01-22T19:26:21.899+03:00  INFO 578402 --- [er-event-thread] state.change.logger                      : [Controller id=0 epoch=1] Changed partition video_Events-0 state from NonExistentPartition to NewPartition with assigned replicas 0
2026-01-22T19:26:21.899+03:00  INFO 578402 --- [er-event-thread] state.change.logger                      : [Controller id=0 epoch=1] Sending UpdateMetadata request to brokers HashSet() for 0 partitions
2026-01-22T19:26:21.900+03:00  INFO 578402 --- [er-event-thread] state.change.logger                      : [Controller id=0 epoch=1] Sending UpdateMetadata request to brokers HashSet() for 0 partitions
2026-01-22T19:26:21.904+03:00  INFO 578402 --- [quest-handler-5] state.change.logger                      : [Broker id=0] Finished LeaderAndIsr request in 10ms correlationId 1 from controller 0 for 1 partitions
2026-01-22T19:26:21.905+03:00  INFO 578402 --- [quest-handler-4] kafka.zk.AdminZkClient                   : Creating topic mouse_move with configuration {} and initial partition assignment HashMap(0 -> ArrayBuffer(0))
2026-01-22T19:26:21.906+03:00  INFO 578402 --- [quest-handler-6] state.change.logger                      : [Broker id=0] Add 1 partitions and deleted 0 partitions from metadata cache in response to UpdateMetadata request sent by controller 0 epoch 1 with correlation id 2
2026-01-22T19:26:21.917+03:00  INFO 578402 --- [er-event-thread] state.change.logger                      : [Controller id=0 epoch=1] Changed partition video_Events-0 from NewPartition to OnlinePartition with state LeaderAndIsr(leader=0, leaderEpoch=0, isrWithBrokerEpoch=List(BrokerState(brokerId=0, brokerEpoch=-1)), leaderRecoveryState=RECOVERED, partitionEpoch=0)
2026-01-22T19:26:21.917+03:00  INFO 578402 --- [er-event-thread] state.change.logger                      : [Controller id=0 epoch=1] Sending LeaderAndIsr request to broker 0 with 1 become-leader and 0 become-follower partitions
2026-01-22T19:26:21.917+03:00  INFO 578402 --- [er-event-thread] state.change.logger                      : [Controller id=0 epoch=1] Sending UpdateMetadata request to brokers HashSet(0) for 1 partitions
2026-01-22T19:26:21.918+03:00  INFO 578402 --- [er-event-thread] state.change.logger                      : [Controller id=0 epoch=1] Sending UpdateMetadata request to brokers HashSet() for 0 partitions
2026-01-22T19:26:21.919+03:00  INFO 578402 --- [quest-handler-7] state.change.logger                      : [Broker id=0] Handling LeaderAndIsr request correlationId 3 from controller 0 for 1 partitions
2026-01-22T19:26:21.920+03:00  INFO 578402 --- [quest-handler-7] kafka.server.ReplicaFetcherManager       : [ReplicaFetcherManager on broker 0] Removed fetcher for partitions Set(video_Events-0)
2026-01-22T19:26:21.920+03:00  INFO 578402 --- [channel-manager] k.server.NodeToControllerRequestThread   : [zk-broker-0-to-controller-forwarding-channel-manager]: Recorded new ZK controller, from now on will use node localhost:38907 (id: 0 rack: null)
2026-01-22T19:26:21.920+03:00  INFO 578402 --- [quest-handler-7] state.change.logger                      : [Broker id=0] Stopped fetchers as part of LeaderAndIsr request correlationId 3 from controller 0 epoch 1 as part of the become-leader transition for 1 partitions
2026-01-22T19:26:21.926+03:00  INFO 578402 --- [quest-handler-7] kafka.log.UnifiedLog$                    : [LogLoader partition=video_Events-0, dir=/home/salah/Downloads/Real-Time-Distributed-Analytics-Dashboard-Project-main/backend/kafka-analytics-project/Kafka-Project/target/embedded-kafka] Loading producer state till offset 0 with message format version 2
2026-01-22T19:26:21.927+03:00  INFO 578402 --- [quest-handler-7] kafka.log.LogManager                     : Created log for partition video_Events-0 in /home/salah/Downloads/Real-Time-Distributed-Analytics-Dashboard-Project-main/backend/kafka-analytics-project/Kafka-Project/target/embedded-kafka/video_Events-0 with properties {}
2026-01-22T19:26:21.928+03:00  INFO 578402 --- [quest-handler-7] kafka.cluster.Partition                  : [Partition video_Events-0 broker=0] No checkpointed highwatermark is found for partition video_Events-0
2026-01-22T19:26:21.928+03:00  INFO 578402 --- [quest-handler-7] kafka.cluster.Partition                  : [Partition video_Events-0 broker=0] Log loaded for partition video_Events-0 with initial high watermark 0
2026-01-22T19:26:21.928+03:00  INFO 578402 --- [quest-handler-7] state.change.logger                      : [Broker id=0] Leader video_Events-0 with topic id Some(Aq-Xu5PWRji8_xw7LD3qzQ) starts at leader epoch 0 from offset 0 with partition epoch 0, high watermark 0, ISR [0], adding replicas [] and removing replicas [] . Previous leader None and previous leader epoch was -1.
2026-01-22T19:26:21.931+03:00  INFO 578402 --- [quest-handler-7] state.change.logger                      : [Broker id=0] Finished LeaderAndIsr request in 12ms correlationId 3 from controller 0 for 1 partitions
2026-01-22T19:26:21.933+03:00  INFO 578402 --- [quest-handler-1] state.change.logger                      : [Broker id=0] Add 1 partitions and deleted 0 partitions from metadata cache in response to UpdateMetadata request sent by controller 0 epoch 1 with correlation id 4
2026-01-22T19:26:21.941+03:00  INFO 578402 --- [er-event-thread] kafka.controller.KafkaController         : [Controller id=0] New topics: [Set(mouse_move)], deleted topics: [HashSet()], new partition replica assignment [Set(TopicIdReplicaAssignment(mouse_move,Some(J8Ia7lzXQu6_S2XeRu9gdw),Map(mouse_move-0 -> ReplicaAssignment(replicas=0, addingReplicas=, removingReplicas=))))]
2026-01-22T19:26:21.941+03:00  INFO 578402 --- [er-event-thread] kafka.controller.KafkaController         : [Controller id=0] New partition creation callback for mouse_move-0
2026-01-22T19:26:21.941+03:00  INFO 578402 --- [channel-manager] k.server.NodeToControllerRequestThread   : [zk-broker-0-to-controller-alter-partition-channel-manager]: Recorded new ZK controller, from now on will use node localhost:38907 (id: 0 rack: null)
2026-01-22T19:26:21.941+03:00  INFO 578402 --- [er-event-thread] state.change.logger                      : [Controller id=0 epoch=1] Changed partition mouse_move-0 state from NonExistentPartition to NewPartition with assigned replicas 0
2026-01-22T19:26:21.941+03:00  INFO 578402 --- [er-event-thread] state.change.logger                      : [Controller id=0 epoch=1] Sending UpdateMetadata request to brokers HashSet() for 0 partitions
2026-01-22T19:26:21.941+03:00  INFO 578402 --- [er-event-thread] state.change.logger                      : [Controller id=0 epoch=1] Sending UpdateMetadata request to brokers HashSet() for 0 partitions
2026-01-22T19:26:21.944+03:00  INFO 578402 --- [quest-handler-4] kafka.zk.AdminZkClient                   : Creating topic link_click with configuration {} and initial partition assignment HashMap(0 -> ArrayBuffer(0))
2026-01-22T19:26:21.946+03:00  INFO 578402 --- [er-event-thread] state.change.logger                      : [Controller id=0 epoch=1] Changed partition mouse_move-0 from NewPartition to OnlinePartition with state LeaderAndIsr(leader=0, leaderEpoch=0, isrWithBrokerEpoch=List(BrokerState(brokerId=0, brokerEpoch=-1)), leaderRecoveryState=RECOVERED, partitionEpoch=0)
2026-01-22T19:26:21.946+03:00  INFO 578402 --- [er-event-thread] state.change.logger                      : [Controller id=0 epoch=1] Sending LeaderAndIsr request to broker 0 with 1 become-leader and 0 become-follower partitions
2026-01-22T19:26:21.946+03:00  INFO 578402 --- [er-event-thread] state.change.logger                      : [Controller id=0 epoch=1] Sending UpdateMetadata request to brokers HashSet(0) for 1 partitions
2026-01-22T19:26:21.946+03:00  INFO 578402 --- [er-event-thread] state.change.logger                      : [Controller id=0 epoch=1] Sending UpdateMetadata request to brokers HashSet() for 0 partitions
2026-01-22T19:26:21.948+03:00  INFO 578402 --- [quest-handler-0] state.change.logger                      : [Broker id=0] Handling LeaderAndIsr request correlationId 5 from controller 0 for 1 partitions
2026-01-22T19:26:21.949+03:00  INFO 578402 --- [quest-handler-0] kafka.server.ReplicaFetcherManager       : [ReplicaFetcherManager on broker 0] Removed fetcher for partitions Set(mouse_move-0)
2026-01-22T19:26:21.949+03:00  INFO 578402 --- [quest-handler-0] state.change.logger                      : [Broker id=0] Stopped fetchers as part of LeaderAndIsr request correlationId 5 from controller 0 epoch 1 as part of the become-leader transition for 1 partitions
2026-01-22T19:26:21.953+03:00  INFO 578402 --- [quest-handler-0] kafka.log.UnifiedLog$                    : [LogLoader partition=mouse_move-0, dir=/home/salah/Downloads/Real-Time-Distributed-Analytics-Dashboard-Project-main/backend/kafka-analytics-project/Kafka-Project/target/embedded-kafka] Loading producer state till offset 0 with message format version 2
2026-01-22T19:26:21.954+03:00  INFO 578402 --- [quest-handler-0] kafka.log.LogManager                     : Created log for partition mouse_move-0 in /home/salah/Downloads/Real-Time-Distributed-Analytics-Dashboard-Project-main/backend/kafka-analytics-project/Kafka-Project/target/embedded-kafka/mouse_move-0 with properties {}
2026-01-22T19:26:21.955+03:00  INFO 578402 --- [quest-handler-0] kafka.cluster.Partition                  : [Partition mouse_move-0 broker=0] No checkpointed highwatermark is found for partition mouse_move-0
2026-01-22T19:26:21.955+03:00  INFO 578402 --- [quest-handler-0] kafka.cluster.Partition                  : [Partition mouse_move-0 broker=0] Log loaded for partition mouse_move-0 with initial high watermark 0
2026-01-22T19:26:21.955+03:00  INFO 578402 --- [quest-handler-0] state.change.logger                      : [Broker id=0] Leader mouse_move-0 with topic id Some(J8Ia7lzXQu6_S2XeRu9gdw) starts at leader epoch 0 from offset 0 with partition epoch 0, high watermark 0, ISR [0], adding replicas [] and removing replicas [] . Previous leader None and previous leader epoch was -1.
2026-01-22T19:26:21.957+03:00  INFO 578402 --- [quest-handler-0] state.change.logger                      : [Broker id=0] Finished LeaderAndIsr request in 9ms correlationId 5 from controller 0 for 1 partitions
2026-01-22T19:26:21.958+03:00  INFO 578402 --- [er-event-thread] kafka.controller.KafkaController         : [Controller id=0] New topics: [Set(link_click)], deleted topics: [HashSet()], new partition replica assignment [Set(TopicIdReplicaAssignment(link_click,Some(GCqEefQETxWfRv5cBi0B-w),Map(link_click-0 -> ReplicaAssignment(replicas=0, addingReplicas=, removingReplicas=))))]
2026-01-22T19:26:21.958+03:00  INFO 578402 --- [er-event-thread] kafka.controller.KafkaController         : [Controller id=0] New partition creation callback for link_click-0
2026-01-22T19:26:21.958+03:00  INFO 578402 --- [er-event-thread] state.change.logger                      : [Controller id=0 epoch=1] Changed partition link_click-0 state from NonExistentPartition to NewPartition with assigned replicas 0
2026-01-22T19:26:21.958+03:00  INFO 578402 --- [er-event-thread] state.change.logger                      : [Controller id=0 epoch=1] Sending UpdateMetadata request to brokers HashSet() for 0 partitions
2026-01-22T19:26:21.958+03:00  INFO 578402 --- [er-event-thread] state.change.logger                      : [Controller id=0 epoch=1] Sending UpdateMetadata request to brokers HashSet() for 0 partitions
2026-01-22T19:26:21.960+03:00  INFO 578402 --- [quest-handler-3] state.change.logger                      : [Broker id=0] Add 1 partitions and deleted 0 partitions from metadata cache in response to UpdateMetadata request sent by controller 0 epoch 1 with correlation id 6
2026-01-22T19:26:21.961+03:00  INFO 578402 --- [quest-handler-4] kafka.zk.AdminZkClient                   : Creating topic purchase with configuration {} and initial partition assignment HashMap(0 -> ArrayBuffer(0))
2026-01-22T19:26:21.973+03:00  INFO 578402 --- [quest-handler-5] k.coordinator.group.GroupCoordinator     : [GroupCoordinator 0]: Stabilized group analytics-consumers generation 4 (__consumer_offsets-1) with 12 members
2026-01-22T19:26:21.976+03:00  INFO 578402 --- [er-event-thread] state.change.logger                      : [Controller id=0 epoch=1] Changed partition link_click-0 from NewPartition to OnlinePartition with state LeaderAndIsr(leader=0, leaderEpoch=0, isrWithBrokerEpoch=List(BrokerState(brokerId=0, brokerEpoch=-1)), leaderRecoveryState=RECOVERED, partitionEpoch=0)
2026-01-22T19:26:21.977+03:00  INFO 578402 --- [er-event-thread] state.change.logger                      : [Controller id=0 epoch=1] Sending LeaderAndIsr request to broker 0 with 1 become-leader and 0 become-follower partitions
2026-01-22T19:26:21.977+03:00  INFO 578402 --- [er-event-thread] state.change.logger                      : [Controller id=0 epoch=1] Sending UpdateMetadata request to brokers HashSet(0) for 1 partitions
2026-01-22T19:26:21.977+03:00  INFO 578402 --- [er-event-thread] state.change.logger                      : [Controller id=0 epoch=1] Sending UpdateMetadata request to brokers HashSet() for 0 partitions
2026-01-22T19:26:21.978+03:00  INFO 578402 --- [quest-handler-2] state.change.logger                      : [Broker id=0] Handling LeaderAndIsr request correlationId 7 from controller 0 for 1 partitions
2026-01-22T19:26:21.978+03:00  INFO 578402 --- [quest-handler-2] kafka.server.ReplicaFetcherManager       : [ReplicaFetcherManager on broker 0] Removed fetcher for partitions Set(link_click-0)
2026-01-22T19:26:21.978+03:00  INFO 578402 --- [quest-handler-2] state.change.logger                      : [Broker id=0] Stopped fetchers as part of LeaderAndIsr request correlationId 7 from controller 0 epoch 1 as part of the become-leader transition for 1 partitions
2026-01-22T19:26:21.981+03:00  INFO 578402 --- [quest-handler-2] kafka.log.UnifiedLog$                    : [LogLoader partition=link_click-0, dir=/home/salah/Downloads/Real-Time-Distributed-Analytics-Dashboard-Project-main/backend/kafka-analytics-project/Kafka-Project/target/embedded-kafka] Loading producer state till offset 0 with message format version 2
2026-01-22T19:26:21.981+03:00  INFO 578402 --- [quest-handler-2] kafka.log.LogManager                     : Created log for partition link_click-0 in /home/salah/Downloads/Real-Time-Distributed-Analytics-Dashboard-Project-main/backend/kafka-analytics-project/Kafka-Project/target/embedded-kafka/link_click-0 with properties {}
2026-01-22T19:26:21.981+03:00  INFO 578402 --- [quest-handler-2] kafka.cluster.Partition                  : [Partition link_click-0 broker=0] No checkpointed highwatermark is found for partition link_click-0
2026-01-22T19:26:21.981+03:00  INFO 578402 --- [quest-handler-2] kafka.cluster.Partition                  : [Partition link_click-0 broker=0] Log loaded for partition link_click-0 with initial high watermark 0
2026-01-22T19:26:21.981+03:00  INFO 578402 --- [quest-handler-2] state.change.logger                      : [Broker id=0] Leader link_click-0 with topic id Some(GCqEefQETxWfRv5cBi0B-w) starts at leader epoch 0 from offset 0 with partition epoch 0, high watermark 0, ISR [0], adding replicas [] and removing replicas [] . Previous leader None and previous leader epoch was -1.
2026-01-22T19:26:21.982+03:00  INFO 578402 --- [er-event-thread] kafka.controller.KafkaController         : [Controller id=0] New topics: [HashSet(purchase)], deleted topics: [HashSet()], new partition replica assignment [Set(TopicIdReplicaAssignment(purchase,Some(zZOVAY9_Sbikj6vz6HB64A),Map(purchase-0 -> ReplicaAssignment(replicas=0, addingReplicas=, removingReplicas=))))]
2026-01-22T19:26:21.982+03:00  INFO 578402 --- [er-event-thread] kafka.controller.KafkaController         : [Controller id=0] New partition creation callback for purchase-0
2026-01-22T19:26:21.982+03:00  INFO 578402 --- [er-event-thread] state.change.logger                      : [Controller id=0 epoch=1] Changed partition purchase-0 state from NonExistentPartition to NewPartition with assigned replicas 0
2026-01-22T19:26:21.982+03:00  INFO 578402 --- [er-event-thread] state.change.logger                      : [Controller id=0 epoch=1] Sending UpdateMetadata request to brokers HashSet() for 0 partitions
2026-01-22T19:26:21.982+03:00  INFO 578402 --- [er-event-thread] state.change.logger                      : [Controller id=0 epoch=1] Sending UpdateMetadata request to brokers HashSet() for 0 partitions
2026-01-22T19:26:21.984+03:00  INFO 578402 --- [quest-handler-2] state.change.logger                      : [Broker id=0] Finished LeaderAndIsr request in 6ms correlationId 7 from controller 0 for 1 partitions
2026-01-22T19:26:21.985+03:00  INFO 578402 --- [quest-handler-4] kafka.zk.AdminZkClient                   : Creating topic custom_event with configuration {} and initial partition assignment HashMap(0 -> ArrayBuffer(0))
2026-01-22T19:26:21.986+03:00  INFO 578402 --- [quest-handler-5] state.change.logger                      : [Broker id=0] Add 1 partitions and deleted 0 partitions from metadata cache in response to UpdateMetadata request sent by controller 0 epoch 1 with correlation id 8
2026-01-22T19:26:21.989+03:00  INFO 578402 --- [er-event-thread] state.change.logger                      : [Controller id=0 epoch=1] Changed partition purchase-0 from NewPartition to OnlinePartition with state LeaderAndIsr(leader=0, leaderEpoch=0, isrWithBrokerEpoch=List(BrokerState(brokerId=0, brokerEpoch=-1)), leaderRecoveryState=RECOVERED, partitionEpoch=0)
2026-01-22T19:26:21.989+03:00  INFO 578402 --- [er-event-thread] state.change.logger                      : [Controller id=0 epoch=1] Sending LeaderAndIsr request to broker 0 with 1 become-leader and 0 become-follower partitions
2026-01-22T19:26:21.990+03:00  INFO 578402 --- [er-event-thread] state.change.logger                      : [Controller id=0 epoch=1] Sending UpdateMetadata request to brokers HashSet(0) for 1 partitions
2026-01-22T19:26:21.990+03:00  INFO 578402 --- [er-event-thread] state.change.logger                      : [Controller id=0 epoch=1] Sending UpdateMetadata request to brokers HashSet() for 0 partitions
2026-01-22T19:26:21.991+03:00  INFO 578402 --- [quest-handler-6] state.change.logger                      : [Broker id=0] Handling LeaderAndIsr request correlationId 9 from controller 0 for 1 partitions
2026-01-22T19:26:21.992+03:00  INFO 578402 --- [quest-handler-6] kafka.server.ReplicaFetcherManager       : [ReplicaFetcherManager on broker 0] Removed fetcher for partitions Set(purchase-0)
2026-01-22T19:26:21.992+03:00  INFO 578402 --- [quest-handler-6] state.change.logger                      : [Broker id=0] Stopped fetchers as part of LeaderAndIsr request correlationId 9 from controller 0 epoch 1 as part of the become-leader transition for 1 partitions
2026-01-22T19:26:21.996+03:00  INFO 578402 --- [quest-handler-6] kafka.log.UnifiedLog$                    : [LogLoader partition=purchase-0, dir=/home/salah/Downloads/Real-Time-Distributed-Analytics-Dashboard-Project-main/backend/kafka-analytics-project/Kafka-Project/target/embedded-kafka] Loading producer state till offset 0 with message format version 2
2026-01-22T19:26:21.996+03:00  INFO 578402 --- [er-event-thread] kafka.controller.KafkaController         : [Controller id=0] New topics: [HashSet(custom_event)], deleted topics: [HashSet()], new partition replica assignment [Set(TopicIdReplicaAssignment(custom_event,Some(tumYhUmOQKm2z4MOvl9pMA),Map(custom_event-0 -> ReplicaAssignment(replicas=0, addingReplicas=, removingReplicas=))))]
2026-01-22T19:26:21.996+03:00  INFO 578402 --- [er-event-thread] kafka.controller.KafkaController         : [Controller id=0] New partition creation callback for custom_event-0
2026-01-22T19:26:21.996+03:00  INFO 578402 --- [er-event-thread] state.change.logger                      : [Controller id=0 epoch=1] Changed partition custom_event-0 state from NonExistentPartition to NewPartition with assigned replicas 0
2026-01-22T19:26:21.996+03:00  INFO 578402 --- [er-event-thread] state.change.logger                      : [Controller id=0 epoch=1] Sending UpdateMetadata request to brokers HashSet() for 0 partitions
2026-01-22T19:26:21.997+03:00  INFO 578402 --- [quest-handler-6] kafka.log.LogManager                     : Created log for partition purchase-0 in /home/salah/Downloads/Real-Time-Distributed-Analytics-Dashboard-Project-main/backend/kafka-analytics-project/Kafka-Project/target/embedded-kafka/purchase-0 with properties {}
2026-01-22T19:26:21.997+03:00  INFO 578402 --- [er-event-thread] state.change.logger                      : [Controller id=0 epoch=1] Sending UpdateMetadata request to brokers HashSet() for 0 partitions
2026-01-22T19:26:21.997+03:00  INFO 578402 --- [quest-handler-6] kafka.cluster.Partition                  : [Partition purchase-0 broker=0] No checkpointed highwatermark is found for partition purchase-0
2026-01-22T19:26:21.997+03:00  INFO 578402 --- [quest-handler-6] kafka.cluster.Partition                  : [Partition purchase-0 broker=0] Log loaded for partition purchase-0 with initial high watermark 0
2026-01-22T19:26:21.997+03:00  INFO 578402 --- [quest-handler-6] state.change.logger                      : [Broker id=0] Leader purchase-0 with topic id Some(zZOVAY9_Sbikj6vz6HB64A) starts at leader epoch 0 from offset 0 with partition epoch 0, high watermark 0, ISR [0], adding replicas [] and removing replicas [] . Previous leader None and previous leader epoch was -1.
2026-01-22T19:26:22.000+03:00  INFO 578402 --- [quest-handler-4] kafka.zk.AdminZkClient                   : Creating topic cart_add with configuration {} and initial partition assignment HashMap(0 -> ArrayBuffer(0))
2026-01-22T19:26:22.001+03:00  INFO 578402 --- [quest-handler-6] state.change.logger                      : [Broker id=0] Finished LeaderAndIsr request in 10ms correlationId 9 from controller 0 for 1 partitions
2026-01-22T19:26:22.004+03:00  INFO 578402 --- [quest-handler-7] state.change.logger                      : [Broker id=0] Add 1 partitions and deleted 0 partitions from metadata cache in response to UpdateMetadata request sent by controller 0 epoch 1 with correlation id 10
2026-01-22T19:26:22.006+03:00  INFO 578402 --- [er-event-thread] state.change.logger                      : [Controller id=0 epoch=1] Changed partition custom_event-0 from NewPartition to OnlinePartition with state LeaderAndIsr(leader=0, leaderEpoch=0, isrWithBrokerEpoch=List(BrokerState(brokerId=0, brokerEpoch=-1)), leaderRecoveryState=RECOVERED, partitionEpoch=0)
2026-01-22T19:26:22.006+03:00  INFO 578402 --- [er-event-thread] state.change.logger                      : [Controller id=0 epoch=1] Sending LeaderAndIsr request to broker 0 with 1 become-leader and 0 become-follower partitions
2026-01-22T19:26:22.006+03:00  INFO 578402 --- [er-event-thread] state.change.logger                      : [Controller id=0 epoch=1] Sending UpdateMetadata request to brokers HashSet(0) for 1 partitions
2026-01-22T19:26:22.007+03:00  INFO 578402 --- [er-event-thread] state.change.logger                      : [Controller id=0 epoch=1] Sending UpdateMetadata request to brokers HashSet() for 0 partitions
2026-01-22T19:26:22.008+03:00  INFO 578402 --- [quest-handler-1] state.change.logger                      : [Broker id=0] Handling LeaderAndIsr request correlationId 11 from controller 0 for 1 partitions
2026-01-22T19:26:22.009+03:00  INFO 578402 --- [quest-handler-1] kafka.server.ReplicaFetcherManager       : [ReplicaFetcherManager on broker 0] Removed fetcher for partitions Set(custom_event-0)
2026-01-22T19:26:22.009+03:00  INFO 578402 --- [quest-handler-1] state.change.logger                      : [Broker id=0] Stopped fetchers as part of LeaderAndIsr request correlationId 11 from controller 0 epoch 1 as part of the become-leader transition for 1 partitions
2026-01-22T19:26:22.012+03:00  INFO 578402 --- [quest-handler-1] kafka.log.UnifiedLog$                    : [LogLoader partition=custom_event-0, dir=/home/salah/Downloads/Real-Time-Distributed-Analytics-Dashboard-Project-main/backend/kafka-analytics-project/Kafka-Project/target/embedded-kafka] Loading producer state till offset 0 with message format version 2
2026-01-22T19:26:22.013+03:00  INFO 578402 --- [quest-handler-1] kafka.log.LogManager                     : Created log for partition custom_event-0 in /home/salah/Downloads/Real-Time-Distributed-Analytics-Dashboard-Project-main/backend/kafka-analytics-project/Kafka-Project/target/embedded-kafka/custom_event-0 with properties {}
2026-01-22T19:26:22.013+03:00  INFO 578402 --- [quest-handler-1] kafka.cluster.Partition                  : [Partition custom_event-0 broker=0] No checkpointed highwatermark is found for partition custom_event-0
2026-01-22T19:26:22.013+03:00  INFO 578402 --- [quest-handler-1] kafka.cluster.Partition                  : [Partition custom_event-0 broker=0] Log loaded for partition custom_event-0 with initial high watermark 0
[...]
2026-01-22T19:26:26.584+03:00  INFO 578402 --- [ntainer#1-0-C-1] K.service.KafkaConsumerService           : ✓ Inserted interaction event: button_click for tracking_id: integration-test-1769099181681
2026-01-22T19:26:26.585+03:00  INFO 578402 --- [ntainer#1-0-C-1] com.clickhouse.jdbc.ClickHouseDriver     : v2 driver
2026-01-22T19:26:26.586+03:00  INFO 578402 --- [ntainer#1-0-C-1] com.clickhouse.client.api.Client         : Using server timezone: UTC
2026-01-22T19:26:26.586+03:00  INFO 578402 --- [ntainer#1-0-C-1] com.clickhouse.client.api.Client         : Connection reuse strategy: FIFO
2026-01-22T19:26:26.587+03:00  INFO 578402 --- [ntainer#1-0-C-1] com.clickhouse.client.api.Client         : client compression: false, server compression: true, http compression: false
2026-01-22T19:26:26.591+03:00  INFO 578402 --- [ntainer#1-0-C-1] com.clickhouse.jdbc.StatementImpl        : Statement schema default
2026-01-22T19:26:26.601+03:00  INFO 578402 --- [ntainer#1-0-C-1] K.service.KafkaConsumerService           : ✓ Inserted interaction event: link_click for tracking_id: integration-test-1769099181681
2026-01-22T19:26:26.877+03:00  INFO 578402 --- [er-event-thread] kafka.controller.KafkaController         : [Controller id=0] Processing automatic preferred replica leader election
2026-01-22T19:26:27.552+03:00  INFO 578402 --- [aitility-thread] com.clickhouse.jdbc.ClickHouseDriver     : v2 driver
2026-01-22T19:26:27.553+03:00  INFO 578402 --- [aitility-thread] com.clickhouse.client.api.Client         : Using server timezone: UTC
2026-01-22T19:26:27.553+03:00  INFO 578402 --- [aitility-thread] com.clickhouse.client.api.Client         : Connection reuse strategy: FIFO
2026-01-22T19:26:27.554+03:00  INFO 578402 --- [aitility-thread] com.clickhouse.client.api.Client         : client compression: false, server compression: true, http compression: false
2026-01-22T19:26:27.557+03:00  INFO 578402 --- [aitility-thread] com.clickhouse.jdbc.StatementImpl        : Statement schema default
✓ Found 3 click events in ClickHouse
]]></system-out>
  </testcase>
  <testcase name="testFormEventsToDatabase" classname="Kafka_Project.RealIntegrationTest" time="1.02">
    <system-out><![CDATA[
--- Test 4: Form Events End-to-End ---
2026-01-22T19:26:27.571+03:00  INFO 578402 --- [           main] Kafka_Project.ProducerController         : Processed 2 events, skipped 0 events for user: integration-test-1769099181681
✅ API Response: {"status":"success","processed":2,"skipped":0}
2026-01-22T19:26:27.584+03:00  INFO 578402 --- [ad | producer-2] K.service.KafkaProducerService           : Message sent successfully to topic: form_focus at offset: 0
2026-01-22T19:26:27.584+03:00  INFO 578402 --- [ad | producer-2] K.service.KafkaProducerService           : Message sent successfully to topic: form_submit at offset: 0
2026-01-22T19:26:27.585+03:00  INFO 578402 --- [ntainer#2-0-C-1] com.clickhouse.jdbc.ClickHouseDriver     : v2 driver
2026-01-22T19:26:27.585+03:00  INFO 578402 --- [ntainer#2-2-C-1] com.clickhouse.jdbc.ClickHouseDriver     : v2 driver
2026-01-22T19:26:27.586+03:00  INFO 578402 --- [ntainer#2-0-C-1] com.clickhouse.client.api.Client         : Using server timezone: UTC
2026-01-22T19:26:27.586+03:00  INFO 578402 --- [ntainer#2-2-C-1] com.clickhouse.client.api.Client         : Using server timezone: UTC
2026-01-22T19:26:27.586+03:00  INFO 578402 --- [ntainer#2-2-C-1] com.clickhouse.client.api.Client         : Connection reuse strategy: FIFO
2026-01-22T19:26:27.586+03:00  INFO 578402 --- [ntainer#2-0-C-1] com.clickhouse.client.api.Client         : Connection reuse strategy: FIFO
2026-01-22T19:26:27.587+03:00  INFO 578402 --- [ntainer#2-2-C-1] com.clickhouse.client.api.Client         : client compression: false, server compression: true, http compression: false
2026-01-22T19:26:27.587+03:00  INFO 578402 --- [ntainer#2-0-C-1] com.clickhouse.client.api.Client         : client compression: false, server compression: true, http compression: false
2026-01-22T19:26:27.590+03:00  INFO 578402 --- [ntainer#2-0-C-1] com.clickhouse.jdbc.StatementImpl        : Statement schema default
2026-01-22T19:26:27.590+03:00  INFO 578402 --- [ntainer#2-2-C-1] com.clickhouse.jdbc.StatementImpl        : Statement schema default
2026-01-22T19:26:27.600+03:00  INFO 578402 --- [ntainer#2-0-C-1] K.service.KafkaConsumerService           : ✓ Inserted form event: form_focus for tracking_id: integration-test-1769099181681
2026-01-22T19:26:27.600+03:00  INFO 578402 --- [ntainer#2-2-C-1] K.service.KafkaConsumerService           : ✓ Inserted form event: form_submit for tracking_id: integration-test-1769099181681
2026-01-22T19:26:28.573+03:00  INFO 578402 --- [aitility-thread] com.clickhouse.jdbc.ClickHouseDriver     : v2 driver
2026-01-22T19:26:28.574+03:00  INFO 578402 --- [aitility-thread] com.clickhouse.client.api.Client         : Using server timezone: UTC
2026-01-22T19:26:28.574+03:00  INFO 578402 --- [aitility-thread] com.clickhouse.client.api.Client         : Connection reuse strategy: FIFO
2026-01-22T19:26:28.574+03:00  INFO 578402 --- [aitility-thread] com.clickhouse.client.api.Client         : client compression: false, server compression: true, http compression: false
2026-01-22T19:26:28.579+03:00  INFO 578402 --- [aitility-thread] com.clickhouse.jdbc.StatementImpl        : Statement schema default
✓ Found 2 form events in ClickHouse
]]></system-out>
  </testcase>
  <testcase name="testEcommerceEventsToDatabase" classname="Kafka_Project.RealIntegrationTest" time="0.176">
    <system-out><![CDATA[
========================================
Test 5: E-commerce Events End-to-End
========================================

📤 Sending e-commerce events...
Payload preview: [
  {
    "event_type": "purchase",
    "data": {
      "timestamp": "2026-01-16T12:00:00Z",
      "session_id": "test-session-001",
      "user_id": "1234",
      "tracking_id": "integration-test-176...
2026-01-22T19:26:28.590+03:00  INFO 578402 --- [           main] Kafka_Project.ProducerController         : Processed 3 events, skipped 0 events for user: integration-test-1769099181681

✅ API Response: {"status":"success","processed":3,"skipped":0}
⚠️  WARNING: Some events were skipped!

⏳ Waiting for Kafka to process events...
2026-01-22T19:26:28.603+03:00  INFO 578402 --- [ad | producer-2] K.service.KafkaProducerService           : Message sent successfully to topic: purchase at offset: 0
2026-01-22T19:26:28.603+03:00  INFO 578402 --- [ad | producer-2] K.service.KafkaProducerService           : Message sent successfully to topic: purchase at offset: 1
2026-01-22T19:26:28.603+03:00  INFO 578402 --- [ad | producer-2] K.service.KafkaProducerService           : Message sent successfully to topic: purchase at offset: 2
2026-01-22T19:26:28.604+03:00  INFO 578402 --- [ntainer#3-2-C-1] K.service.KafkaConsumerService           : 🟢 KAFKA CONSUMER START | topic=purchase partition=2 offset=0 key=null
2026-01-22T19:26:28.604+03:00  INFO 578402 --- [ntainer#3-2-C-1] K.service.KafkaConsumerService           : 📦 RAW MESSAGE: {"timestamp":"2026-01-22T16:26:28.589095056Z","event_type":"purchase","user_id":"integration-test-1769099181681","client_ip":"127.0.0.1","data":{"timestamp":"2026-01-16T12:00:00Z","session_id":"test-session-001","user_id":"1234","tracking_id":"integration-test-1769099181681","page_url":"https://example.com/checkout","product_id":"PROD-101","product_name":"Keyboard","price":49.99,"quantity":1,"category":"Electronics","currency":"USD","order_id":"ORD-101","total":49.99,"step":4,"step_name":"payment"}}
2026-01-22T19:26:28.605+03:00  INFO 578402 --- [ntainer#3-2-C-1] K.service.KafkaConsumerService           : 🔍 eventType=purchase trackingId=integration-test-1769099181681
2026-01-22T19:26:28.605+03:00  INFO 578402 --- [ntainer#3-2-C-1] K.service.KafkaConsumerService           : ⏱ timestamp=2026-01-22T16:26:28
2026-01-22T19:26:28.605+03:00  INFO 578402 --- [ntainer#3-2-C-1] K.service.KafkaConsumerService           : 🧪 INSERT VALUES | price=49.99 quantity=1 total=49.99 step=4
2026-01-22T19:26:28.605+03:00  INFO 578402 --- [ntainer#3-2-C-1] com.clickhouse.jdbc.ClickHouseDriver     : v2 driver
2026-01-22T19:26:28.605+03:00  INFO 578402 --- [ntainer#3-2-C-1] com.clickhouse.client.api.Client         : Using server timezone: UTC
2026-01-22T19:26:28.605+03:00  INFO 578402 --- [ntainer#3-2-C-1] com.clickhouse.client.api.Client         : Connection reuse strategy: FIFO
2026-01-22T19:26:28.606+03:00  INFO 578402 --- [ntainer#3-2-C-1] com.clickhouse.client.api.Client         : client compression: false, server compression: true, http compression: false
2026-01-22T19:26:28.610+03:00  INFO 578402 --- [ntainer#3-2-C-1] com.clickhouse.jdbc.StatementImpl        : Statement schema default
2026-01-22T19:26:28.623+03:00  INFO 578402 --- [ntainer#3-2-C-1] K.service.KafkaConsumerService           : ✅ INSERT SUCCESS | trackingId=integration-test-1769099181681 offset=0
2026-01-22T19:26:28.623+03:00  INFO 578402 --- [ntainer#3-2-C-1] K.service.KafkaConsumerService           : 🟢 KAFKA CONSUMER START | topic=purchase partition=2 offset=1 key=null
2026-01-22T19:26:28.623+03:00  INFO 578402 --- [ntainer#3-2-C-1] K.service.KafkaConsumerService           : 📦 RAW MESSAGE: {"timestamp":"2026-01-22T16:26:28.590514303Z","event_type":"purchase","user_id":"integration-test-1769099181681","client_ip":"127.0.0.1","data":{"timestamp":"2026-01-16T12:01:00Z","session_id":"test-session-001","user_id":"1234","tracking_id":"integration-test-1769099181681","page_url":"https://example.com/checkout","product_id":"PROD-102","product_name":"Mouse","price":29.99,"quantity":2,"category":"Electronics","currency":"USD","order_id":"ORD-102","total":59.98,"step":4,"step_name":"payment"}}
2026-01-22T19:26:28.624+03:00  INFO 578402 --- [ntainer#3-2-C-1] K.service.KafkaConsumerService           : 🔍 eventType=purchase trackingId=integration-test-1769099181681
2026-01-22T19:26:28.624+03:00  INFO 578402 --- [ntainer#3-2-C-1] K.service.KafkaConsumerService           : ⏱ timestamp=2026-01-22T16:26:28
2026-01-22T19:26:28.624+03:00  INFO 578402 --- [ntainer#3-2-C-1] K.service.KafkaConsumerService           : 🧪 INSERT VALUES | price=29.99 quantity=2 total=59.98 step=4
2026-01-22T19:26:28.624+03:00  INFO 578402 --- [ntainer#3-2-C-1] com.clickhouse.jdbc.ClickHouseDriver     : v2 driver
2026-01-22T19:26:28.624+03:00  INFO 578402 --- [ntainer#3-2-C-1] com.clickhouse.client.api.Client         : Using server timezone: UTC
2026-01-22T19:26:28.624+03:00  INFO 578402 --- [ntainer#3-2-C-1] com.clickhouse.client.api.Client         : Connection reuse strategy: FIFO
2026-01-22T19:26:28.625+03:00  INFO 578402 --- [ntainer#3-2-C-1] com.clickhouse.client.api.Client         : client compression: false, server compression: true, http compression: false
2026-01-22T19:26:28.629+03:00  INFO 578402 --- [ntainer#3-2-C-1] com.clickhouse.jdbc.StatementImpl        : Statement schema default
2026-01-22T19:26:28.642+03:00  INFO 578402 --- [ntainer#3-2-C-1] K.service.KafkaConsumerService           : ✅ INSERT SUCCESS | trackingId=integration-test-1769099181681 offset=1
2026-01-22T19:26:28.642+03:00  INFO 578402 --- [ntainer#3-2-C-1] K.service.KafkaConsumerService           : 🟢 KAFKA CONSUMER START | topic=purchase partition=2 offset=2 key=null
2026-01-22T19:26:28.642+03:00  INFO 578402 --- [ntainer#3-2-C-1] K.service.KafkaConsumerService           : 📦 RAW MESSAGE: {"timestamp":"2026-01-22T16:26:28.590759537Z","event_type":"purchase","user_id":"integration-test-1769099181681","client_ip":"127.0.0.1","data":{"timestamp":"2026-01-16T12:02:00Z","session_id":"test-session-001","user_id":"1234","tracking_id":"integration-test-1769099181681","page_url":"https://example.com/checkout","product_id":"PROD-103","product_name":"Headphones","price":89.99,"quantity":1,"category":"Electronics","currency":"USD","order_id":"ORD-103","total":89.99,"step":4,"step_name":"payment"}}
2026-01-22T19:26:28.642+03:00  INFO 578402 --- [ntainer#3-2-C-1] K.service.KafkaConsumerService           : 🔍 eventType=purchase trackingId=integration-test-1769099181681
2026-01-22T19:26:28.642+03:00  INFO 578402 --- [ntainer#3-2-C-1] K.service.KafkaConsumerService           : ⏱ timestamp=2026-01-22T16:26:28
2026-01-22T19:26:28.642+03:00  INFO 578402 --- [ntainer#3-2-C-1] K.service.KafkaConsumerService           : 🧪 INSERT VALUES | price=89.99 quantity=1 total=89.99 step=4
2026-01-22T19:26:28.643+03:00  INFO 578402 --- [ntainer#3-2-C-1] com.clickhouse.jdbc.ClickHouseDriver     : v2 driver
2026-01-22T19:26:28.643+03:00  INFO 578402 --- [ntainer#3-2-C-1] com.clickhouse.client.api.Client         : Using server timezone: UTC
2026-01-22T19:26:28.643+03:00  INFO 578402 --- [ntainer#3-2-C-1] com.clickhouse.client.api.Client         : Connection reuse strategy: FIFO
2026-01-22T19:26:28.643+03:00  INFO 578402 --- [ntainer#3-2-C-1] com.clickhouse.client.api.Client         : client compression: false, server compression: true, http compression: false
2026-01-22T19:26:28.646+03:00  INFO 578402 --- [ntainer#3-2-C-1] com.clickhouse.jdbc.StatementImpl        : Statement schema default
2026-01-22T19:26:28.659+03:00  INFO 578402 --- [ntainer#3-2-C-1] K.service.KafkaConsumerService           : ✅ INSERT SUCCESS | trackingId=integration-test-1769099181681 offset=2
2026-01-22T19:26:28.694+03:00  INFO 578402 --- [aitility-thread] com.clickhouse.jdbc.ClickHouseDriver     : v2 driver
2026-01-22T19:26:28.694+03:00  INFO 578402 --- [aitility-thread] com.clickhouse.client.api.Client         : Using server timezone: UTC
2026-01-22T19:26:28.695+03:00  INFO 578402 --- [aitility-thread] com.clickhouse.client.api.Client         : Connection reuse strategy: FIFO
2026-01-22T19:26:28.695+03:00  INFO 578402 --- [aitility-thread] com.clickhouse.client.api.Client         : client compression: false, server compression: true, http compression: false
2026-01-22T19:26:28.702+03:00  INFO 578402 --- [aitility-thread] com.clickhouse.jdbc.StatementImpl        : Statement schema default
2026-01-22T19:26:28.708+03:00  INFO 578402 --- [           main] com.clickhouse.jdbc.ClickHouseDriver     : v2 driver
2026-01-22T19:26:28.708+03:00  INFO 578402 --- [           main] com.clickhouse.client.api.Client         : Using server timezone: UTC
2026-01-22T19:26:28.709+03:00  INFO 578402 --- [           main] com.clickhouse.client.api.Client         : Connection reuse strategy: FIFO
2026-01-22T19:26:28.710+03:00  INFO 578402 --- [           main] com.clickhouse.client.api.Client         : client compression: false, server compression: true, http compression: false
2026-01-22T19:26:28.718+03:00  INFO 578402 --- [           main] com.clickhouse.jdbc.StatementImpl        : Statement schema default
2026-01-22T19:26:28.728+03:00  INFO 578402 --- [           main] com.clickhouse.jdbc.ClickHouseDriver     : v2 driver
2026-01-22T19:26:28.729+03:00  INFO 578402 --- [           main] com.clickhouse.client.api.Client         : Using server timezone: UTC
2026-01-22T19:26:28.729+03:00  INFO 578402 --- [           main] com.clickhouse.client.api.Client         : Connection reuse strategy: FIFO
2026-01-22T19:26:28.730+03:00  INFO 578402 --- [           main] com.clickhouse.client.api.Client         : client compression: false, server compression: true, http compression: false
2026-01-22T19:26:28.736+03:00  INFO 578402 --- [           main] com.clickhouse.jdbc.StatementImpl        : Statement schema default
   📊 Events for this test (tracking_id=integration-test-1769099181681): 3
   📊 Total events in ecommerce_events table: 3

   📋 Recent records in table:
2026-01-22T19:26:28.742+03:00  INFO 578402 --- [           main] com.clickhouse.jdbc.ClickHouseDriver     : v2 driver
2026-01-22T19:26:28.742+03:00  INFO 578402 --- [           main] com.clickhouse.client.api.Client         : Using server timezone: UTC
2026-01-22T19:26:28.743+03:00  INFO 578402 --- [           main] com.clickhouse.client.api.Client         : Connection reuse strategy: FIFO
2026-01-22T19:26:28.743+03:00  INFO 578402 --- [           main] com.clickhouse.client.api.Client         : client compression: false, server compression: true, http compression: false
2026-01-22T19:26:28.749+03:00  INFO 578402 --- [           main] com.clickhouse.jdbc.StatementImpl        : Statement schema default
      {event_type=purchase, tracking_id=integration-test-1769099181681, product_id=PROD-103, session_id=test-session-001}
      {event_type=purchase, tracking_id=integration-test-1769099181681, product_id=PROD-102, session_id=test-session-001}
      {event_type=purchase, tracking_id=integration-test-1769099181681, product_id=PROD-101, session_id=test-session-001}

✅ Test passed!
========================================

]]></system-out>
  </testcase>
  <testcase name="testDataIntegrityAcrossTables" classname="Kafka_Project.RealIntegrationTest" time="0.047">
    <system-out><![CDATA[
--- Test 6: Data Integrity Across All Tables ---
2026-01-22T19:26:28.766+03:00  INFO 578402 --- [           main] com.clickhouse.jdbc.ClickHouseDriver     : v2 driver
2026-01-22T19:26:28.766+03:00  INFO 578402 --- [           main] com.clickhouse.client.api.Client         : Using server timezone: UTC
2026-01-22T19:26:28.766+03:00  INFO 578402 --- [           main] com.clickhouse.client.api.Client         : Connection reuse strategy: FIFO
2026-01-22T19:26:28.767+03:00  INFO 578402 --- [           main] com.clickhouse.client.api.Client         : client compression: false, server compression: true, http compression: false
2026-01-22T19:26:28.772+03:00  INFO 578402 --- [           main] com.clickhouse.jdbc.StatementImpl        : Statement schema default
2026-01-22T19:26:28.778+03:00  INFO 578402 --- [           main] com.clickhouse.jdbc.ClickHouseDriver     : v2 driver
2026-01-22T19:26:28.778+03:00  INFO 578402 --- [           main] com.clickhouse.client.api.Client         : Using server timezone: UTC
2026-01-22T19:26:28.778+03:00  INFO 578402 --- [           main] com.clickhouse.client.api.Client         : Connection reuse strategy: FIFO
2026-01-22T19:26:28.779+03:00  INFO 578402 --- [           main] com.clickhouse.client.api.Client         : client compression: false, server compression: true, http compression: false
2026-01-22T19:26:28.784+03:00  INFO 578402 --- [           main] com.clickhouse.jdbc.StatementImpl        : Statement schema default
2026-01-22T19:26:28.789+03:00  INFO 578402 --- [           main] com.clickhouse.jdbc.ClickHouseDriver     : v2 driver
2026-01-22T19:26:28.789+03:00  INFO 578402 --- [           main] com.clickhouse.client.api.Client         : Using server timezone: UTC
2026-01-22T19:26:28.789+03:00  INFO 578402 --- [           main] com.clickhouse.client.api.Client         : Connection reuse strategy: FIFO
2026-01-22T19:26:28.790+03:00  INFO 578402 --- [           main] com.clickhouse.client.api.Client         : client compression: false, server compression: true, http compression: false
2026-01-22T19:26:28.793+03:00  INFO 578402 --- [           main] com.clickhouse.jdbc.StatementImpl        : Statement schema default
2026-01-22T19:26:28.799+03:00  INFO 578402 --- [           main] com.clickhouse.jdbc.ClickHouseDriver     : v2 driver
2026-01-22T19:26:28.799+03:00  INFO 578402 --- [           main] com.clickhouse.client.api.Client         : Using server timezone: UTC
2026-01-22T19:26:28.800+03:00  INFO 578402 --- [           main] com.clickhouse.client.api.Client         : Connection reuse strategy: FIFO
2026-01-22T19:26:28.800+03:00  INFO 578402 --- [           main] com.clickhouse.client.api.Client         : client compression: false, server compression: true, http compression: false
2026-01-22T19:26:28.803+03:00  INFO 578402 --- [           main] com.clickhouse.jdbc.StatementImpl        : Statement schema default
📊 Event Distribution:
   - Page Events: 1
   - Interaction Events: 3
   - Form Events: 2
   - E-commerce Events: 3
   - Total: 9
]]></system-out>
  </testcase>
</testsuite>