<?xml version="1.0" encoding="UTF-8"?>
<testsuite xmlns:xsi="http://www.w3.org/2001/XMLSchema-instance" xsi:noNamespaceSchemaLocation="https://maven.apache.org/surefire/maven-surefire-plugin/xsd/surefire-test-report.xsd" version="3.0.2" name="Kafka_Project.RealIntegrationTest" time="42.917" tests="6" errors="0" skipped="0" failures="0">
  <properties>
[...]
</properties>
  <testcase name="testHealthEndpoint" classname="Kafka_Project.RealIntegrationTest" time="3.122">
    <system-out><![CDATA[2025-12-07T23:37:14.015+03:00  INFO 111780 --- [           main] t.c.s.AnnotationConfigContextLoaderUtils : Could not detect default configuration classes for test class [Kafka_Project.RealIntegrationTest]: RealIntegrationTest does not declare any static, non-private, non-final, nested classes annotated with @Configuration.
2025-12-07T23:37:14.017+03:00  INFO 111780 --- [           main] .b.t.c.SpringBootTestContextBootstrapper : Found @SpringBootConfiguration Kafka_Project.KafkaProjectApplication for test class Kafka_Project.RealIntegrationTest

  .   ____          _            __ _ _
 /\\ / ___'_ __ _ _(_)_ __  __ _ \ \ \ \
( ( )\___ | '_ | '_| | '_ \/ _` | \ \ \ \
 \\/  ___)| |_)| | | | | || (_| |  ) ) ) )
  '  |____| .__|_| |_|_| |_\__, | / / / /
 =========|_|==============|___/=/_/_/_/

 :: Spring Boot ::                (v3.5.8)

2025-12-07T23:37:14.098+03:00  WARN 111780 --- [           main] ory$DuplicateJsonObjectContextCustomizer : 

Found multiple occurrences of org.json.JSONObject on the class path:

	jar:file:/home/salah/.m2/repository/com/vaadin/external/google/android-json/0.0.20131108.vaadin1/android-json-0.0.20131108.vaadin1.jar!/org/json/JSONObject.class
	jar:file:/home/salah/.m2/repository/org/json/json/20250107/json-20250107.jar!/org/json/JSONObject.class

You may wish to exclude one of them to ensure predictable runtime behavior

2025-12-07T23:37:14.101+03:00  INFO 111780 --- [           main] Kafka_Project.RealIntegrationTest        : Starting RealIntegrationTest using Java 21.0.9 with PID 111780 (started by salah in /home/salah/Downloads/Real-Time-Distributed-Analytics-Dashboard-Project-main/backend/kafka-analytics-project/Kafka-Project)
2025-12-07T23:37:14.102+03:00  INFO 111780 --- [           main] Kafka_Project.RealIntegrationTest        : The following 1 profile is active: "test"
2025-12-07T23:37:14.551+03:00  INFO 111780 --- [           main] o.s.b.w.embedded.tomcat.TomcatWebServer  : Tomcat initialized with port 0 (http)
2025-12-07T23:37:14.553+03:00  INFO 111780 --- [           main] o.apache.catalina.core.StandardService   : Starting service [Tomcat]
2025-12-07T23:37:14.553+03:00  INFO 111780 --- [           main] o.apache.catalina.core.StandardEngine    : Starting Servlet engine: [Apache Tomcat/10.1.49]
2025-12-07T23:37:14.599+03:00  INFO 111780 --- [           main] o.a.c.c.C.[Tomcat-1].[localhost].[/]     : Initializing Spring embedded WebApplicationContext
2025-12-07T23:37:14.599+03:00  INFO 111780 --- [           main] w.s.c.ServletWebServerApplicationContext : Root WebApplicationContext: initialization completed in 494 ms
2025-12-07T23:37:14.981+03:00  INFO 111780 --- [           main] o.s.b.w.embedded.tomcat.TomcatWebServer  : Tomcat started on port 35167 (http) with context path '/'
2025-12-07T23:37:15.266+03:00  INFO 111780 --- [           main] Kafka_Project.RealIntegrationTest        : Started RealIntegrationTest in 1.243 seconds (process running for 36.001)
=================================================
Starting Real Integration Tests
Tracking ID: test-tracking-real-1765139834012
Session ID: test-session-real-1765139834012
User ID: test-user-real-1765139834012
=================================================

⚠️  IMPORTANT: If you get 429 errors, run: redis-cli FLUSHALL

2025-12-07T23:37:15.283+03:00  INFO 111780 --- [           main] com.clickhouse.jdbc.ClickHouseDriver     : v2 driver
2025-12-07T23:37:15.284+03:00  INFO 111780 --- [           main] com.clickhouse.client.api.Client         : Using server timezone: UTC
2025-12-07T23:37:15.286+03:00  INFO 111780 --- [           main] com.clickhouse.client.api.Client         : Connection reuse strategy: FIFO
2025-12-07T23:37:15.287+03:00  INFO 111780 --- [           main] com.clickhouse.client.api.Client         : client compression: false, server compression: true, http compression: false
2025-12-07T23:37:15.297+03:00  INFO 111780 --- [           main] com.clickhouse.jdbc.StatementImpl        : Statement schema default
✓ Test user created
⏳ Waiting 3 seconds to avoid rate limiting...

--- Test 1: Health Check ---
2025-12-07T23:37:18.396+03:00  INFO 111780 --- [o-auto-2-exec-1] o.a.c.c.C.[Tomcat-1].[localhost].[/]     : Initializing Spring DispatcherServlet 'dispatcherServlet'
2025-12-07T23:37:18.396+03:00  INFO 111780 --- [o-auto-2-exec-1] o.s.web.servlet.DispatcherServlet        : Initializing Servlet 'dispatcherServlet'
2025-12-07T23:37:18.397+03:00  INFO 111780 --- [o-auto-2-exec-1] o.s.web.servlet.DispatcherServlet        : Completed initialization in 1 ms
✓ Health check passed: {"timestamp":"2025-12-07T20:37:18.401273225Z","status":"healthy"}
]]></system-out>
  </testcase>
  <testcase name="testPageLoadEventToDatabase" classname="Kafka_Project.RealIntegrationTest" time="8.119">
    <system-out><![CDATA[⏳ Waiting 3 seconds to avoid rate limiting...

--- Test 2: Page Load Event ---
2025-12-07T23:37:21.528+03:00  INFO 111780 --- [o-auto-2-exec-2] Kafka_Project.ProducerController         : Processed 1 events, skipped 0 events for user: test-tracking-real-1765139834012
Response status: 200 OK
Response body: {"status":"success","processed":1,"skipped":0}
✓ Page load event sent to Kafka
⏳ Waiting for Kafka consumer to process data (5 seconds)...
2025-12-07T23:37:21.653+03:00  INFO 111780 --- [ad | producer-1] K.service.KafkaProducerService           : Message sent successfully to topic: page_load at offset: 5
2025-12-07T23:37:21.655+03:00  INFO 111780 --- [ntainer#0-0-C-1] com.clickhouse.jdbc.ClickHouseDriver     : v2 driver
2025-12-07T23:37:21.656+03:00  INFO 111780 --- [ntainer#0-0-C-1] com.clickhouse.client.api.Client         : Using server timezone: UTC
2025-12-07T23:37:21.657+03:00  INFO 111780 --- [ntainer#0-0-C-1] com.clickhouse.client.api.Client         : Connection reuse strategy: FIFO
2025-12-07T23:37:21.658+03:00  INFO 111780 --- [ntainer#0-0-C-1] com.clickhouse.client.api.Client         : client compression: false, server compression: true, http compression: false
2025-12-07T23:37:21.663+03:00  INFO 111780 --- [ntainer#0-0-C-1] com.clickhouse.jdbc.StatementImpl        : Statement schema default
2025-12-07T23:37:21.683+03:00  INFO 111780 --- [ntainer#0-0-C-1] K.service.KafkaConsumerService           : ✓ Inserted page event: page_load for tracking_id: test-tracking-real-1765139834012
2025-12-07T23:37:26.536+03:00  INFO 111780 --- [           main] com.clickhouse.jdbc.ClickHouseDriver     : v2 driver
2025-12-07T23:37:26.537+03:00  INFO 111780 --- [           main] com.clickhouse.client.api.Client         : Using server timezone: UTC
2025-12-07T23:37:26.539+03:00  INFO 111780 --- [           main] com.clickhouse.client.api.Client         : Connection reuse strategy: FIFO
2025-12-07T23:37:26.540+03:00  INFO 111780 --- [           main] com.clickhouse.client.api.Client         : client compression: false, server compression: true, http compression: false
2025-12-07T23:37:26.545+03:00  INFO 111780 --- [           main] com.clickhouse.jdbc.StatementImpl        : Statement schema default
✓ Page load event found in database: 1 records
]]></system-out>
  </testcase>
  <testcase name="testClickEventsToDatabase" classname="Kafka_Project.RealIntegrationTest" time="8.04">
    <system-out><![CDATA[⏳ Waiting 3 seconds to avoid rate limiting...

--- Test 3: Click Events ---
2025-12-07T23:37:29.576+03:00  INFO 111780 --- [o-auto-2-exec-3] Kafka_Project.ProducerController         : Processed 3 events, skipped 0 events for user: test-tracking-real-1765139834012
Response: {"status":"success","processed":3,"skipped":0}
✓ Click events sent to Kafka
⏳ Waiting for Kafka consumer to process data (5 seconds)...
2025-12-07T23:37:29.612+03:00  INFO 111780 --- [ad | producer-1] K.service.KafkaProducerService           : Message sent successfully to topic: mouse_click at offset: 1
2025-12-07T23:37:29.612+03:00  INFO 111780 --- [ntainer#2-0-C-1] com.clickhouse.jdbc.ClickHouseDriver     : v2 driver
2025-12-07T23:37:29.612+03:00  INFO 111780 --- [ad | producer-1] K.service.KafkaProducerService           : Message sent successfully to topic: button_click at offset: 0
2025-12-07T23:37:29.612+03:00  INFO 111780 --- [ad | producer-1] K.service.KafkaProducerService           : Message sent successfully to topic: link_click at offset: 1
2025-12-07T23:37:29.612+03:00  INFO 111780 --- [ntainer#2-0-C-1] com.clickhouse.client.api.Client         : Using server timezone: UTC
2025-12-07T23:37:29.613+03:00  INFO 111780 --- [ntainer#2-1-C-1] com.clickhouse.jdbc.ClickHouseDriver     : v2 driver
2025-12-07T23:37:29.613+03:00  INFO 111780 --- [ntainer#2-1-C-1] com.clickhouse.client.api.Client         : Using server timezone: UTC
2025-12-07T23:37:29.613+03:00  INFO 111780 --- [ntainer#2-0-C-1] com.clickhouse.jdbc.ClickHouseDriver     : v2 driver
2025-12-07T23:37:29.613+03:00  INFO 111780 --- [ntainer#2-0-C-1] com.clickhouse.client.api.Client         : Connection reuse strategy: FIFO
2025-12-07T23:37:29.614+03:00  INFO 111780 --- [ntainer#2-0-C-1] com.clickhouse.client.api.Client         : Using server timezone: UTC
2025-12-07T23:37:29.614+03:00  INFO 111780 --- [ntainer#2-0-C-1] com.clickhouse.client.api.Client         : Connection reuse strategy: FIFO
2025-12-07T23:37:29.614+03:00  INFO 111780 --- [ntainer#2-0-C-1] com.clickhouse.client.api.Client         : client compression: false, server compression: true, http compression: false
2025-12-07T23:37:29.615+03:00  INFO 111780 --- [ntainer#2-1-C-1] com.clickhouse.client.api.Client         : Connection reuse strategy: FIFO
2025-12-07T23:37:29.615+03:00  INFO 111780 --- [ntainer#2-1-C-1] com.clickhouse.client.api.Client         : client compression: false, server compression: true, http compression: false
2025-12-07T23:37:29.616+03:00  INFO 111780 --- [ntainer#2-0-C-1] com.clickhouse.client.api.Client         : client compression: false, server compression: true, http compression: false
2025-12-07T23:37:29.620+03:00  INFO 111780 --- [ntainer#2-0-C-1] com.clickhouse.jdbc.StatementImpl        : Statement schema default
2025-12-07T23:37:29.621+03:00  INFO 111780 --- [ntainer#2-0-C-1] com.clickhouse.jdbc.StatementImpl        : Statement schema default
2025-12-07T23:37:29.621+03:00  INFO 111780 --- [ntainer#2-1-C-1] com.clickhouse.jdbc.StatementImpl        : Statement schema default
2025-12-07T23:37:29.632+03:00  INFO 111780 --- [ntainer#2-1-C-1] K.service.KafkaConsumerService           : ✓ Inserted interaction event: mouse_click for tracking_id: test-tracking-real-1765139834012
2025-12-07T23:37:29.632+03:00  INFO 111780 --- [ntainer#2-0-C-1] K.service.KafkaConsumerService           : ✓ Inserted interaction event: button_click for tracking_id: test-tracking-real-1765139834012
2025-12-07T23:37:29.633+03:00  INFO 111780 --- [ntainer#2-0-C-1] K.service.KafkaConsumerService           : ✓ Inserted interaction event: link_click for tracking_id: test-tracking-real-1765139834012
2025-12-07T23:37:34.579+03:00  INFO 111780 --- [           main] com.clickhouse.jdbc.ClickHouseDriver     : v2 driver
2025-12-07T23:37:34.579+03:00  INFO 111780 --- [           main] com.clickhouse.client.api.Client         : Using server timezone: UTC
2025-12-07T23:37:34.580+03:00  INFO 111780 --- [           main] com.clickhouse.client.api.Client         : Connection reuse strategy: FIFO
2025-12-07T23:37:34.581+03:00  INFO 111780 --- [           main] com.clickhouse.client.api.Client         : client compression: false, server compression: true, http compression: false
2025-12-07T23:37:34.586+03:00  INFO 111780 --- [           main] com.clickhouse.jdbc.StatementImpl        : Statement schema default
✓ Click events found in database: 3 records
]]></system-out>
  </testcase>
  <testcase name="testFormEventsToDatabase" classname="Kafka_Project.RealIntegrationTest" time="8.037">
    <system-out><![CDATA[⏳ Waiting 3 seconds to avoid rate limiting...

--- Test 4: Form Events ---
2025-12-07T23:37:37.609+03:00  INFO 111780 --- [o-auto-2-exec-4] Kafka_Project.ProducerController         : Processed 2 events, skipped 0 events for user: test-tracking-real-1765139834012
✓ Form events sent to Kafka
⏳ Waiting for Kafka consumer to process data (5 seconds)...
2025-12-07T23:37:37.674+03:00  INFO 111780 --- [ntainer#1-1-C-1] com.clickhouse.jdbc.ClickHouseDriver     : v2 driver
2025-12-07T23:37:37.674+03:00  INFO 111780 --- [ntainer#1-2-C-1] com.clickhouse.jdbc.ClickHouseDriver     : v2 driver
2025-12-07T23:37:37.675+03:00  INFO 111780 --- [ntainer#1-1-C-1] com.clickhouse.client.api.Client         : Using server timezone: UTC
2025-12-07T23:37:37.676+03:00  INFO 111780 --- [ntainer#1-1-C-1] com.clickhouse.client.api.Client         : Connection reuse strategy: FIFO
2025-12-07T23:37:37.676+03:00  INFO 111780 --- [ntainer#1-2-C-1] com.clickhouse.client.api.Client         : Using server timezone: UTC
2025-12-07T23:37:37.677+03:00  INFO 111780 --- [ad | producer-1] K.service.KafkaProducerService           : Message sent successfully to topic: form_focus at offset: 0
2025-12-07T23:37:37.678+03:00  INFO 111780 --- [ad | producer-1] K.service.KafkaProducerService           : Message sent successfully to topic: form_submit at offset: 3
2025-12-07T23:37:37.678+03:00  INFO 111780 --- [ntainer#1-2-C-1] com.clickhouse.client.api.Client         : Connection reuse strategy: FIFO
2025-12-07T23:37:37.678+03:00  INFO 111780 --- [ntainer#1-1-C-1] com.clickhouse.client.api.Client         : client compression: false, server compression: true, http compression: false
2025-12-07T23:37:37.679+03:00  INFO 111780 --- [ntainer#1-2-C-1] com.clickhouse.client.api.Client         : client compression: false, server compression: true, http compression: false
2025-12-07T23:37:37.686+03:00  INFO 111780 --- [ntainer#1-1-C-1] com.clickhouse.jdbc.StatementImpl        : Statement schema default
2025-12-07T23:37:37.688+03:00  INFO 111780 --- [ntainer#1-2-C-1] com.clickhouse.jdbc.StatementImpl        : Statement schema default
2025-12-07T23:37:37.695+03:00  INFO 111780 --- [ntainer#1-1-C-1] K.service.KafkaConsumerService           : ✓ Inserted form event: form_submit for tracking_id: test-tracking-real-1765139834012
2025-12-07T23:37:37.698+03:00  INFO 111780 --- [ntainer#1-2-C-1] K.service.KafkaConsumerService           : ✓ Inserted form event: form_focus for tracking_id: test-tracking-real-1765139834012
2025-12-07T23:37:42.611+03:00  INFO 111780 --- [           main] com.clickhouse.jdbc.ClickHouseDriver     : v2 driver
2025-12-07T23:37:42.612+03:00  INFO 111780 --- [           main] com.clickhouse.client.api.Client         : Using server timezone: UTC
2025-12-07T23:37:42.614+03:00  INFO 111780 --- [           main] com.clickhouse.client.api.Client         : Connection reuse strategy: FIFO
2025-12-07T23:37:42.615+03:00  INFO 111780 --- [           main] com.clickhouse.client.api.Client         : client compression: false, server compression: true, http compression: false
2025-12-07T23:37:42.622+03:00  INFO 111780 --- [           main] com.clickhouse.jdbc.StatementImpl        : Statement schema default
✓ Form events found in database: 2 records
]]></system-out>
  </testcase>
  <testcase name="testEcommerceEventsToDatabase" classname="Kafka_Project.RealIntegrationTest" time="8.075">
    <system-out><![CDATA[⏳ Waiting 3 seconds to avoid rate limiting...

--- Test 5: E-commerce Events ---
2025-12-07T23:37:45.670+03:00  INFO 111780 --- [o-auto-2-exec-5] Kafka_Project.ProducerController         : Processed 3 events, skipped 0 events for user: test-tracking-real-1765139834012
✓ E-commerce events sent to Kafka
⏳ Waiting for Kafka consumer to process data (5 seconds)...
2025-12-07T23:37:45.705+03:00  INFO 111780 --- [ad | producer-1] K.service.KafkaProducerService           : Message sent successfully to topic: cart_add at offset: 2
2025-12-07T23:37:45.706+03:00  INFO 111780 --- [ntainer#3-2-C-1] com.clickhouse.jdbc.ClickHouseDriver     : v2 driver
2025-12-07T23:37:45.706+03:00  INFO 111780 --- [ntainer#3-2-C-1] com.clickhouse.client.api.Client         : Using server timezone: UTC
2025-12-07T23:37:45.707+03:00  INFO 111780 --- [ad | producer-1] K.service.KafkaProducerService           : Message sent successfully to topic: purchase at offset: 1
2025-12-07T23:37:45.707+03:00  INFO 111780 --- [ntainer#3-2-C-1] com.clickhouse.client.api.Client         : Connection reuse strategy: FIFO
2025-12-07T23:37:45.707+03:00  INFO 111780 --- [ad | producer-1] K.service.KafkaProducerService           : Message sent successfully to topic: product_view at offset: 1
2025-12-07T23:37:45.708+03:00  INFO 111780 --- [ntainer#3-0-C-1] com.clickhouse.jdbc.ClickHouseDriver     : v2 driver
2025-12-07T23:37:45.708+03:00  INFO 111780 --- [ntainer#3-2-C-1] com.clickhouse.client.api.Client         : client compression: false, server compression: true, http compression: false
2025-12-07T23:37:45.708+03:00  INFO 111780 --- [ntainer#3-0-C-1] com.clickhouse.client.api.Client         : Using server timezone: UTC
2025-12-07T23:37:45.708+03:00  INFO 111780 --- [ntainer#3-0-C-1] com.clickhouse.client.api.Client         : Connection reuse strategy: FIFO
2025-12-07T23:37:45.709+03:00  INFO 111780 --- [ntainer#3-0-C-1] com.clickhouse.client.api.Client         : client compression: false, server compression: true, http compression: false
2025-12-07T23:37:45.719+03:00  INFO 111780 --- [ntainer#3-0-C-1] com.clickhouse.jdbc.StatementImpl        : Statement schema default
2025-12-07T23:37:45.719+03:00  INFO 111780 --- [ntainer#3-2-C-1] com.clickhouse.jdbc.StatementImpl        : Statement schema default
2025-12-07T23:37:45.728+03:00  INFO 111780 --- [ntainer#3-0-C-1] K.service.KafkaConsumerService           : ✓ Inserted ecommerce event: product_view for tracking_id: test-tracking-real-1765139834012
2025-12-07T23:37:45.730+03:00  INFO 111780 --- [ntainer#3-2-C-1] K.service.KafkaConsumerService           : ✓ Inserted ecommerce event: cart_add for tracking_id: test-tracking-real-1765139834012
2025-12-07T23:37:45.733+03:00  INFO 111780 --- [ntainer#3-2-C-1] com.clickhouse.jdbc.ClickHouseDriver     : v2 driver
2025-12-07T23:37:45.734+03:00  INFO 111780 --- [ntainer#3-2-C-1] com.clickhouse.client.api.Client         : Using server timezone: UTC
2025-12-07T23:37:45.734+03:00  INFO 111780 --- [ntainer#3-2-C-1] com.clickhouse.client.api.Client         : Connection reuse strategy: FIFO
2025-12-07T23:37:45.735+03:00  INFO 111780 --- [ntainer#3-2-C-1] com.clickhouse.client.api.Client         : client compression: false, server compression: true, http compression: false
2025-12-07T23:37:45.741+03:00  INFO 111780 --- [ntainer#3-2-C-1] com.clickhouse.jdbc.StatementImpl        : Statement schema default
2025-12-07T23:37:45.758+03:00  INFO 111780 --- [ntainer#3-2-C-1] K.service.KafkaConsumerService           : ✓ Inserted ecommerce event: purchase for tracking_id: test-tracking-real-1765139834012
2025-12-07T23:37:50.674+03:00  INFO 111780 --- [           main] com.clickhouse.jdbc.ClickHouseDriver     : v2 driver
2025-12-07T23:37:50.675+03:00  INFO 111780 --- [           main] com.clickhouse.client.api.Client         : Using server timezone: UTC
2025-12-07T23:37:50.676+03:00  INFO 111780 --- [           main] com.clickhouse.client.api.Client         : Connection reuse strategy: FIFO
2025-12-07T23:37:50.677+03:00  INFO 111780 --- [           main] com.clickhouse.client.api.Client         : client compression: false, server compression: true, http compression: false
2025-12-07T23:37:50.682+03:00  INFO 111780 --- [           main] com.clickhouse.jdbc.StatementImpl        : Statement schema default
✓ E-commerce events found in database: 3 records
2025-12-07T23:37:50.690+03:00  INFO 111780 --- [           main] com.clickhouse.jdbc.ClickHouseDriver     : v2 driver
2025-12-07T23:37:50.691+03:00  INFO 111780 --- [           main] com.clickhouse.client.api.Client         : Using server timezone: UTC
2025-12-07T23:37:50.692+03:00  INFO 111780 --- [           main] com.clickhouse.client.api.Client         : Connection reuse strategy: FIFO
2025-12-07T23:37:50.693+03:00  INFO 111780 --- [           main] com.clickhouse.client.api.Client         : client compression: false, server compression: true, http compression: false
2025-12-07T23:37:50.702+03:00  INFO 111780 --- [           main] com.clickhouse.jdbc.StatementImpl        : Statement schema default
✓ Purchase event verified: 1 records
]]></system-out>
  </testcase>
  <testcase name="testDataIntegrityAcrossTables" classname="Kafka_Project.RealIntegrationTest" time="6.059">
    <system-out><![CDATA[⏳ Waiting 3 seconds to avoid rate limiting...

--- Test 6: Data Integrity Check ---

Data Distribution Across Tables:
─────────────────────────────────────
2025-12-07T23:37:56.714+03:00  INFO 111780 --- [           main] com.clickhouse.jdbc.ClickHouseDriver     : v2 driver
2025-12-07T23:37:56.714+03:00  INFO 111780 --- [           main] com.clickhouse.client.api.Client         : Using server timezone: UTC
2025-12-07T23:37:56.715+03:00  INFO 111780 --- [           main] com.clickhouse.client.api.Client         : Connection reuse strategy: FIFO
2025-12-07T23:37:56.716+03:00  INFO 111780 --- [           main] com.clickhouse.client.api.Client         : client compression: false, server compression: true, http compression: false
2025-12-07T23:37:56.723+03:00  INFO 111780 --- [           main] com.clickhouse.jdbc.StatementImpl        : Statement schema default
interaction_events       : 3 records
2025-12-07T23:37:56.729+03:00  INFO 111780 --- [           main] com.clickhouse.jdbc.ClickHouseDriver     : v2 driver
2025-12-07T23:37:56.730+03:00  INFO 111780 --- [           main] com.clickhouse.client.api.Client         : Using server timezone: UTC
2025-12-07T23:37:56.730+03:00  INFO 111780 --- [           main] com.clickhouse.client.api.Client         : Connection reuse strategy: FIFO
2025-12-07T23:37:56.731+03:00  INFO 111780 --- [           main] com.clickhouse.client.api.Client         : client compression: false, server compression: true, http compression: false
2025-12-07T23:37:56.737+03:00  INFO 111780 --- [           main] com.clickhouse.jdbc.StatementImpl        : Statement schema default
ecommerce_events         : 3 records
2025-12-07T23:37:56.745+03:00  INFO 111780 --- [           main] com.clickhouse.jdbc.ClickHouseDriver     : v2 driver
2025-12-07T23:37:56.745+03:00  INFO 111780 --- [           main] com.clickhouse.client.api.Client         : Using server timezone: UTC
2025-12-07T23:37:56.745+03:00  INFO 111780 --- [           main] com.clickhouse.client.api.Client         : Connection reuse strategy: FIFO
2025-12-07T23:37:56.746+03:00  INFO 111780 --- [           main] com.clickhouse.client.api.Client         : client compression: false, server compression: true, http compression: false
2025-12-07T23:37:56.750+03:00  INFO 111780 --- [           main] com.clickhouse.jdbc.StatementImpl        : Statement schema default
page_events              : 1 records
2025-12-07T23:37:56.756+03:00  INFO 111780 --- [           main] com.clickhouse.jdbc.ClickHouseDriver     : v2 driver
2025-12-07T23:37:56.757+03:00  INFO 111780 --- [           main] com.clickhouse.client.api.Client         : Using server timezone: UTC
2025-12-07T23:37:56.757+03:00  INFO 111780 --- [           main] com.clickhouse.client.api.Client         : Connection reuse strategy: FIFO
2025-12-07T23:37:56.758+03:00  INFO 111780 --- [           main] com.clickhouse.client.api.Client         : client compression: false, server compression: true, http compression: false
2025-12-07T23:37:56.762+03:00  INFO 111780 --- [           main] com.clickhouse.jdbc.StatementImpl        : Statement schema default
form_events              : 2 records
─────────────────────────────────────
TOTAL                    : 9 records
─────────────────────────────────────
✓ Data integrity check passed
]]></system-out>
  </testcase>
</testsuite>